2025-10-15 14:07:45.213 [INFO] [SHUTDOWN] [no-uuid-found] | Shutdown signal received
2025-10-15 14:07:45.215 [INFO] [SHUTDOWN] [no-uuid-found] | Starting graceful shutdown...
2025-10-15 14:07:45.716 [INFO] [SHUTDOWN] [no-uuid-found] | Shutdown complete. Total inserted: 14861, Failed: 0
2025-10-15 14:07:45.716 [INFO] [SHUTDOWN] [no-uuid-found] | Server exited gracefully
2025-10-15 14:08:07.203 [INFO] [STARTUP] [no-uuid-found] | Starting Solar Monitoring System...
2025-10-15 14:08:07.205 [INFO] [INIT] [no-uuid-found] | Data receiver initialized with MongoDB collection
2025-10-15 14:08:10.005 [INFO] [FLUSH] [PERIODIC] | Flushing 9 records to MongoDB...
2025-10-15 14:08:10.009 [DEBUG] [FAULT] [8731af41-8829-4c] | Received fault code 4 for device ESDL501
2025-10-15 14:08:10.019 [DEBUG] [FAULT] [df63ccd3-4fef-4b] | Received fault code 5 for device ESDL336
2025-10-15 14:08:10.020 [DEBUG] [FAULT] [e831f50c-640f-41] | Received fault code 3 for device ESDL26
2025-10-15 14:08:10.048 [DEBUG] [FAULT] [b16afa18-17a9-4a] | Received fault code 4 for device ESDL254
2025-10-15 14:08:10.054 [DEBUG] [FAULT] [4d62aa77-93b7-40] | Received fault code 5 for device ESDL381
2025-10-15 14:08:10.067 [DEBUG] [FAULT] [f9e49344-1343-4b] | Received fault code 5 for device ESDL442
2025-10-15 14:08:10.078 [INFO] [FLUSH] [PERIODIC] | Batch inserted successfully: 9 records
2025-10-15 14:08:10.090 [DEBUG] [FAULT] [9ff925dc-d14c-48] | Received fault code 1 for device ESDL50
2025-10-15 14:08:10.178 [INFO] [FLUSH] [8e729a50-c28a-4f] | Flushing 100 records to MongoDB...
2025-10-15 14:08:10.179 [DEBUG] [FAULT] [a44a1bfd-d107-4d] | Received fault code 3 for device ESDL340
2025-10-15 14:08:10.184 [DEBUG] [FAULT] [e72182f5-cadd-4f] | Received fault code 4 for device ESDL534
2025-10-15 14:08:10.211 [DEBUG] [FAULT] [431e74c5-442d-41] | Received fault code 1 for device ESDL370
2025-10-15 14:08:10.214 [DEBUG] [FAULT] [a05a7e22-6ef0-4c] | Received fault code 5 for device ESDL374
2025-10-15 14:08:10.294 [DEBUG] [FAULT] [48af6a83-4574-47] | Received fault code 1 for device ESDL466
2025-10-15 14:08:10.296 [INFO] [FLUSH] [8e729a50-c28a-4f] | Batch inserted successfully: 100 records
2025-10-15 14:08:10.297 [INFO] [FLUSH] [PERIODIC] | Flushing 70 records to MongoDB...
2025-10-15 14:08:10.334 [INFO] [FLUSH] [PERIODIC] | Batch inserted successfully: 70 records
2025-10-15 14:08:10.349 [DEBUG] [FAULT] [4d15f89a-20b3-49] | Received fault code 1 for device ESDL22
2025-10-15 14:08:10.354 [DEBUG] [FAULT] [c1e3cf88-17f1-49] | Received fault code 5 for device ESDL446
2025-10-15 14:08:10.358 [DEBUG] [FAULT] [c2c13b02-eb90-48] | Received fault code 2 for device ESDL170
2025-10-15 14:08:10.383 [DEBUG] [FAULT] [1ce14464-4e78-45] | Received fault code 1 for device ESDL433
2025-10-15 14:08:10.397 [DEBUG] [FAULT] [8f2eff3a-c6df-44] | Received fault code 4 for device ESDL142
2025-10-15 14:08:10.399 [DEBUG] [FAULT] [0c39458c-aa6a-45] | Received fault code 5 for device ESDL33
2025-10-15 14:08:10.406 [INFO] [FLUSH] [PERIODIC] | Flushing 66 records to MongoDB...
2025-10-15 14:08:10.422 [DEBUG] [FAULT] [b4f81acc-94b9-4f] | Received fault code 1 for device ESDL11
2025-10-15 14:08:10.442 [INFO] [FLUSH] [PERIODIC] | Batch inserted successfully: 66 records
2025-10-15 14:08:10.452 [DEBUG] [FAULT] [e0bbdbe9-1d6f-4d] | Received fault code 4 for device ESDL365
2025-10-15 14:08:10.467 [DEBUG] [FAULT] [b7a2df91-cb9e-4c] | Received fault code 4 for device ESDL209
2025-10-15 14:08:10.494 [DEBUG] [FAULT] [5c99d0dd-572c-49] | Received fault code 5 for device ESDL153
2025-10-15 14:08:10.531 [DEBUG] [FAULT] [d3d07b5d-e26a-4e] | Received fault code 5 for device ESDL491
2025-10-15 14:08:10.539 [DEBUG] [FAULT] [8b84a357-8e4c-4d] | Received fault code 5 for device ESDL353
2025-10-15 14:08:10.542 [DEBUG] [FAULT] [086fd5c9-2b9a-4e] | Received fault code 1 for device ESDL326
2025-10-15 14:08:10.554 [DEBUG] [FAULT] [21bf2ffe-b4c3-42] | Received fault code 4 for device ESDL53
2025-10-15 14:08:10.573 [INFO] [FLUSH] [3955521d-ddb7-4b] | Flushing 100 records to MongoDB...
2025-10-15 14:08:10.574 [DEBUG] [FAULT] [83705bea-578a-4b] | Received fault code 1 for device ESDL230
2025-10-15 14:08:10.583 [DEBUG] [FAULT] [8fb45f66-2b97-4f] | Received fault code 2 for device ESDL523
2025-10-15 14:08:10.587 [DEBUG] [FAULT] [1ae9129d-5876-4e] | Received fault code 4 for device ESDL106
2025-10-15 14:08:10.604 [DEBUG] [FAULT] [a35c1f79-fad8-45] | Received fault code 3 for device ESDL435
2025-10-15 14:08:10.609 [DEBUG] [FAULT] [cc6c3d6e-0134-4a] | Received fault code 2 for device ESDL331
2025-10-15 14:08:10.610 [DEBUG] [FAULT] [e7425c0a-0f05-4c] | Received fault code 3 for device ESDL15
2025-10-15 14:08:10.639 [DEBUG] [FAULT] [88b018b7-fc8b-46] | Received fault code 2 for device ESDL46
2025-10-15 14:08:10.641 [DEBUG] [FAULT] [6535e2c2-c8a5-4a] | Received fault code 4 for device ESDL73
2025-10-15 14:08:10.645 [DEBUG] [FAULT] [69b51b2d-234c-4a] | Received fault code 2 for device ESDL35
2025-10-15 14:08:10.648 [INFO] [FLUSH] [3955521d-ddb7-4b] | Batch inserted successfully: 100 records
2025-10-15 14:08:10.648 [INFO] [FLUSH] [PERIODIC] | Flushing 45 records to MongoDB...
2025-10-15 14:08:10.661 [DEBUG] [FAULT] [2cb99eea-c818-4c] | Received fault code 5 for device ESDL440
2025-10-15 14:08:10.662 [INFO] [FLUSH] [PERIODIC] | Batch inserted successfully: 45 records
2025-10-15 14:08:10.666 [DEBUG] [FAULT] [08172939-1076-4d] | Received fault code 4 for device ESDL130
2025-10-15 14:08:10.677 [DEBUG] [FAULT] [5f5aab72-139e-43] | Received fault code 3 for device ESDL48
2025-10-15 14:08:10.710 [DEBUG] [FAULT] [70ef1665-d15d-4e] | Received fault code 4 for device ESDL378
2025-10-15 14:08:10.732 [DEBUG] [FAULT] [cbb00c8b-2536-4d] | Received fault code 2 for device ESDL358
2025-10-15 14:08:10.744 [DEBUG] [FAULT] [fd60c6c0-aa9e-45] | Received fault code 3 for device ESDL391
2025-10-15 14:08:10.752 [DEBUG] [FAULT] [a227e881-7500-46] | Received fault code 3 for device ESDL465
2025-10-15 14:08:10.767 [DEBUG] [FAULT] [069b7c9b-e7e9-43] | Received fault code 3 for device ESDL571
2025-10-15 14:08:10.805 [DEBUG] [FAULT] [5941ea85-f39c-43] | Received fault code 1 for device ESDL17
2025-10-15 14:08:10.806 [INFO] [FLUSH] [PERIODIC] | Flushing 94 records to MongoDB...
2025-10-15 14:08:10.829 [DEBUG] [FAULT] [ec112a67-51f2-47] | Received fault code 2 for device ESDL201
2025-10-15 14:08:10.831 [DEBUG] [FAULT] [2ddabf98-4778-49] | Received fault code 1 for device ESDL140
2025-10-15 14:08:10.871 [DEBUG] [FAULT] [011124f4-5faf-4c] | Received fault code 3 for device ESDL492
2025-10-15 14:08:10.873 [DEBUG] [FAULT] [1441b307-8522-40] | Received fault code 1 for device ESDL504
2025-10-15 14:08:10.883 [INFO] [FLUSH] [PERIODIC] | Batch inserted successfully: 94 records
2025-10-15 14:08:10.906 [DEBUG] [FAULT] [757cc25d-c0ed-41] | Received fault code 3 for device ESDL196
2025-10-15 14:08:10.921 [DEBUG] [FAULT] [132ee6d6-bd19-4c] | Received fault code 2 for device ESDL109
2025-10-15 14:08:10.930 [DEBUG] [FAULT] [ed3ca028-e057-43] | Received fault code 3 for device ESDL37
2025-10-15 14:08:10.932 [DEBUG] [FAULT] [14eea32f-006b-4a] | Received fault code 4 for device ESDL247
2025-10-15 14:08:10.942 [DEBUG] [FAULT] [d6239cdd-d600-44] | Received fault code 2 for device ESDL533
2025-10-15 14:08:10.956 [DEBUG] [FAULT] [7debb867-6dff-4a] | Received fault code 5 for device ESDL313
2025-10-15 14:08:10.957 [DEBUG] [FAULT] [e03c68af-d92f-41] | Received fault code 3 for device ESDL522
2025-10-15 14:08:10.967 [DEBUG] [FAULT] [20446e5f-f6bc-4d] | Received fault code 3 for device ESDL368
2025-10-15 14:08:10.971 [INFO] [FLUSH] [ffdf65a0-02a2-4a] | Flushing 100 records to MongoDB...
2025-10-15 14:08:10.987 [DEBUG] [FAULT] [8f08c88b-5c9d-47] | Received fault code 3 for device ESDL201
2025-10-15 14:08:11.010 [INFO] [FLUSH] [ffdf65a0-02a2-4a] | Batch inserted successfully: 100 records
2025-10-15 14:08:11.011 [INFO] [FLUSH] [PERIODIC] | Flushing 24 records to MongoDB...
2025-10-15 14:08:11.022 [INFO] [FLUSH] [PERIODIC] | Batch inserted successfully: 24 records
2025-10-15 14:08:11.037 [DEBUG] [FAULT] [04daf4ed-e719-47] | Received fault code 2 for device ESDL305
2025-10-15 14:08:11.039 [DEBUG] [FAULT] [4994d5db-855a-4d] | Received fault code 2 for device ESDL433
2025-10-15 14:08:11.041 [DEBUG] [FAULT] [9654d9d9-012b-48] | Received fault code 1 for device ESDL489
2025-10-15 14:08:11.068 [DEBUG] [FAULT] [2b5001ad-cc9c-4c] | Received fault code 2 for device ESDL573
2025-10-15 14:08:11.080 [DEBUG] [FAULT] [d6901628-e75d-42] | Received fault code 4 for device ESDL219
2025-10-15 14:08:11.089 [DEBUG] [FAULT] [a50d7a5a-29b2-4a] | Received fault code 3 for device ESDL16
2025-10-15 14:08:11.110 [DEBUG] [FAULT] [43041064-0459-43] | Received fault code 5 for device ESDL51
2025-10-15 14:08:11.114 [DEBUG] [FAULT] [85a0d124-bfa7-46] | Received fault code 3 for device ESDL216
2025-10-15 14:08:11.147 [DEBUG] [FAULT] [e8659874-6386-47] | Received fault code 4 for device ESDL16
2025-10-15 14:08:11.150 [DEBUG] [FAULT] [efd30924-4c73-47] | Received fault code 1 for device ESDL106
2025-10-15 14:08:11.157 [DEBUG] [FAULT] [66f34007-e969-49] | Received fault code 3 for device ESDL144
2025-10-15 14:08:11.169 [DEBUG] [FAULT] [1203528f-d4ab-46] | Received fault code 1 for device ESDL438
2025-10-15 14:08:11.173 [DEBUG] [FAULT] [dfa0771d-2b31-4a] | Received fault code 3 for device ESDL566
2025-10-15 14:08:11.177 [INFO] [FLUSH] [52d78f81-3dd7-46] | Flushing 100 records to MongoDB...
2025-10-15 14:08:11.187 [DEBUG] [FAULT] [53e1ece9-7761-48] | Received fault code 2 for device ESDL202
2025-10-15 14:08:11.206 [INFO] [FLUSH] [52d78f81-3dd7-46] | Batch inserted successfully: 100 records
2025-10-15 14:08:11.207 [INFO] [FLUSH] [PERIODIC] | Flushing 17 records to MongoDB...
2025-10-15 14:08:11.215 [INFO] [FLUSH] [PERIODIC] | Batch inserted successfully: 17 records
2025-10-15 14:08:11.231 [DEBUG] [FAULT] [d213801e-40b1-4e] | Received fault code 5 for device ESDL250
2025-10-15 14:08:11.255 [DEBUG] [FAULT] [c2194b18-51c2-4d] | Received fault code 5 for device ESDL236
2025-10-15 14:08:11.259 [DEBUG] [FAULT] [c75b29c1-f431-45] | Received fault code 3 for device ESDL203
2025-10-15 14:08:11.269 [DEBUG] [FAULT] [6255abf2-5ee4-41] | Received fault code 5 for device ESDL95
2025-10-15 14:08:11.276 [DEBUG] [FAULT] [6fa3997e-0a09-42] | Received fault code 5 for device ESDL416
2025-10-15 14:08:11.280 [DEBUG] [FAULT] [64faf2fd-bb4e-46] | Received fault code 5 for device ESDL283
2025-10-15 14:08:11.284 [DEBUG] [FAULT] [8778b80e-0981-43] | Received fault code 4 for device ESDL568
2025-10-15 14:08:11.299 [DEBUG] [FAULT] [d55183b0-d48d-4f] | Received fault code 3 for device ESDL291
2025-10-15 14:08:11.300 [DEBUG] [FAULT] [c1547aff-4ac7-43] | Received fault code 1 for device ESDL219
2025-10-15 14:08:11.302 [DEBUG] [FAULT] [4c835bfc-9b50-4c] | Received fault code 5 for device ESDL180
2025-10-15 14:08:11.307 [DEBUG] [FAULT] [77e7fc52-8fff-4c] | Received fault code 1 for device ESDL388
2025-10-15 14:08:11.315 [DEBUG] [FAULT] [8db0a8e4-091d-43] | Received fault code 4 for device ESDL294
2025-10-15 14:08:11.337 [DEBUG] [FAULT] [e3c2d46b-b2a8-47] | Received fault code 2 for device ESDL293
2025-10-15 14:08:11.346 [DEBUG] [FAULT] [273d08a5-efa2-46] | Received fault code 2 for device ESDL441
2025-10-15 14:08:11.351 [DEBUG] [FAULT] [abb32653-e043-4c] | Received fault code 4 for device ESDL600
2025-10-15 14:08:11.363 [DEBUG] [FAULT] [0da1111d-f3f9-42] | Received fault code 1 for device ESDL525
2025-10-15 14:08:11.374 [INFO] [FLUSH] [324e15b9-017d-46] | Flushing 100 records to MongoDB...
2025-10-15 14:08:11.380 [DEBUG] [FAULT] [e7a38995-528a-40] | Received fault code 1 for device ESDL24
2025-10-15 14:08:11.427 [DEBUG] [FAULT] [e95a30f1-2175-40] | Received fault code 3 for device ESDL371
2025-10-15 14:08:11.438 [DEBUG] [FAULT] [705e5e46-c4c6-41] | Received fault code 4 for device ESDL321
2025-10-15 14:08:11.449 [INFO] [FLUSH] [324e15b9-017d-46] | Batch inserted successfully: 100 records
2025-10-15 14:08:11.449 [INFO] [FLUSH] [PERIODIC] | Flushing 45 records to MongoDB...
2025-10-15 14:08:11.462 [INFO] [FLUSH] [PERIODIC] | Batch inserted successfully: 45 records
2025-10-15 14:08:11.498 [DEBUG] [FAULT] [cca7c2c7-b39b-42] | Received fault code 3 for device ESDL97
2025-10-15 14:08:11.512 [DEBUG] [FAULT] [f196eaf9-5800-40] | Received fault code 1 for device ESDL271
2025-10-15 14:08:11.522 [DEBUG] [FAULT] [8c4ca32f-0dde-46] | Received fault code 5 for device ESDL91
2025-10-15 14:08:11.523 [DEBUG] [FAULT] [9bf0fb3b-06a9-43] | Received fault code 4 for device ESDL119
2025-10-15 14:08:11.526 [DEBUG] [FAULT] [1e7c60a5-3137-4e] | Received fault code 2 for device ESDL395
2025-10-15 14:08:11.543 [DEBUG] [FAULT] [81b675e4-8838-41] | Received fault code 5 for device ESDL587
2025-10-15 14:08:11.570 [DEBUG] [FAULT] [aa507f1c-caf1-4c] | Received fault code 3 for device ESDL355
2025-10-15 14:08:11.574 [DEBUG] [FAULT] [6331352e-9c1e-4c] | Received fault code 3 for device ESDL564
2025-10-15 14:08:11.582 [DEBUG] [FAULT] [142f2433-f992-46] | Received fault code 2 for device ESDL112
2025-10-15 14:08:11.606 [INFO] [FLUSH] [PERIODIC] | Flushing 92 records to MongoDB...
2025-10-15 14:08:11.613 [DEBUG] [FAULT] [a0de549c-b890-4e] | Received fault code 5 for device ESDL302
2025-10-15 14:08:11.620 [DEBUG] [FAULT] [70283167-7857-45] | Received fault code 3 for device ESDL406
2025-10-15 14:08:11.640 [INFO] [FLUSH] [PERIODIC] | Batch inserted successfully: 92 records
2025-10-15 14:08:11.654 [DEBUG] [FAULT] [6d1c07ae-ed3c-4f] | Received fault code 2 for device ESDL540
2025-10-15 14:08:11.657 [DEBUG] [FAULT] [7cef4cae-f495-49] | Received fault code 4 for device ESDL410
2025-10-15 14:08:11.669 [DEBUG] [FAULT] [ae1dbe4f-5023-4f] | Received fault code 4 for device ESDL59
2025-10-15 14:08:11.687 [DEBUG] [FAULT] [ee8b5a94-28f8-48] | Received fault code 5 for device ESDL448
2025-10-15 14:08:11.706 [DEBUG] [FAULT] [86c96251-ae69-40] | Received fault code 4 for device ESDL527
2025-10-15 14:08:11.716 [DEBUG] [FAULT] [5fb11c16-b036-45] | Received fault code 3 for device ESDL386
2025-10-15 14:08:11.724 [DEBUG] [FAULT] [b7f5b8b1-378c-4f] | Received fault code 3 for device ESDL515
2025-10-15 14:08:11.734 [DEBUG] [FAULT] [d4af70c5-7f08-4c] | Received fault code 2 for device ESDL305
2025-10-15 14:08:11.736 [DEBUG] [FAULT] [782dd000-5f74-44] | Received fault code 5 for device ESDL28
2025-10-15 14:08:11.747 [DEBUG] [FAULT] [217d6e07-23d2-47] | Received fault code 5 for device ESDL229
2025-10-15 14:08:11.772 [INFO] [FLUSH] [d81a0fad-0fec-4c] | Flushing 100 records to MongoDB...
2025-10-15 14:08:11.807 [DEBUG] [FAULT] [10b78b2b-ce91-4f] | Received fault code 2 for device ESDL494
2025-10-15 14:08:11.808 [INFO] [FLUSH] [d81a0fad-0fec-4c] | Batch inserted successfully: 100 records
2025-10-15 14:08:11.809 [INFO] [FLUSH] [PERIODIC] | Flushing 21 records to MongoDB...
2025-10-15 14:08:11.811 [DEBUG] [FAULT] [888318cb-2768-43] | Received fault code 3 for device ESDL250
2025-10-15 14:08:11.816 [DEBUG] [FAULT] [e1e8ab9f-e54b-4d] | Received fault code 1 for device ESDL566
2025-10-15 14:08:11.817 [INFO] [FLUSH] [PERIODIC] | Batch inserted successfully: 21 records
2025-10-15 14:08:11.884 [DEBUG] [FAULT] [e0a5a82e-b16a-4d] | Received fault code 4 for device ESDL37
2025-10-15 14:08:11.894 [DEBUG] [FAULT] [c478f346-420b-4d] | Received fault code 5 for device ESDL411
2025-10-15 14:08:11.914 [DEBUG] [FAULT] [13a62c58-458f-4b] | Received fault code 2 for device ESDL173
2025-10-15 14:08:11.942 [DEBUG] [FAULT] [381fa00e-403f-44] | Received fault code 5 for device ESDL16
2025-10-15 14:08:11.948 [DEBUG] [FAULT] [6658f998-6198-43] | Received fault code 3 for device ESDL113
2025-10-15 14:08:11.960 [DEBUG] [FAULT] [7042c27f-8b16-40] | Received fault code 5 for device ESDL127
2025-10-15 14:08:11.974 [INFO] [FLUSH] [f58de674-eb94-4c] | Flushing 100 records to MongoDB...
2025-10-15 14:08:11.977 [DEBUG] [FAULT] [55f17a70-a91d-4f] | Received fault code 4 for device ESDL209
2025-10-15 14:08:11.996 [DEBUG] [FAULT] [0431ab4c-ca96-48] | Received fault code 5 for device ESDL129
2025-10-15 14:08:11.998 [DEBUG] [FAULT] [b98a80e2-b735-41] | Received fault code 3 for device ESDL70
2025-10-15 14:08:12.010 [INFO] [FLUSH] [f58de674-eb94-4c] | Batch inserted successfully: 100 records
2025-10-15 14:08:12.010 [INFO] [FLUSH] [PERIODIC] | Flushing 21 records to MongoDB...
2025-10-15 14:08:12.019 [INFO] [FLUSH] [PERIODIC] | Batch inserted successfully: 21 records
2025-10-15 14:08:12.021 [DEBUG] [FAULT] [013e50e6-ff0c-46] | Received fault code 4 for device ESDL586
2025-10-15 14:08:12.025 [DEBUG] [FAULT] [bf3fa128-3d76-40] | Received fault code 2 for device ESDL188
2025-10-15 14:08:12.042 [DEBUG] [FAULT] [54507eb8-2934-4c] | Received fault code 2 for device ESDL328
2025-10-15 14:08:12.066 [DEBUG] [FAULT] [78dd814d-70e6-4b] | Received fault code 4 for device ESDL380
2025-10-15 14:08:12.119 [DEBUG] [FAULT] [00097057-62e5-44] | Received fault code 1 for device ESDL563
2025-10-15 14:08:12.159 [DEBUG] [FAULT] [e5f458b9-0f93-4e] | Received fault code 2 for device ESDL2
2025-10-15 14:08:12.176 [INFO] [FLUSH] [a7f2dae4-4789-4b] | Flushing 100 records to MongoDB...
2025-10-15 14:08:12.219 [DEBUG] [FAULT] [576b42cc-0303-43] | Received fault code 1 for device ESDL286
2025-10-15 14:08:12.258 [INFO] [FLUSH] [a7f2dae4-4789-4b] | Batch inserted successfully: 100 records
2025-10-15 14:08:12.258 [INFO] [FLUSH] [PERIODIC] | Flushing 49 records to MongoDB...
2025-10-15 14:08:12.272 [INFO] [FLUSH] [PERIODIC] | Batch inserted successfully: 49 records
2025-10-15 14:08:12.275 [DEBUG] [FAULT] [2aff873e-2469-4c] | Received fault code 4 for device ESDL562
2025-10-15 14:08:12.288 [DEBUG] [FAULT] [6ce375a4-ec7f-48] | Received fault code 5 for device ESDL273
2025-10-15 14:08:12.354 [DEBUG] [FAULT] [5387135c-14e0-45] | Received fault code 4 for device ESDL27
2025-10-15 14:08:12.363 [DEBUG] [FAULT] [c1dbd486-a869-46] | Received fault code 2 for device ESDL489
2025-10-15 14:08:12.369 [DEBUG] [FAULT] [3fb83726-8b66-4a] | Received fault code 3 for device ESDL373
2025-10-15 14:08:12.374 [DEBUG] [FAULT] [773b2b08-d964-46] | Received fault code 2 for device ESDL110
2025-10-15 14:08:12.379 [DEBUG] [FAULT] [a877ff22-9cff-4b] | Received fault code 1 for device ESDL346
2025-10-15 14:08:12.385 [DEBUG] [FAULT] [171d44a0-ed16-4e] | Received fault code 5 for device ESDL472
2025-10-15 14:08:12.391 [DEBUG] [FAULT] [268839e8-7fe9-48] | Received fault code 3 for device ESDL354
2025-10-15 14:08:12.400 [DEBUG] [FAULT] [41f9b1e1-9f4b-4d] | Received fault code 5 for device ESDL478
2025-10-15 14:08:12.406 [INFO] [FLUSH] [PERIODIC] | Flushing 88 records to MongoDB...
2025-10-15 14:08:12.419 [DEBUG] [FAULT] [fb0ae4b2-b37c-4c] | Received fault code 3 for device ESDL61
2025-10-15 14:08:12.442 [DEBUG] [FAULT] [ce43b90f-d07f-48] | Received fault code 2 for device ESDL7
2025-10-15 14:08:12.448 [INFO] [FLUSH] [PERIODIC] | Batch inserted successfully: 88 records
2025-10-15 14:08:12.477 [DEBUG] [FAULT] [a4d76073-85ea-46] | Received fault code 4 for device ESDL176
2025-10-15 14:08:12.483 [DEBUG] [FAULT] [ee1978af-11ef-4a] | Received fault code 2 for device ESDL498
2025-10-15 14:08:12.512 [DEBUG] [FAULT] [417dfeab-b2de-46] | Received fault code 5 for device ESDL578
2025-10-15 14:08:12.517 [DEBUG] [FAULT] [92cc00b9-8968-45] | Received fault code 4 for device ESDL25
2025-10-15 14:08:12.524 [DEBUG] [FAULT] [92604033-fcf3-42] | Received fault code 1 for device ESDL110
2025-10-15 14:08:12.578 [INFO] [FLUSH] [f8b0706c-e251-4e] | Flushing 100 records to MongoDB...
2025-10-15 14:08:12.582 [DEBUG] [FAULT] [e487a0aa-6400-41] | Received fault code 4 for device ESDL196
2025-10-15 14:08:12.594 [DEBUG] [FAULT] [d2f4b39a-0d05-40] | Received fault code 5 for device ESDL267
2025-10-15 14:08:12.595 [DEBUG] [FAULT] [036de025-ca72-4f] | Received fault code 5 for device ESDL225
2025-10-15 14:08:12.604 [INFO] [FLUSH] [f8b0706c-e251-4e] | Batch inserted successfully: 100 records
2025-10-15 14:08:12.604 [DEBUG] [FAULT] [e67b6b72-e2b9-4b] | Received fault code 3 for device ESDL11
2025-10-15 14:08:12.606 [INFO] [FLUSH] [PERIODIC] | Flushing 17 records to MongoDB...
2025-10-15 14:08:12.611 [INFO] [FLUSH] [PERIODIC] | Batch inserted successfully: 17 records
2025-10-15 14:08:12.619 [DEBUG] [FAULT] [637ecb75-c62c-46] | Received fault code 3 for device ESDL342
2025-10-15 14:08:12.649 [DEBUG] [FAULT] [44ef43a1-5131-4d] | Received fault code 2 for device ESDL491
2025-10-15 14:08:12.674 [DEBUG] [FAULT] [67f1ed96-8386-42] | Received fault code 4 for device ESDL67
2025-10-15 14:08:12.679 [DEBUG] [FAULT] [3793d505-47a6-4f] | Received fault code 2 for device ESDL410
2025-10-15 14:08:12.681 [DEBUG] [FAULT] [b1cc469f-6473-48] | Received fault code 2 for device ESDL483
2025-10-15 14:08:12.707 [DEBUG] [FAULT] [5140a23b-8459-4c] | Received fault code 4 for device ESDL540
2025-10-15 14:08:12.736 [DEBUG] [FAULT] [a7238af1-d5eb-47] | Received fault code 2 for device ESDL241
2025-10-15 14:08:12.762 [DEBUG] [FAULT] [13e37458-12df-4d] | Received fault code 1 for device ESDL226
2025-10-15 14:08:12.772 [INFO] [FLUSH] [9d72bead-61d1-44] | Flushing 100 records to MongoDB...
2025-10-15 14:08:12.795 [INFO] [FLUSH] [9d72bead-61d1-44] | Batch inserted successfully: 100 records
2025-10-15 14:08:12.805 [INFO] [FLUSH] [PERIODIC] | Flushing 19 records to MongoDB...
2025-10-15 14:08:12.805 [DEBUG] [FAULT] [8ce4a327-72d8-46] | Received fault code 4 for device ESDL186
2025-10-15 14:08:12.811 [INFO] [FLUSH] [PERIODIC] | Batch inserted successfully: 19 records
2025-10-15 14:08:12.815 [DEBUG] [FAULT] [3f05e0e5-9381-46] | Received fault code 4 for device ESDL52
2025-10-15 14:08:12.822 [DEBUG] [FAULT] [4ec08c0d-1fa9-41] | Received fault code 3 for device ESDL37
2025-10-15 14:08:12.845 [DEBUG] [FAULT] [5b84a847-7704-44] | Received fault code 5 for device ESDL281
2025-10-15 14:08:12.847 [DEBUG] [FAULT] [41ba2bb1-8e97-48] | Received fault code 3 for device ESDL434
2025-10-15 14:08:12.867 [DEBUG] [FAULT] [b79a8a9f-f3a2-43] | Received fault code 3 for device ESDL274
2025-10-15 14:08:12.868 [DEBUG] [FAULT] [359fedae-ccee-4e] | Received fault code 3 for device ESDL386
2025-10-15 14:08:12.881 [DEBUG] [FAULT] [e91266cf-fb7a-44] | Received fault code 2 for device ESDL209
2025-10-15 14:08:12.888 [DEBUG] [FAULT] [e8dc7b9e-3705-47] | Received fault code 4 for device ESDL591
2025-10-15 14:08:12.900 [DEBUG] [FAULT] [767be0e3-945f-4f] | Received fault code 2 for device ESDL402
2025-10-15 14:08:12.919 [DEBUG] [FAULT] [f3c800a9-61d3-4e] | Received fault code 5 for device ESDL43
2025-10-15 14:08:12.929 [DEBUG] [FAULT] [9d388a98-007f-4e] | Received fault code 4 for device ESDL235
2025-10-15 14:08:12.944 [DEBUG] [FAULT] [b6c4a4df-5542-44] | Received fault code 2 for device ESDL336
2025-10-15 14:08:12.946 [DEBUG] [FAULT] [cfaa683e-2c87-41] | Received fault code 4 for device ESDL526
2025-10-15 14:08:12.954 [DEBUG] [FAULT] [ca3f73d8-5a15-43] | Received fault code 5 for device ESDL319
2025-10-15 14:08:12.970 [DEBUG] [FAULT] [4a4c9733-69c3-45] | Received fault code 5 for device ESDL581
2025-10-15 14:08:12.970 [INFO] [FLUSH] [4a4c9733-69c3-45] | Flushing 100 records to MongoDB...
2025-10-15 14:08:12.974 [DEBUG] [FAULT] [489dc95c-c5a3-48] | Received fault code 5 for device ESDL192
2025-10-15 14:08:12.994 [INFO] [FLUSH] [4a4c9733-69c3-45] | Batch inserted successfully: 100 records
2025-10-15 14:08:13.002 [DEBUG] [FAULT] [2b0053b1-f2e4-4b] | Received fault code 4 for device ESDL54
2025-10-15 14:08:13.005 [INFO] [FLUSH] [PERIODIC] | Flushing 21 records to MongoDB...
2025-10-15 14:08:13.010 [INFO] [FLUSH] [PERIODIC] | Batch inserted successfully: 21 records
2025-10-15 14:08:13.017 [DEBUG] [FAULT] [4881f1ce-e285-4f] | Received fault code 5 for device ESDL350
2025-10-15 14:08:13.028 [DEBUG] [FAULT] [51b4dc25-54bf-4c] | Received fault code 5 for device ESDL553
2025-10-15 14:08:13.068 [DEBUG] [FAULT] [f8d44c4c-9922-4f] | Received fault code 4 for device ESDL513
2025-10-15 14:08:13.070 [DEBUG] [FAULT] [e78a8f89-0c23-43] | Received fault code 4 for device ESDL471
2025-10-15 14:08:13.086 [DEBUG] [FAULT] [80c062e1-af3f-46] | Received fault code 5 for device ESDL76
2025-10-15 14:08:13.153 [DEBUG] [FAULT] [827949fd-17e4-44] | Received fault code 1 for device ESDL566
2025-10-15 14:08:13.171 [DEBUG] [FAULT] [137b0410-63fb-4d] | Received fault code 3 for device ESDL266
2025-10-15 14:08:13.172 [INFO] [FLUSH] [72a96751-57dd-4b] | Flushing 100 records to MongoDB...
2025-10-15 14:08:13.189 [DEBUG] [FAULT] [06e8fb8f-2af6-4a] | Received fault code 4 for device ESDL77
2025-10-15 14:08:13.198 [INFO] [FLUSH] [72a96751-57dd-4b] | Batch inserted successfully: 100 records
2025-10-15 14:08:13.206 [INFO] [FLUSH] [PERIODIC] | Flushing 20 records to MongoDB...
2025-10-15 14:08:13.209 [DEBUG] [FAULT] [8fb0364f-50f2-42] | Received fault code 5 for device ESDL140
2025-10-15 14:08:13.210 [INFO] [FLUSH] [PERIODIC] | Batch inserted successfully: 20 records
2025-10-15 14:08:13.224 [DEBUG] [FAULT] [3e7115fd-ef98-4a] | Received fault code 5 for device ESDL466
2025-10-15 14:08:13.234 [DEBUG] [FAULT] [d83ff076-b954-42] | Received fault code 2 for device ESDL590
2025-10-15 14:08:13.241 [DEBUG] [FAULT] [70e4ba34-d511-47] | Received fault code 4 for device ESDL131
2025-10-15 14:08:13.246 [DEBUG] [FAULT] [1d25a83a-ce79-4e] | Received fault code 2 for device ESDL303
2025-10-15 14:08:13.250 [DEBUG] [FAULT] [cd665744-d4eb-47] | Received fault code 1 for device ESDL64
2025-10-15 14:08:13.276 [DEBUG] [FAULT] [6510359d-dab6-43] | Received fault code 2 for device ESDL272
2025-10-15 14:08:13.284 [DEBUG] [FAULT] [3124a6ed-1735-44] | Received fault code 4 for device ESDL167
2025-10-15 14:08:13.312 [DEBUG] [FAULT] [5d011e2f-a334-45] | Received fault code 4 for device ESDL513
2025-10-15 14:08:13.348 [DEBUG] [FAULT] [6a084beb-7e9b-4b] | Received fault code 2 for device ESDL402
2025-10-15 14:08:13.359 [DEBUG] [FAULT] [08dc6b1d-45e1-4e] | Received fault code 5 for device ESDL37
2025-10-15 14:08:13.372 [INFO] [FLUSH] [3f384f48-272b-41] | Flushing 100 records to MongoDB...
2025-10-15 14:08:13.392 [DEBUG] [FAULT] [03a2b68e-6400-4b] | Received fault code 4 for device ESDL123
2025-10-15 14:08:13.398 [INFO] [FLUSH] [3f384f48-272b-41] | Batch inserted successfully: 100 records
2025-10-15 14:08:13.401 [DEBUG] [FAULT] [41aa0a0e-1123-4a] | Received fault code 2 for device ESDL522
2025-10-15 14:08:13.406 [INFO] [FLUSH] [PERIODIC] | Flushing 20 records to MongoDB...
2025-10-15 14:08:13.411 [INFO] [FLUSH] [PERIODIC] | Batch inserted successfully: 20 records
2025-10-15 14:08:13.439 [DEBUG] [FAULT] [d47df796-af8c-4f] | Received fault code 2 for device ESDL328
2025-10-15 14:08:13.440 [DEBUG] [FAULT] [b5f5b8f0-50be-4d] | Received fault code 3 for device ESDL502
2025-10-15 14:08:13.444 [DEBUG] [FAULT] [c5c6634c-9e9b-4d] | Received fault code 2 for device ESDL415
2025-10-15 14:08:13.464 [DEBUG] [FAULT] [4778af2f-f326-4f] | Received fault code 3 for device ESDL253
2025-10-15 14:08:13.501 [DEBUG] [FAULT] [8aa7a280-c1c2-4d] | Received fault code 4 for device ESDL266
2025-10-15 14:08:13.502 [DEBUG] [FAULT] [5bac656e-2692-47] | Received fault code 2 for device ESDL174
2025-10-15 14:08:13.514 [DEBUG] [FAULT] [90e27675-f6db-4c] | Received fault code 1 for device ESDL388
2025-10-15 14:08:13.530 [DEBUG] [FAULT] [54be0ae4-888e-41] | Received fault code 3 for device ESDL497
2025-10-15 14:08:13.572 [INFO] [FLUSH] [f893ab21-6efa-42] | Flushing 100 records to MongoDB...
2025-10-15 14:08:13.597 [INFO] [FLUSH] [f893ab21-6efa-42] | Batch inserted successfully: 100 records
2025-10-15 14:08:13.605 [DEBUG] [FAULT] [c96fa96b-e05b-49] | Received fault code 4 for device ESDL217
2025-10-15 14:08:13.606 [INFO] [FLUSH] [PERIODIC] | Flushing 20 records to MongoDB...
2025-10-15 14:08:13.611 [INFO] [FLUSH] [PERIODIC] | Batch inserted successfully: 20 records
2025-10-15 14:08:13.629 [DEBUG] [FAULT] [607bafa1-2e47-46] | Received fault code 5 for device ESDL233
2025-10-15 14:08:13.644 [DEBUG] [FAULT] [a6c7e22a-ac9a-48] | Received fault code 3 for device ESDL189
2025-10-15 14:08:13.654 [DEBUG] [FAULT] [1d0d2aee-114d-47] | Received fault code 5 for device ESDL201
2025-10-15 14:08:13.658 [DEBUG] [FAULT] [6b06797e-b3bd-48] | Received fault code 3 for device ESDL492
2025-10-15 14:08:13.695 [DEBUG] [FAULT] [29e6db4e-2817-44] | Received fault code 4 for device ESDL246
2025-10-15 14:08:13.698 [DEBUG] [FAULT] [fae353f4-5cc7-4e] | Received fault code 1 for device ESDL128
2025-10-15 14:08:13.720 [DEBUG] [FAULT] [f2e510b4-e226-4d] | Received fault code 1 for device ESDL373
2025-10-15 14:08:13.735 [DEBUG] [FAULT] [fc3497dd-f0b5-4c] | Received fault code 1 for device ESDL576
2025-10-15 14:08:13.746 [DEBUG] [FAULT] [95127afd-fc30-4c] | Received fault code 3 for device ESDL253
2025-10-15 14:08:13.751 [DEBUG] [FAULT] [c23764ab-ce39-4a] | Received fault code 2 for device ESDL81
2025-10-15 14:08:13.757 [DEBUG] [FAULT] [0fde610f-0f20-4d] | Received fault code 4 for device ESDL356
2025-10-15 14:08:13.767 [DEBUG] [FAULT] [3fbe8ed5-ca92-46] | Received fault code 2 for device ESDL204
2025-10-15 14:08:13.770 [DEBUG] [FAULT] [c8edba9c-a92e-43] | Received fault code 3 for device ESDL519
2025-10-15 14:08:13.773 [INFO] [FLUSH] [2b339d62-2e30-4e] | Flushing 100 records to MongoDB...
2025-10-15 14:08:13.780 [DEBUG] [FAULT] [12670b7b-1059-49] | Received fault code 5 for device ESDL130
2025-10-15 14:08:13.785 [DEBUG] [FAULT] [e7c27288-3949-4b] | Received fault code 3 for device ESDL134
2025-10-15 14:08:13.796 [INFO] [FLUSH] [2b339d62-2e30-4e] | Batch inserted successfully: 100 records
2025-10-15 14:08:13.806 [INFO] [FLUSH] [PERIODIC] | Flushing 19 records to MongoDB...
2025-10-15 14:08:13.814 [INFO] [FLUSH] [PERIODIC] | Batch inserted successfully: 19 records
2025-10-15 14:08:13.815 [DEBUG] [FAULT] [e89a1bb1-0167-47] | Received fault code 2 for device ESDL432
2025-10-15 14:08:13.820 [DEBUG] [FAULT] [8c64dee6-bf20-4b] | Received fault code 2 for device ESDL217
2025-10-15 14:08:13.826 [DEBUG] [FAULT] [100699c6-53b7-41] | Received fault code 2 for device ESDL460
2025-10-15 14:08:13.853 [DEBUG] [FAULT] [51ce19a9-3078-43] | Received fault code 1 for device ESDL597
2025-10-15 14:08:13.895 [DEBUG] [FAULT] [8225b699-af74-43] | Received fault code 1 for device ESDL159
2025-10-15 14:08:13.904 [DEBUG] [FAULT] [4edf86d4-9058-4b] | Received fault code 4 for device ESDL119
2025-10-15 14:08:13.905 [DEBUG] [FAULT] [592bfebe-f048-49] | Received fault code 3 for device ESDL402
2025-10-15 14:08:13.921 [DEBUG] [FAULT] [810beb6b-c776-4f] | Received fault code 5 for device ESDL74
2025-10-15 14:08:13.931 [DEBUG] [FAULT] [eedd830b-ae57-48] | Received fault code 4 for device ESDL23
2025-10-15 14:08:13.949 [DEBUG] [FAULT] [c1a08bf7-0de6-4a] | Received fault code 3 for device ESDL423
2025-10-15 14:08:13.952 [DEBUG] [FAULT] [4e4e9bc6-4014-4b] | Received fault code 4 for device ESDL89
2025-10-15 14:08:13.957 [DEBUG] [FAULT] [2153fcb1-d099-40] | Received fault code 3 for device ESDL33
2025-10-15 14:08:13.966 [DEBUG] [FAULT] [e7007566-136d-43] | Received fault code 1 for device ESDL479
2025-10-15 14:08:13.969 [DEBUG] [FAULT] [91f4e452-6f04-46] | Received fault code 5 for device ESDL283
2025-10-15 14:08:13.971 [INFO] [FLUSH] [d8f989cd-7e6d-49] | Flushing 100 records to MongoDB...
2025-10-15 14:08:13.985 [DEBUG] [FAULT] [ff4dbb39-5a16-4c] | Received fault code 3 for device ESDL138
2025-10-15 14:08:13.989 [DEBUG] [FAULT] [dec4c2a0-bd60-45] | Received fault code 2 for device ESDL513
2025-10-15 14:08:13.994 [DEBUG] [FAULT] [2041721f-648c-44] | Received fault code 1 for device ESDL508
2025-10-15 14:08:14.004 [DEBUG] [FAULT] [02426b54-e0ad-4e] | Received fault code 2 for device ESDL332
2025-10-15 14:08:14.024 [DEBUG] [FAULT] [a3747a91-95a7-42] | Received fault code 3 for device ESDL27
2025-10-15 14:08:14.030 [DEBUG] [FAULT] [414c7901-e65f-4b] | Received fault code 3 for device ESDL189
2025-10-15 14:08:14.031 [INFO] [FLUSH] [d8f989cd-7e6d-49] | Batch inserted successfully: 100 records
2025-10-15 14:08:14.032 [INFO] [FLUSH] [PERIODIC] | Flushing 35 records to MongoDB...
2025-10-15 14:08:14.034 [DEBUG] [FAULT] [3a0aafb2-4af5-4e] | Received fault code 3 for device ESDL377
2025-10-15 14:08:14.039 [INFO] [FLUSH] [PERIODIC] | Batch inserted successfully: 35 records
2025-10-15 14:08:14.069 [DEBUG] [FAULT] [abc65550-e73f-44] | Received fault code 3 for device ESDL237
2025-10-15 14:08:14.081 [DEBUG] [FAULT] [89fb7db7-7d0d-44] | Received fault code 4 for device ESDL281
2025-10-15 14:08:14.087 [DEBUG] [FAULT] [ffda6d21-8d23-40] | Received fault code 3 for device ESDL235
2025-10-15 14:08:14.098 [DEBUG] [FAULT] [a3973e69-f318-41] | Received fault code 1 for device ESDL544
2025-10-15 14:08:14.129 [DEBUG] [FAULT] [3aab51a5-912f-48] | Received fault code 4 for device ESDL154
2025-10-15 14:08:14.132 [DEBUG] [FAULT] [67cbc818-39e2-4e] | Received fault code 4 for device ESDL10
2025-10-15 14:08:14.142 [DEBUG] [FAULT] [6d6345c7-dab1-4b] | Received fault code 3 for device ESDL291
2025-10-15 14:08:14.144 [DEBUG] [FAULT] [1319e013-b81a-4a] | Received fault code 4 for device ESDL227
2025-10-15 14:08:14.152 [DEBUG] [FAULT] [d916e63e-978f-4f] | Received fault code 4 for device ESDL571
2025-10-15 14:08:14.158 [DEBUG] [FAULT] [4ad6a8a0-8702-4f] | Received fault code 1 for device ESDL120
2025-10-15 14:08:14.170 [DEBUG] [FAULT] [323b51b5-0033-4b] | Received fault code 4 for device ESDL311
2025-10-15 14:08:14.175 [DEBUG] [FAULT] [3737a10c-31da-46] | Received fault code 1 for device ESDL290
2025-10-15 14:08:14.191 [DEBUG] [FAULT] [ec3fe280-f638-44] | Received fault code 5 for device ESDL21
2025-10-15 14:08:14.193 [DEBUG] [FAULT] [8d184d63-b501-4e] | Received fault code 1 for device ESDL44
2025-10-15 14:08:14.197 [INFO] [FLUSH] [5582fe70-14e1-42] | Flushing 100 records to MongoDB...
2025-10-15 14:08:14.242 [DEBUG] [FAULT] [22636db9-c684-4e] | Received fault code 5 for device ESDL504
2025-10-15 14:08:14.253 [INFO] [FLUSH] [5582fe70-14e1-42] | Batch inserted successfully: 100 records
2025-10-15 14:08:14.253 [INFO] [FLUSH] [PERIODIC] | Flushing 33 records to MongoDB...
2025-10-15 14:08:14.261 [DEBUG] [FAULT] [b6e9c69e-0a1a-44] | Received fault code 5 for device ESDL487
2025-10-15 14:08:14.265 [INFO] [FLUSH] [PERIODIC] | Batch inserted successfully: 33 records
2025-10-15 14:08:14.282 [DEBUG] [FAULT] [ef3040b7-aeb6-41] | Received fault code 1 for device ESDL535
2025-10-15 14:08:14.287 [DEBUG] [FAULT] [8b98bea4-e676-43] | Received fault code 1 for device ESDL133
2025-10-15 14:08:14.293 [DEBUG] [FAULT] [ab39cf4b-6866-49] | Received fault code 2 for device ESDL226
2025-10-15 14:08:14.309 [DEBUG] [FAULT] [e2cbb903-8530-43] | Received fault code 5 for device ESDL450
2025-10-15 14:08:14.313 [DEBUG] [FAULT] [091356ab-1a28-4f] | Received fault code 2 for device ESDL37
2025-10-15 14:08:14.329 [DEBUG] [FAULT] [6f82a8ae-44cc-47] | Received fault code 4 for device ESDL521
2025-10-15 14:08:14.344 [DEBUG] [FAULT] [d7268d4b-ad4e-48] | Received fault code 5 for device ESDL33
2025-10-15 14:08:14.352 [DEBUG] [FAULT] [99b4f5cc-d1fa-44] | Received fault code 4 for device ESDL304
2025-10-15 14:08:14.390 [DEBUG] [FAULT] [62d7084f-fe92-40] | Received fault code 4 for device ESDL228
2025-10-15 14:08:14.398 [DEBUG] [FAULT] [96382978-e857-4c] | Received fault code 2 for device ESDL137
2025-10-15 14:08:14.407 [INFO] [FLUSH] [PERIODIC] | Flushing 92 records to MongoDB...
2025-10-15 14:08:14.408 [DEBUG] [FAULT] [43c71e5b-dca0-4c] | Received fault code 1 for device ESDL409
2025-10-15 14:08:14.413 [DEBUG] [FAULT] [a5d97c98-907e-4f] | Received fault code 5 for device ESDL437
2025-10-15 14:08:14.415 [DEBUG] [FAULT] [7c62a5de-e900-43] | Received fault code 4 for device ESDL524
2025-10-15 14:08:14.458 [INFO] [FLUSH] [PERIODIC] | Batch inserted successfully: 92 records
2025-10-15 14:08:14.473 [DEBUG] [FAULT] [6a8be3ae-eff9-41] | Received fault code 2 for device ESDL391
2025-10-15 14:08:14.483 [DEBUG] [FAULT] [7ee71242-f4bb-47] | Received fault code 5 for device ESDL474
2025-10-15 14:08:14.486 [DEBUG] [FAULT] [cd74c63a-6723-4b] | Received fault code 3 for device ESDL372
2025-10-15 14:08:14.500 [DEBUG] [FAULT] [09ec6a66-5411-48] | Received fault code 5 for device ESDL21
2025-10-15 14:08:14.502 [DEBUG] [FAULT] [2bba0c05-3d22-4b] | Received fault code 1 for device ESDL387
2025-10-15 14:08:14.514 [DEBUG] [FAULT] [bafb5d26-fa60-4e] | Received fault code 2 for device ESDL221
2025-10-15 14:08:14.543 [DEBUG] [FAULT] [36e1b4c6-3b90-40] | Received fault code 5 for device ESDL200
2025-10-15 14:08:14.572 [INFO] [FLUSH] [e8bc22e7-f327-4f] | Flushing 100 records to MongoDB...
2025-10-15 14:08:14.575 [DEBUG] [FAULT] [e695193a-3715-40] | Received fault code 1 for device ESDL129
2025-10-15 14:08:14.583 [DEBUG] [FAULT] [ca192e55-9703-43] | Received fault code 3 for device ESDL108
2025-10-15 14:08:14.590 [INFO] [FLUSH] [e8bc22e7-f327-4f] | Batch inserted successfully: 100 records
2025-10-15 14:08:14.606 [INFO] [FLUSH] [PERIODIC] | Flushing 19 records to MongoDB...
2025-10-15 14:08:14.611 [INFO] [FLUSH] [PERIODIC] | Batch inserted successfully: 19 records
2025-10-15 14:08:14.637 [DEBUG] [FAULT] [72840032-1e11-49] | Received fault code 1 for device ESDL280
2025-10-15 14:08:14.645 [DEBUG] [FAULT] [99fc17e1-8597-46] | Received fault code 3 for device ESDL281
2025-10-15 14:08:14.649 [DEBUG] [FAULT] [91afa0ea-d9a7-47] | Received fault code 1 for device ESDL64
2025-10-15 14:08:14.685 [DEBUG] [FAULT] [a6abdf17-a960-42] | Received fault code 5 for device ESDL362
2025-10-15 14:08:14.703 [DEBUG] [FAULT] [04fb9ee1-b1c9-46] | Received fault code 1 for device ESDL443
2025-10-15 14:08:14.711 [DEBUG] [FAULT] [8b91a168-ad6f-4d] | Received fault code 3 for device ESDL397
2025-10-15 14:08:14.715 [DEBUG] [FAULT] [04acf85e-6e23-45] | Received fault code 5 for device ESDL52
2025-10-15 14:08:14.736 [DEBUG] [FAULT] [c63aa611-eb1e-48] | Received fault code 5 for device ESDL115
2025-10-15 14:08:14.745 [DEBUG] [FAULT] [4b4fedf0-ce40-47] | Received fault code 3 for device ESDL297
2025-10-15 14:08:14.750 [DEBUG] [FAULT] [ca4e0c8b-79d6-4e] | Received fault code 4 for device ESDL530
2025-10-15 14:08:14.753 [DEBUG] [FAULT] [f8ad2655-9aa0-4b] | Received fault code 4 for device ESDL193
2025-10-15 14:08:14.767 [DEBUG] [FAULT] [b55949fb-1a88-48] | Received fault code 1 for device ESDL470
2025-10-15 14:08:14.770 [INFO] [FLUSH] [be7e1d95-060f-4a] | Flushing 100 records to MongoDB...
2025-10-15 14:08:14.781 [DEBUG] [FAULT] [39862766-c735-46] | Received fault code 2 for device ESDL562
2025-10-15 14:08:14.785 [DEBUG] [FAULT] [30f41308-0d42-48] | Received fault code 5 for device ESDL331
2025-10-15 14:08:14.793 [DEBUG] [FAULT] [66b6679b-93d9-42] | Received fault code 3 for device ESDL4
2025-10-15 14:08:14.793 [INFO] [FLUSH] [be7e1d95-060f-4a] | Batch inserted successfully: 100 records
2025-10-15 14:08:14.797 [DEBUG] [FAULT] [f29536d4-4a95-48] | Received fault code 4 for device ESDL254
2025-10-15 14:08:14.806 [INFO] [FLUSH] [PERIODIC] | Flushing 21 records to MongoDB...
2025-10-15 14:08:14.807 [DEBUG] [FAULT] [805bf367-0e01-41] | Received fault code 5 for device ESDL231
2025-10-15 14:08:14.812 [INFO] [FLUSH] [PERIODIC] | Batch inserted successfully: 21 records
2025-10-15 14:08:14.849 [DEBUG] [FAULT] [b5f53e30-76d2-4b] | Received fault code 2 for device ESDL73
2025-10-15 14:08:14.859 [DEBUG] [FAULT] [aca705ed-5648-4f] | Received fault code 5 for device ESDL85
2025-10-15 14:08:14.867 [DEBUG] [FAULT] [fd101c55-2c83-40] | Received fault code 5 for device ESDL588
2025-10-15 14:08:14.880 [DEBUG] [FAULT] [75120e72-892a-43] | Received fault code 2 for device ESDL394
2025-10-15 14:08:14.909 [DEBUG] [FAULT] [d41cfbcb-c276-4d] | Received fault code 5 for device ESDL544
2025-10-15 14:08:14.955 [DEBUG] [FAULT] [851e2d62-79fe-42] | Received fault code 4 for device ESDL199
2025-10-15 14:08:14.959 [DEBUG] [FAULT] [1f62f976-b82e-48] | Received fault code 1 for device ESDL287
2025-10-15 14:08:14.965 [DEBUG] [FAULT] [4a1c5891-3dd2-48] | Received fault code 1 for device ESDL441
2025-10-15 14:08:14.972 [INFO] [FLUSH] [96831538-3019-41] | Flushing 100 records to MongoDB...
2025-10-15 14:08:14.994 [INFO] [FLUSH] [96831538-3019-41] | Batch inserted successfully: 100 records
2025-10-15 14:08:14.994 [DEBUG] [FAULT] [fe624e0a-17fa-47] | Received fault code 1 for device ESDL374
2025-10-15 14:08:15.005 [INFO] [FLUSH] [PERIODIC] | Flushing 19 records to MongoDB...
2025-10-15 14:08:15.011 [INFO] [FLUSH] [PERIODIC] | Batch inserted successfully: 19 records
2025-10-15 14:08:15.017 [DEBUG] [FAULT] [fe869aa6-3ce1-42] | Received fault code 4 for device ESDL277
2025-10-15 14:08:15.084 [DEBUG] [FAULT] [13957f15-6971-4e] | Received fault code 1 for device ESDL570
2025-10-15 14:08:15.109 [DEBUG] [FAULT] [a00e775f-8049-4f] | Received fault code 1 for device ESDL57
2025-10-15 14:08:15.116 [DEBUG] [FAULT] [b8d9c461-34af-4c] | Received fault code 3 for device ESDL283
2025-10-15 14:08:15.117 [DEBUG] [FAULT] [cc1c895b-7e38-41] | Received fault code 5 for device ESDL265
2025-10-15 14:08:15.126 [DEBUG] [FAULT] [ea3cf7b0-7164-43] | Received fault code 5 for device ESDL210
2025-10-15 14:08:15.135 [DEBUG] [FAULT] [669b5a6c-5d03-48] | Received fault code 3 for device ESDL596
2025-10-15 14:08:15.137 [DEBUG] [FAULT] [f390de09-7514-48] | Received fault code 1 for device ESDL485
2025-10-15 14:08:15.159 [DEBUG] [FAULT] [4ca61edc-ea04-4c] | Received fault code 3 for device ESDL340
2025-10-15 14:08:15.171 [INFO] [FLUSH] [d22b91da-efb3-47] | Flushing 100 records to MongoDB...
2025-10-15 14:08:15.176 [DEBUG] [FAULT] [ce62cc44-4d02-44] | Received fault code 3 for device ESDL327
2025-10-15 14:08:15.182 [DEBUG] [FAULT] [34222fee-54ca-46] | Received fault code 3 for device ESDL511
2025-10-15 14:08:15.191 [INFO] [FLUSH] [d22b91da-efb3-47] | Batch inserted successfully: 100 records
2025-10-15 14:08:15.204 [DEBUG] [FAULT] [7aae344c-872e-4a] | Received fault code 3 for device ESDL257
2025-10-15 14:08:15.206 [INFO] [FLUSH] [PERIODIC] | Flushing 20 records to MongoDB...
2025-10-15 14:08:15.206 [DEBUG] [FAULT] [0a198633-095e-41] | Received fault code 4 for device ESDL600
2025-10-15 14:08:15.214 [INFO] [FLUSH] [PERIODIC] | Batch inserted successfully: 20 records
2025-10-15 14:08:15.223 [DEBUG] [FAULT] [3dbc3861-bd44-4e] | Received fault code 3 for device ESDL276
2025-10-15 14:08:15.237 [DEBUG] [FAULT] [23a34202-2877-44] | Received fault code 2 for device ESDL543
2025-10-15 14:08:15.261 [DEBUG] [FAULT] [eff6f96c-ac88-40] | Received fault code 2 for device ESDL47
2025-10-15 14:08:15.281 [DEBUG] [FAULT] [c5ca44c3-9fe7-42] | Received fault code 2 for device ESDL417
2025-10-15 14:08:15.284 [DEBUG] [FAULT] [0ba0968e-517a-4f] | Received fault code 4 for device ESDL485
2025-10-15 14:08:15.294 [DEBUG] [FAULT] [997c80ca-8bcf-4d] | Received fault code 5 for device ESDL412
2025-10-15 14:08:15.302 [DEBUG] [FAULT] [67a554b0-f039-42] | Received fault code 1 for device ESDL235
2025-10-15 14:08:15.364 [DEBUG] [FAULT] [12e16d50-0597-41] | Received fault code 3 for device ESDL307
2025-10-15 14:08:15.371 [INFO] [FLUSH] [f1b68c55-6c06-41] | Flushing 100 records to MongoDB...
2025-10-15 14:08:15.377 [DEBUG] [FAULT] [b7d981bd-35fc-4f] | Received fault code 5 for device ESDL323
2025-10-15 14:08:15.378 [DEBUG] [FAULT] [32ec0664-8d85-47] | Received fault code 4 for device ESDL315
2025-10-15 14:08:15.420 [DEBUG] [FAULT] [edc2ec09-b84e-47] | Received fault code 5 for device ESDL570
2025-10-15 14:08:15.433 [DEBUG] [FAULT] [8f19a4cb-90f8-4d] | Received fault code 3 for device ESDL202
2025-10-15 14:08:15.436 [DEBUG] [FAULT] [84edddbf-169f-40] | Received fault code 1 for device ESDL572
2025-10-15 14:08:15.448 [INFO] [FLUSH] [f1b68c55-6c06-41] | Batch inserted successfully: 100 records
2025-10-15 14:08:15.448 [INFO] [FLUSH] [PERIODIC] | Flushing 45 records to MongoDB...
2025-10-15 14:08:15.458 [DEBUG] [FAULT] [a0b4c2b8-60af-41] | Received fault code 2 for device ESDL226
2025-10-15 14:08:15.465 [INFO] [FLUSH] [PERIODIC] | Batch inserted successfully: 45 records
2025-10-15 14:08:15.494 [DEBUG] [FAULT] [ff4751a6-2b3a-47] | Received fault code 4 for device ESDL422
2025-10-15 14:08:15.530 [DEBUG] [FAULT] [cd0cb78d-7416-4d] | Received fault code 2 for device ESDL279
2025-10-15 14:08:15.542 [DEBUG] [FAULT] [746621ee-c74e-4f] | Received fault code 5 for device ESDL433
2025-10-15 14:08:15.570 [DEBUG] [FAULT] [fadd313f-c1a7-4a] | Received fault code 3 for device ESDL110
2025-10-15 14:08:15.585 [DEBUG] [FAULT] [633c6377-315b-4e] | Received fault code 1 for device ESDL210
2025-10-15 14:08:15.606 [INFO] [FLUSH] [PERIODIC] | Flushing 94 records to MongoDB...
2025-10-15 14:08:15.614 [DEBUG] [FAULT] [752ff738-ee94-47] | Received fault code 4 for device ESDL322
2025-10-15 14:08:15.615 [DEBUG] [FAULT] [7ff96415-1962-4d] | Received fault code 4 for device ESDL218
2025-10-15 14:08:15.619 [DEBUG] [FAULT] [66cd3a4a-dec8-4f] | Received fault code 5 for device ESDL524
2025-10-15 14:08:15.625 [INFO] [FLUSH] [PERIODIC] | Batch inserted successfully: 94 records
2025-10-15 14:08:15.625 [DEBUG] [FAULT] [1b8830c2-8f33-43] | Received fault code 1 for device ESDL52
2025-10-15 14:08:15.636 [DEBUG] [FAULT] [da0e98ef-f5d5-41] | Received fault code 1 for device ESDL40
2025-10-15 14:08:15.662 [DEBUG] [FAULT] [e78d8dc2-a87b-48] | Received fault code 3 for device ESDL339
2025-10-15 14:08:15.669 [DEBUG] [FAULT] [ff873076-070b-43] | Received fault code 2 for device ESDL291
2025-10-15 14:08:15.674 [DEBUG] [FAULT] [d7e009cd-63f0-40] | Received fault code 4 for device ESDL63
2025-10-15 14:08:15.675 [DEBUG] [FAULT] [d2a5bdc6-df52-44] | Received fault code 3 for device ESDL349
2025-10-15 14:08:15.684 [DEBUG] [FAULT] [59e72478-52fc-4c] | Received fault code 2 for device ESDL183
2025-10-15 14:08:15.690 [DEBUG] [FAULT] [a2878e19-9409-40] | Received fault code 2 for device ESDL476
2025-10-15 14:08:15.717 [DEBUG] [FAULT] [046f22a2-a5cf-47] | Received fault code 4 for device ESDL530
2025-10-15 14:08:15.722 [DEBUG] [FAULT] [b28c2b2b-cd4f-49] | Received fault code 2 for device ESDL48
2025-10-15 14:08:15.730 [DEBUG] [FAULT] [ddb697d3-b510-42] | Received fault code 1 for device ESDL341
2025-10-15 14:08:15.767 [DEBUG] [FAULT] [43096dea-7069-42] | Received fault code 5 for device ESDL273
2025-10-15 14:08:15.771 [DEBUG] [FAULT] [bc84f278-0289-4b] | Received fault code 2 for device ESDL260
2025-10-15 14:08:15.771 [INFO] [FLUSH] [bc84f278-0289-4b] | Flushing 100 records to MongoDB...
2025-10-15 14:08:15.796 [INFO] [FLUSH] [bc84f278-0289-4b] | Batch inserted successfully: 100 records
2025-10-15 14:08:15.801 [DEBUG] [FAULT] [c1bad038-a2c2-4a] | Received fault code 4 for device ESDL39
2025-10-15 14:08:15.806 [INFO] [FLUSH] [PERIODIC] | Flushing 20 records to MongoDB...
2025-10-15 14:08:15.812 [INFO] [FLUSH] [PERIODIC] | Batch inserted successfully: 20 records
2025-10-15 14:08:15.822 [DEBUG] [FAULT] [4b506704-9425-4e] | Received fault code 4 for device ESDL475
2025-10-15 14:08:15.830 [DEBUG] [FAULT] [fb359805-fa86-4e] | Received fault code 4 for device ESDL387
2025-10-15 14:08:15.871 [DEBUG] [FAULT] [fe7db5b3-2f29-48] | Received fault code 1 for device ESDL2
2025-10-15 14:08:15.875 [DEBUG] [FAULT] [eaff4c95-b488-4e] | Received fault code 2 for device ESDL208
2025-10-15 14:08:15.891 [DEBUG] [FAULT] [54f66884-263e-42] | Received fault code 4 for device ESDL151
2025-10-15 14:08:15.946 [DEBUG] [FAULT] [a0c425df-3ca0-4d] | Received fault code 1 for device ESDL21
2025-10-15 14:08:15.949 [DEBUG] [FAULT] [46cd7dfd-a8a1-45] | Received fault code 3 for device ESDL415
2025-10-15 14:08:15.954 [DEBUG] [FAULT] [fc90fd16-dde9-4b] | Received fault code 5 for device ESDL62
2025-10-15 14:08:15.960 [DEBUG] [FAULT] [5501f5af-a1b4-48] | Received fault code 5 for device ESDL249
2025-10-15 14:08:15.971 [INFO] [FLUSH] [465bc057-03f6-43] | Flushing 100 records to MongoDB...
2025-10-15 14:08:15.984 [DEBUG] [FAULT] [1150c127-4396-4a] | Received fault code 5 for device ESDL579
2025-10-15 14:08:15.994 [DEBUG] [FAULT] [64a15c82-db86-43] | Received fault code 1 for device ESDL160
2025-10-15 14:08:15.997 [INFO] [FLUSH] [465bc057-03f6-43] | Batch inserted successfully: 100 records
2025-10-15 14:08:16.006 [INFO] [FLUSH] [PERIODIC] | Flushing 16 records to MongoDB...
2025-10-15 14:08:16.011 [INFO] [FLUSH] [PERIODIC] | Batch inserted successfully: 16 records
2025-10-15 14:08:16.065 [DEBUG] [FAULT] [e4a3f3a8-c0cb-4b] | Received fault code 2 for device ESDL20
2025-10-15 14:08:16.069 [DEBUG] [FAULT] [6a1c7a64-4968-47] | Received fault code 3 for device ESDL387
2025-10-15 14:08:16.075 [DEBUG] [FAULT] [432f4745-647e-4c] | Received fault code 2 for device ESDL204
2025-10-15 14:08:16.084 [DEBUG] [FAULT] [03b45213-0f01-43] | Received fault code 4 for device ESDL457
2025-10-15 14:08:16.094 [DEBUG] [FAULT] [a084fe64-3ca3-4d] | Received fault code 4 for device ESDL523
2025-10-15 14:08:16.099 [DEBUG] [FAULT] [7723c054-e1be-4e] | Received fault code 4 for device ESDL278
2025-10-15 14:08:16.102 [DEBUG] [FAULT] [d5ccc137-6cce-47] | Received fault code 3 for device ESDL347
2025-10-15 14:08:16.109 [DEBUG] [FAULT] [b7a740de-f916-40] | Received fault code 4 for device ESDL393
2025-10-15 14:08:16.117 [DEBUG] [FAULT] [b77946c9-fc8d-4c] | Received fault code 2 for device ESDL263
2025-10-15 14:08:16.144 [DEBUG] [FAULT] [bc0d5c84-d658-4d] | Received fault code 4 for device ESDL555
2025-10-15 14:08:16.171 [DEBUG] [FAULT] [bc30b77a-a111-40] | Received fault code 5 for device ESDL28
2025-10-15 14:08:16.171 [INFO] [FLUSH] [bc30b77a-a111-40] | Flushing 100 records to MongoDB...
2025-10-15 14:08:16.176 [DEBUG] [FAULT] [99722f9a-6de5-46] | Received fault code 2 for device ESDL589
2025-10-15 14:08:16.179 [DEBUG] [FAULT] [9fa52c7b-c17a-46] | Received fault code 2 for device ESDL588
2025-10-15 14:08:16.189 [DEBUG] [FAULT] [8e15ea40-08fc-43] | Received fault code 3 for device ESDL35
2025-10-15 14:08:16.203 [INFO] [FLUSH] [bc30b77a-a111-40] | Batch inserted successfully: 100 records
2025-10-15 14:08:16.206 [INFO] [FLUSH] [PERIODIC] | Flushing 20 records to MongoDB...
2025-10-15 14:08:16.209 [DEBUG] [FAULT] [a01eb4c1-a64d-46] | Received fault code 1 for device ESDL453
2025-10-15 14:08:16.216 [INFO] [FLUSH] [PERIODIC] | Batch inserted successfully: 20 records
2025-10-15 14:08:16.271 [DEBUG] [FAULT] [e9584c7f-1b80-46] | Received fault code 3 for device ESDL242
2025-10-15 14:08:16.282 [DEBUG] [FAULT] [d48b5b79-fbcc-49] | Received fault code 4 for device ESDL450
2025-10-15 14:08:16.300 [DEBUG] [FAULT] [56c6a42f-2019-49] | Received fault code 2 for device ESDL468
2025-10-15 14:08:16.302 [DEBUG] [FAULT] [b87657d4-05af-4a] | Received fault code 5 for device ESDL578
2025-10-15 14:08:16.306 [DEBUG] [FAULT] [a6ffcdc4-267a-45] | Received fault code 2 for device ESDL357
2025-10-15 14:08:16.346 [DEBUG] [FAULT] [71a6ef84-1a2d-4b] | Received fault code 2 for device ESDL421
2025-10-15 14:08:16.357 [DEBUG] [FAULT] [6b6ba3be-221a-4b] | Received fault code 1 for device ESDL80
2025-10-15 14:08:16.369 [DEBUG] [FAULT] [96c67fa0-13af-49] | Received fault code 3 for device ESDL567
2025-10-15 14:08:16.371 [INFO] [FLUSH] [5b3a4b99-9660-4d] | Flushing 100 records to MongoDB...
2025-10-15 14:08:16.373 [DEBUG] [FAULT] [7ab171b3-0bd2-44] | Received fault code 1 for device ESDL316
2025-10-15 14:08:16.388 [DEBUG] [FAULT] [9d92cec3-9794-46] | Received fault code 4 for device ESDL493
2025-10-15 14:08:16.394 [DEBUG] [FAULT] [a87718a8-3705-41] | Received fault code 2 for device ESDL373
2025-10-15 14:08:16.404 [DEBUG] [FAULT] [b978cedd-c1a1-44] | Received fault code 3 for device ESDL87
2025-10-15 14:08:16.416 [DEBUG] [FAULT] [7e2531c3-3cc2-4c] | Received fault code 2 for device ESDL26
2025-10-15 14:08:16.416 [INFO] [FLUSH] [5b3a4b99-9660-4d] | Batch inserted successfully: 100 records
2025-10-15 14:08:16.416 [INFO] [FLUSH] [PERIODIC] | Flushing 24 records to MongoDB...
2025-10-15 14:08:16.422 [INFO] [FLUSH] [PERIODIC] | Batch inserted successfully: 24 records
2025-10-15 14:08:16.427 [DEBUG] [FAULT] [ef18c882-2af9-4e] | Received fault code 1 for device ESDL410
2025-10-15 14:08:16.436 [DEBUG] [FAULT] [29043e32-3751-44] | Received fault code 4 for device ESDL12
2025-10-15 14:08:16.442 [DEBUG] [FAULT] [a3a00bb6-42f5-4b] | Received fault code 2 for device ESDL67
2025-10-15 14:08:16.452 [DEBUG] [FAULT] [fab4a99e-b04b-43] | Received fault code 5 for device ESDL267
2025-10-15 14:08:16.490 [DEBUG] [FAULT] [1742ae3c-bb32-43] | Received fault code 1 for device ESDL530
2025-10-15 14:08:16.511 [DEBUG] [FAULT] [7ea66c1a-b442-44] | Received fault code 5 for device ESDL158
2025-10-15 14:08:16.519 [DEBUG] [FAULT] [a116b63d-f403-4a] | Received fault code 1 for device ESDL548
2025-10-15 14:08:16.564 [DEBUG] [FAULT] [8e1d215e-3c19-47] | Received fault code 4 for device ESDL525
2025-10-15 14:08:16.582 [INFO] [FLUSH] [a08ea8e5-0bd8-4b] | Flushing 100 records to MongoDB...
2025-10-15 14:08:16.590 [DEBUG] [FAULT] [e8a7cb89-8d7c-4f] | Received fault code 2 for device ESDL484
2025-10-15 14:08:16.595 [DEBUG] [FAULT] [71a3616e-d268-4e] | Received fault code 4 for device ESDL401
2025-10-15 14:08:16.624 [DEBUG] [FAULT] [1fcee231-2a9e-49] | Received fault code 2 for device ESDL98
2025-10-15 14:08:16.631 [DEBUG] [FAULT] [c700cd72-41a6-49] | Received fault code 3 for device ESDL334
2025-10-15 14:08:16.636 [DEBUG] [FAULT] [f58969d2-f7b2-4a] | Received fault code 4 for device ESDL386
2025-10-15 14:08:16.668 [DEBUG] [FAULT] [2d181659-dccf-4c] | Received fault code 2 for device ESDL438
2025-10-15 14:08:16.673 [INFO] [FLUSH] [a08ea8e5-0bd8-4b] | Batch inserted successfully: 100 records
2025-10-15 14:08:16.673 [INFO] [FLUSH] [PERIODIC] | Flushing 51 records to MongoDB...
2025-10-15 14:08:16.680 [DEBUG] [FAULT] [1e5f8fc0-f9f3-41] | Received fault code 5 for device ESDL29
2025-10-15 14:08:16.684 [DEBUG] [FAULT] [e6ec518c-a0b3-48] | Received fault code 1 for device ESDL93
2025-10-15 14:08:16.693 [INFO] [FLUSH] [PERIODIC] | Batch inserted successfully: 51 records
2025-10-15 14:08:16.703 [DEBUG] [FAULT] [fb246f17-537a-41] | Received fault code 5 for device ESDL380
2025-10-15 14:08:16.712 [DEBUG] [FAULT] [a4728bc2-34bb-4c] | Received fault code 1 for device ESDL87
2025-10-15 14:08:16.754 [DEBUG] [FAULT] [1c2594c4-d7ac-47] | Received fault code 1 for device ESDL461
2025-10-15 14:08:16.792 [DEBUG] [FAULT] [7203eb56-f868-42] | Received fault code 3 for device ESDL206
2025-10-15 14:08:16.795 [DEBUG] [FAULT] [89b6a0bb-101f-4f] | Received fault code 5 for device ESDL7
2025-10-15 14:08:16.806 [INFO] [FLUSH] [PERIODIC] | Flushing 79 records to MongoDB...
2025-10-15 14:08:16.807 [DEBUG] [FAULT] [90626941-27d6-40] | Received fault code 3 for device ESDL296
2025-10-15 14:08:16.820 [DEBUG] [FAULT] [eac0a844-7bf5-43] | Received fault code 1 for device ESDL470
2025-10-15 14:08:16.822 [INFO] [FLUSH] [PERIODIC] | Batch inserted successfully: 79 records
2025-10-15 14:08:16.826 [DEBUG] [FAULT] [00f1e094-3a09-48] | Received fault code 2 for device ESDL314
2025-10-15 14:08:16.838 [DEBUG] [FAULT] [e4b558cb-4913-44] | Received fault code 2 for device ESDL176
2025-10-15 14:08:16.851 [DEBUG] [FAULT] [22dcfc11-90f9-4a] | Received fault code 3 for device ESDL40
2025-10-15 14:08:16.873 [DEBUG] [FAULT] [646b94b8-b022-47] | Received fault code 4 for device ESDL216
2025-10-15 14:08:16.955 [DEBUG] [FAULT] [febaa0fd-49e6-46] | Received fault code 3 for device ESDL598
2025-10-15 14:08:16.956 [DEBUG] [FAULT] [cdcb3873-14b2-4e] | Received fault code 2 for device ESDL53
2025-10-15 14:08:16.972 [INFO] [FLUSH] [007ae4b9-9fac-41] | Flushing 100 records to MongoDB...
2025-10-15 14:08:16.981 [DEBUG] [FAULT] [8a73ba81-31d9-42] | Received fault code 2 for device ESDL183
2025-10-15 14:08:16.984 [DEBUG] [FAULT] [5f2d9b48-934f-41] | Received fault code 3 for device ESDL37
2025-10-15 14:08:16.998 [DEBUG] [FAULT] [4bb95e92-2006-4a] | Received fault code 4 for device ESDL223
2025-10-15 14:08:17.003 [INFO] [FLUSH] [007ae4b9-9fac-41] | Batch inserted successfully: 100 records
2025-10-15 14:08:17.006 [INFO] [FLUSH] [PERIODIC] | Flushing 19 records to MongoDB...
2025-10-15 14:08:17.006 [DEBUG] [FAULT] [2a4ea82a-653d-4d] | Received fault code 3 for device ESDL546
2025-10-15 14:08:17.013 [INFO] [FLUSH] [PERIODIC] | Batch inserted successfully: 19 records
2025-10-15 14:08:17.026 [DEBUG] [FAULT] [d9f9e9c2-11c9-40] | Received fault code 1 for device ESDL241
2025-10-15 14:08:17.039 [DEBUG] [FAULT] [5c7ea104-520b-4c] | Received fault code 1 for device ESDL569
2025-10-15 14:08:17.049 [DEBUG] [FAULT] [0c02019d-cf83-48] | Received fault code 3 for device ESDL22
2025-10-15 14:08:17.102 [DEBUG] [FAULT] [0f7e6947-3bdb-49] | Received fault code 5 for device ESDL409
2025-10-15 14:08:17.136 [DEBUG] [FAULT] [645f9eed-3d65-4c] | Received fault code 2 for device ESDL262
2025-10-15 14:08:17.170 [INFO] [FLUSH] [f5047366-aaad-43] | Flushing 100 records to MongoDB...
2025-10-15 14:08:17.182 [DEBUG] [FAULT] [a66ab842-2b0d-4c] | Received fault code 3 for device ESDL159
2025-10-15 14:08:17.203 [INFO] [FLUSH] [f5047366-aaad-43] | Batch inserted successfully: 100 records
2025-10-15 14:08:17.205 [INFO] [FLUSH] [PERIODIC] | Flushing 21 records to MongoDB...
2025-10-15 14:08:17.213 [INFO] [FLUSH] [PERIODIC] | Batch inserted successfully: 21 records
2025-10-15 14:08:17.222 [DEBUG] [FAULT] [fddf0a7f-e08e-4d] | Received fault code 2 for device ESDL388
2025-10-15 14:08:17.225 [DEBUG] [FAULT] [0b214bac-cd6c-47] | Received fault code 5 for device ESDL372
2025-10-15 14:08:17.232 [DEBUG] [FAULT] [6bb1864b-6a41-4b] | Received fault code 4 for device ESDL537
2025-10-15 14:08:17.255 [DEBUG] [FAULT] [0f4549c0-ecf8-4e] | Received fault code 2 for device ESDL214
2025-10-15 14:08:17.268 [DEBUG] [FAULT] [02d22b88-1a6b-4c] | Received fault code 4 for device ESDL25
2025-10-15 14:08:17.316 [DEBUG] [FAULT] [297b8f97-06cb-42] | Received fault code 5 for device ESDL219
2025-10-15 14:08:17.339 [DEBUG] [FAULT] [56b04f85-b02d-4a] | Received fault code 2 for device ESDL2
2025-10-15 14:08:17.349 [DEBUG] [FAULT] [927d053d-a5a7-40] | Received fault code 1 for device ESDL101
2025-10-15 14:08:17.350 [DEBUG] [FAULT] [7ad5cc6a-51cf-42] | Received fault code 1 for device ESDL137
2025-10-15 14:08:17.354 [DEBUG] [FAULT] [f5014e38-d18b-40] | Received fault code 5 for device ESDL76
2025-10-15 14:08:17.373 [INFO] [FLUSH] [5e2802a8-87c1-48] | Flushing 100 records to MongoDB...
2025-10-15 14:08:17.392 [DEBUG] [FAULT] [b397e113-7bd8-4f] | Received fault code 3 for device ESDL182
2025-10-15 14:08:17.406 [DEBUG] [FAULT] [2ea7ef17-ff07-4a] | Received fault code 4 for device ESDL552
2025-10-15 14:08:17.410 [INFO] [FLUSH] [5e2802a8-87c1-48] | Batch inserted successfully: 100 records
2025-10-15 14:08:17.410 [INFO] [FLUSH] [PERIODIC] | Flushing 22 records to MongoDB...
2025-10-15 14:08:17.420 [INFO] [FLUSH] [PERIODIC] | Batch inserted successfully: 22 records
2025-10-15 14:08:17.457 [DEBUG] [FAULT] [f28cf1ab-3e2a-44] | Received fault code 4 for device ESDL189
2025-10-15 14:08:17.459 [DEBUG] [FAULT] [fe33d63a-2ffb-48] | Received fault code 4 for device ESDL111
2025-10-15 14:08:17.471 [DEBUG] [FAULT] [8c65e413-d36d-4e] | Received fault code 2 for device ESDL562
2025-10-15 14:08:17.509 [DEBUG] [FAULT] [22a93e54-31aa-4c] | Received fault code 4 for device ESDL283
2025-10-15 14:08:17.516 [DEBUG] [FAULT] [bc99de4c-4229-4b] | Received fault code 5 for device ESDL28
2025-10-15 14:08:17.545 [DEBUG] [FAULT] [2c4d6725-0cee-4e] | Received fault code 1 for device ESDL321
2025-10-15 14:08:17.553 [DEBUG] [FAULT] [fd776701-c23c-4c] | Received fault code 1 for device ESDL82
2025-10-15 14:08:17.555 [DEBUG] [FAULT] [94898e33-955e-4f] | Received fault code 3 for device ESDL527
2025-10-15 14:08:17.565 [DEBUG] [FAULT] [a88e249b-a012-43] | Received fault code 4 for device ESDL28
2025-10-15 14:08:17.575 [INFO] [FLUSH] [ac2f8a14-bd3a-47] | Flushing 100 records to MongoDB...
2025-10-15 14:08:17.589 [DEBUG] [FAULT] [1b4a9032-dcc3-4c] | Received fault code 2 for device ESDL54
2025-10-15 14:08:17.603 [DEBUG] [FAULT] [e78423bf-da52-4f] | Received fault code 1 for device ESDL488
2025-10-15 14:08:17.607 [INFO] [FLUSH] [ac2f8a14-bd3a-47] | Batch inserted successfully: 100 records
2025-10-15 14:08:17.607 [INFO] [FLUSH] [PERIODIC] | Flushing 19 records to MongoDB...
2025-10-15 14:08:17.614 [DEBUG] [FAULT] [8fa4abca-b0f0-40] | Received fault code 5 for device ESDL293
2025-10-15 14:08:17.614 [INFO] [FLUSH] [PERIODIC] | Batch inserted successfully: 19 records
2025-10-15 14:08:17.619 [DEBUG] [FAULT] [af34e684-66f0-41] | Received fault code 5 for device ESDL595
2025-10-15 14:08:17.679 [DEBUG] [FAULT] [f56ecc99-7422-43] | Received fault code 4 for device ESDL32
2025-10-15 14:08:17.706 [DEBUG] [FAULT] [e52d9a64-a7a7-4c] | Received fault code 3 for device ESDL380
2025-10-15 14:08:17.721 [DEBUG] [FAULT] [ad3091da-664d-4b] | Received fault code 4 for device ESDL150
2025-10-15 14:08:17.731 [DEBUG] [FAULT] [42a9d3c0-9326-4a] | Received fault code 1 for device ESDL428
2025-10-15 14:08:17.732 [DEBUG] [FAULT] [453772fd-8325-4b] | Received fault code 4 for device ESDL429
2025-10-15 14:08:17.752 [DEBUG] [FAULT] [7edf1afb-0d36-40] | Received fault code 4 for device ESDL362
2025-10-15 14:08:17.762 [DEBUG] [FAULT] [82d739a3-5d9c-44] | Received fault code 4 for device ESDL78
2025-10-15 14:08:17.774 [INFO] [FLUSH] [19ac4bb6-7a4d-47] | Flushing 100 records to MongoDB...
2025-10-15 14:08:17.784 [DEBUG] [FAULT] [167d7462-7c1d-4b] | Received fault code 4 for device ESDL595
2025-10-15 14:08:17.785 [DEBUG] [FAULT] [86c31a0a-0a7d-40] | Received fault code 1 for device ESDL128
2025-10-15 14:08:17.807 [DEBUG] [FAULT] [56081caf-c8a6-40] | Received fault code 2 for device ESDL319
2025-10-15 14:08:17.808 [INFO] [FLUSH] [19ac4bb6-7a4d-47] | Batch inserted successfully: 100 records
2025-10-15 14:08:17.809 [INFO] [FLUSH] [PERIODIC] | Flushing 20 records to MongoDB...
2025-10-15 14:08:17.817 [INFO] [FLUSH] [PERIODIC] | Batch inserted successfully: 20 records
2025-10-15 14:08:17.837 [DEBUG] [FAULT] [92e6993e-9a9e-42] | Received fault code 4 for device ESDL372
2025-10-15 14:08:17.846 [DEBUG] [FAULT] [6928045b-29dd-4f] | Received fault code 1 for device ESDL30
2025-10-15 14:08:17.866 [DEBUG] [FAULT] [5718a4df-e92d-49] | Received fault code 5 for device ESDL68
2025-10-15 14:08:17.867 [DEBUG] [FAULT] [bf151a77-095f-42] | Received fault code 5 for device ESDL4
2025-10-15 14:08:17.884 [DEBUG] [FAULT] [57252fd2-a1b9-45] | Received fault code 3 for device ESDL122
2025-10-15 14:08:17.904 [DEBUG] [FAULT] [c3a263c3-0e6f-4e] | Received fault code 4 for device ESDL267
2025-10-15 14:08:17.913 [DEBUG] [FAULT] [9c823f5d-33c9-46] | Received fault code 3 for device ESDL298
2025-10-15 14:08:17.917 [DEBUG] [FAULT] [9e3a072a-6a91-48] | Received fault code 5 for device ESDL396
2025-10-15 14:08:17.971 [DEBUG] [FAULT] [d67f281c-49ef-4f] | Received fault code 5 for device ESDL508
2025-10-15 14:08:17.974 [INFO] [FLUSH] [db1caacc-63bf-41] | Flushing 100 records to MongoDB...
2025-10-15 14:08:17.985 [DEBUG] [FAULT] [ab0576b0-fdf6-46] | Received fault code 3 for device ESDL553
2025-10-15 14:08:17.987 [DEBUG] [FAULT] [9550c87b-c79c-4a] | Received fault code 4 for device ESDL135
2025-10-15 14:08:18.001 [DEBUG] [FAULT] [92f1e48a-db02-4f] | Received fault code 1 for device ESDL534
2025-10-15 14:08:18.006 [INFO] [FLUSH] [db1caacc-63bf-41] | Batch inserted successfully: 100 records
2025-10-15 14:08:18.009 [INFO] [FLUSH] [PERIODIC] | Flushing 19 records to MongoDB...
2025-10-15 14:08:18.016 [INFO] [FLUSH] [PERIODIC] | Batch inserted successfully: 19 records
2025-10-15 14:08:18.044 [DEBUG] [FAULT] [40373c82-92fe-42] | Received fault code 1 for device ESDL327
2025-10-15 14:08:18.067 [DEBUG] [FAULT] [e5ba30b3-fdf9-4c] | Received fault code 1 for device ESDL320
2025-10-15 14:08:18.092 [DEBUG] [FAULT] [57264ecb-2fe5-45] | Received fault code 4 for device ESDL342
2025-10-15 14:08:18.134 [DEBUG] [FAULT] [92cab832-9bfe-43] | Received fault code 5 for device ESDL368
2025-10-15 14:08:18.160 [DEBUG] [FAULT] [480a1308-90a7-49] | Received fault code 2 for device ESDL180
2025-10-15 14:08:18.173 [INFO] [FLUSH] [65dbac66-c3c9-4b] | Flushing 100 records to MongoDB...
2025-10-15 14:08:18.184 [DEBUG] [FAULT] [f928cb8b-0983-49] | Received fault code 1 for device ESDL488
2025-10-15 14:08:18.191 [DEBUG] [FAULT] [7c0fdd67-2bd5-4f] | Received fault code 3 for device ESDL269
2025-10-15 14:08:18.199 [DEBUG] [FAULT] [f0e5d2f7-be4b-43] | Received fault code 4 for device ESDL500
2025-10-15 14:08:18.203 [INFO] [FLUSH] [65dbac66-c3c9-4b] | Batch inserted successfully: 100 records
2025-10-15 14:08:18.204 [DEBUG] [FAULT] [cbb688b8-44f6-4a] | Received fault code 3 for device ESDL276
2025-10-15 14:08:18.206 [INFO] [FLUSH] [PERIODIC] | Flushing 19 records to MongoDB...
2025-10-15 14:08:18.206 [DEBUG] [FAULT] [59e76485-a243-49] | Received fault code 2 for device ESDL177
2025-10-15 14:08:18.213 [INFO] [FLUSH] [PERIODIC] | Batch inserted successfully: 19 records
2025-10-15 14:08:18.214 [DEBUG] [FAULT] [3ff217f7-252b-44] | Received fault code 1 for device ESDL412
2025-10-15 14:08:18.250 [DEBUG] [FAULT] [a0114e2d-e35a-49] | Received fault code 4 for device ESDL263
2025-10-15 14:08:18.254 [DEBUG] [FAULT] [ecdc02ca-9e8d-45] | Received fault code 4 for device ESDL104
2025-10-15 14:08:18.311 [DEBUG] [FAULT] [256d0362-fc6b-4d] | Received fault code 5 for device ESDL125
2025-10-15 14:08:18.322 [DEBUG] [FAULT] [f61f2e76-a9be-4e] | Received fault code 4 for device ESDL109
2025-10-15 14:08:18.338 [DEBUG] [FAULT] [4a0b0c27-b135-48] | Received fault code 1 for device ESDL106
2025-10-15 14:08:18.371 [DEBUG] [FAULT] [e4bb9cc1-308a-4f] | Received fault code 5 for device ESDL87
2025-10-15 14:08:18.371 [INFO] [FLUSH] [e4bb9cc1-308a-4f] | Flushing 100 records to MongoDB...
2025-10-15 14:08:18.405 [INFO] [FLUSH] [e4bb9cc1-308a-4f] | Batch inserted successfully: 100 records
2025-10-15 14:08:18.406 [INFO] [FLUSH] [PERIODIC] | Flushing 21 records to MongoDB...
2025-10-15 14:08:18.415 [INFO] [FLUSH] [PERIODIC] | Batch inserted successfully: 21 records
2025-10-15 14:08:18.423 [DEBUG] [FAULT] [dc8396ae-2128-4d] | Received fault code 5 for device ESDL174
2025-10-15 14:08:18.432 [DEBUG] [FAULT] [457d10af-49fc-46] | Received fault code 1 for device ESDL208
2025-10-15 14:08:18.488 [DEBUG] [FAULT] [b208a7b6-d0bc-4d] | Received fault code 1 for device ESDL498
2025-10-15 14:08:18.507 [DEBUG] [FAULT] [5797fe08-d081-42] | Received fault code 4 for device ESDL506
2025-10-15 14:08:18.517 [DEBUG] [FAULT] [5c51d37e-54f3-4e] | Received fault code 5 for device ESDL422
2025-10-15 14:08:18.519 [DEBUG] [FAULT] [6bc8eee1-e13a-4b] | Received fault code 3 for device ESDL554
2025-10-15 14:08:18.529 [DEBUG] [FAULT] [545d9152-3fdb-45] | Received fault code 5 for device ESDL5
2025-10-15 14:08:18.534 [DEBUG] [FAULT] [e4c94795-dbe2-46] | Received fault code 1 for device ESDL262
2025-10-15 14:08:18.540 [DEBUG] [FAULT] [a38b1fc6-ff40-4f] | Received fault code 3 for device ESDL341
2025-10-15 14:08:18.543 [DEBUG] [FAULT] [21f82df3-b567-42] | Received fault code 2 for device ESDL560
2025-10-15 14:08:18.556 [DEBUG] [FAULT] [9a6a0fa0-93e8-44] | Received fault code 4 for device ESDL421
2025-10-15 14:08:18.566 [DEBUG] [FAULT] [2f1924f4-2526-40] | Received fault code 5 for device ESDL359
2025-10-15 14:08:18.573 [INFO] [FLUSH] [fd8a04cb-b62e-4f] | Flushing 100 records to MongoDB...
2025-10-15 14:08:18.578 [DEBUG] [FAULT] [4b62db7a-f1c6-41] | Received fault code 1 for device ESDL23
2025-10-15 14:08:18.578 [DEBUG] [FAULT] [c96bb68d-919a-46] | Received fault code 3 for device ESDL306
2025-10-15 14:08:18.581 [DEBUG] [FAULT] [e9fdecbd-21df-48] | Received fault code 4 for device ESDL513
2025-10-15 14:08:18.596 [DEBUG] [FAULT] [409dd2aa-4d14-44] | Received fault code 2 for device ESDL472
2025-10-15 14:08:18.602 [DEBUG] [FAULT] [7da97916-bc4a-43] | Received fault code 2 for device ESDL388
2025-10-15 14:08:18.605 [INFO] [FLUSH] [fd8a04cb-b62e-4f] | Batch inserted successfully: 100 records
2025-10-15 14:08:18.606 [INFO] [FLUSH] [PERIODIC] | Flushing 19 records to MongoDB...
2025-10-15 14:08:18.615 [INFO] [FLUSH] [PERIODIC] | Batch inserted successfully: 19 records
2025-10-15 14:08:18.646 [DEBUG] [FAULT] [03faea38-2e26-48] | Received fault code 3 for device ESDL245
2025-10-15 14:08:18.657 [DEBUG] [FAULT] [66801c5a-513f-41] | Received fault code 5 for device ESDL351
2025-10-15 14:08:18.676 [DEBUG] [FAULT] [6b1b66a1-ec7f-4f] | Received fault code 4 for device ESDL263
2025-10-15 14:08:18.697 [DEBUG] [FAULT] [976c3016-9308-47] | Received fault code 2 for device ESDL3
2025-10-15 14:08:18.700 [DEBUG] [FAULT] [8d97cc73-a12f-4b] | Received fault code 3 for device ESDL469
2025-10-15 14:08:18.730 [DEBUG] [FAULT] [f8f2505b-8bae-43] | Received fault code 1 for device ESDL12
2025-10-15 14:08:18.739 [DEBUG] [FAULT] [352bc120-cb78-45] | Received fault code 5 for device ESDL449
2025-10-15 14:08:18.744 [DEBUG] [FAULT] [17f69d69-fe71-44] | Received fault code 5 for device ESDL380
2025-10-15 14:08:18.770 [INFO] [FLUSH] [f8979810-81bc-41] | Flushing 100 records to MongoDB...
2025-10-15 14:08:18.779 [DEBUG] [FAULT] [fbde7898-b571-48] | Received fault code 3 for device ESDL397
2025-10-15 14:08:18.800 [INFO] [FLUSH] [f8979810-81bc-41] | Batch inserted successfully: 100 records
2025-10-15 14:08:18.806 [INFO] [FLUSH] [PERIODIC] | Flushing 20 records to MongoDB...
2025-10-15 14:08:18.812 [INFO] [FLUSH] [PERIODIC] | Batch inserted successfully: 20 records
2025-10-15 14:08:18.813 [DEBUG] [FAULT] [44177e97-b5ff-49] | Received fault code 2 for device ESDL165
2025-10-15 14:08:18.861 [DEBUG] [FAULT] [b58df73a-19ae-41] | Received fault code 3 for device ESDL1
2025-10-15 14:08:18.873 [DEBUG] [FAULT] [b599fbcd-81c5-4f] | Received fault code 5 for device ESDL288
2025-10-15 14:08:18.880 [DEBUG] [FAULT] [aa4d9937-263f-44] | Received fault code 1 for device ESDL240
2025-10-15 14:08:18.882 [DEBUG] [FAULT] [1adf25d7-5cea-45] | Received fault code 2 for device ESDL58
2025-10-15 14:08:18.906 [DEBUG] [FAULT] [7376a4cc-f7ed-46] | Received fault code 3 for device ESDL18
2025-10-15 14:08:18.917 [DEBUG] [FAULT] [41d32d05-ce8c-4f] | Received fault code 5 for device ESDL459
2025-10-15 14:08:18.922 [DEBUG] [FAULT] [d37d6ca6-3b1f-4e] | Received fault code 3 for device ESDL157
2025-10-15 14:08:18.946 [DEBUG] [FAULT] [c2963cac-2e0c-4c] | Received fault code 4 for device ESDL288
2025-10-15 14:08:18.953 [DEBUG] [FAULT] [0b6ced6e-16e6-47] | Received fault code 1 for device ESDL434
2025-10-15 14:08:18.960 [DEBUG] [FAULT] [c3a4d9c5-cdbf-45] | Received fault code 2 for device ESDL426
2025-10-15 14:08:18.965 [DEBUG] [FAULT] [c9f026f9-4603-44] | Received fault code 1 for device ESDL281
2025-10-15 14:08:18.971 [INFO] [FLUSH] [26ad36c1-56c4-4f] | Flushing 100 records to MongoDB...
2025-10-15 14:08:18.985 [DEBUG] [FAULT] [fb835183-048a-4c] | Received fault code 3 for device ESDL276
2025-10-15 14:08:18.995 [DEBUG] [FAULT] [84d02dad-c6b3-49] | Received fault code 5 for device ESDL384
2025-10-15 14:08:19.034 [DEBUG] [FAULT] [23a68239-9e5f-4a] | Received fault code 2 for device ESDL9
2025-10-15 14:08:19.050 [INFO] [FLUSH] [26ad36c1-56c4-4f] | Batch inserted successfully: 100 records
2025-10-15 14:08:19.050 [INFO] [FLUSH] [PERIODIC] | Flushing 45 records to MongoDB...
2025-10-15 14:08:19.059 [DEBUG] [FAULT] [7497f2d7-4fa6-4e] | Received fault code 4 for device ESDL422
2025-10-15 14:08:19.065 [INFO] [FLUSH] [PERIODIC] | Batch inserted successfully: 45 records
2025-10-15 14:08:19.066 [DEBUG] [FAULT] [df13053a-22be-4e] | Received fault code 3 for device ESDL407
2025-10-15 14:08:19.077 [DEBUG] [FAULT] [28d5bc12-98f3-4d] | Received fault code 5 for device ESDL242
2025-10-15 14:08:19.124 [DEBUG] [FAULT] [37a9d328-67ab-40] | Received fault code 1 for device ESDL398
2025-10-15 14:08:19.153 [DEBUG] [FAULT] [3809dd4f-3192-47] | Received fault code 2 for device ESDL402
2025-10-15 14:08:19.162 [DEBUG] [FAULT] [fd4aa1bd-c867-4e] | Received fault code 4 for device ESDL426
2025-10-15 14:08:19.164 [DEBUG] [FAULT] [310dd836-89a3-44] | Received fault code 3 for device ESDL434
2025-10-15 14:08:19.180 [DEBUG] [FAULT] [c6837f7c-533c-4b] | Received fault code 2 for device ESDL401
2025-10-15 14:08:19.182 [DEBUG] [FAULT] [2326a4e1-0672-4f] | Received fault code 1 for device ESDL370
2025-10-15 14:08:19.200 [DEBUG] [FAULT] [bffa7480-0330-4e] | Received fault code 1 for device ESDL82
2025-10-15 14:08:19.206 [INFO] [FLUSH] [PERIODIC] | Flushing 94 records to MongoDB...
2025-10-15 14:08:19.207 [DEBUG] [FAULT] [1aa7c41d-4eca-42] | Received fault code 1 for device ESDL221
2025-10-15 14:08:19.217 [DEBUG] [FAULT] [3733e5d6-6c7a-40] | Received fault code 3 for device ESDL218
2025-10-15 14:08:19.224 [DEBUG] [FAULT] [31947ac6-3160-4c] | Received fault code 5 for device ESDL488
2025-10-15 14:08:19.226 [INFO] [FLUSH] [PERIODIC] | Batch inserted successfully: 94 records
2025-10-15 14:08:19.233 [DEBUG] [FAULT] [d159d2a0-7479-4c] | Received fault code 4 for device ESDL473
2025-10-15 14:08:19.233 [DEBUG] [FAULT] [52cc6a41-ac57-42] | Received fault code 1 for device ESDL381
2025-10-15 14:08:19.240 [DEBUG] [FAULT] [1b933de4-6fd9-4e] | Received fault code 3 for device ESDL87
2025-10-15 14:08:19.269 [DEBUG] [FAULT] [5436023c-db75-4e] | Received fault code 1 for device ESDL7
2025-10-15 14:08:19.317 [DEBUG] [FAULT] [aeeaf384-d290-4b] | Received fault code 3 for device ESDL450
2025-10-15 14:08:19.322 [DEBUG] [FAULT] [3ceb9592-d129-47] | Received fault code 1 for device ESDL494
2025-10-15 14:08:19.343 [DEBUG] [FAULT] [e5c34e38-868c-46] | Received fault code 5 for device ESDL118
2025-10-15 14:08:19.372 [INFO] [FLUSH] [20473990-8c20-43] | Flushing 100 records to MongoDB...
2025-10-15 14:08:19.394 [INFO] [FLUSH] [20473990-8c20-43] | Batch inserted successfully: 100 records
2025-10-15 14:08:19.405 [INFO] [FLUSH] [PERIODIC] | Flushing 20 records to MongoDB...
2025-10-15 14:08:19.410 [INFO] [FLUSH] [PERIODIC] | Batch inserted successfully: 20 records
2025-10-15 14:08:19.423 [DEBUG] [FAULT] [13bbd68e-ba19-47] | Received fault code 1 for device ESDL131
2025-10-15 14:08:19.428 [DEBUG] [FAULT] [cfc72c2f-775d-4d] | Received fault code 4 for device ESDL524
2025-10-15 14:08:19.463 [DEBUG] [FAULT] [7184c84d-6073-4a] | Received fault code 3 for device ESDL232
2025-10-15 14:08:19.480 [DEBUG] [FAULT] [2f64b840-a0e9-43] | Received fault code 1 for device ESDL230
2025-10-15 14:08:19.484 [DEBUG] [FAULT] [63f1b246-e497-43] | Received fault code 3 for device ESDL17
2025-10-15 14:08:19.500 [DEBUG] [FAULT] [dde84a8a-f940-4c] | Received fault code 5 for device ESDL182
2025-10-15 14:08:19.511 [DEBUG] [FAULT] [6c4c80f9-3cad-48] | Received fault code 4 for device ESDL421
2025-10-15 14:08:19.519 [DEBUG] [FAULT] [67f9dc40-98d9-47] | Received fault code 5 for device ESDL244
2025-10-15 14:08:19.526 [DEBUG] [FAULT] [edc2c151-9c21-44] | Received fault code 1 for device ESDL221
2025-10-15 14:08:19.527 [DEBUG] [FAULT] [a5d0701d-00eb-4b] | Received fault code 3 for device ESDL124
2025-10-15 14:08:19.529 [DEBUG] [FAULT] [6967d347-fb3c-42] | Received fault code 4 for device ESDL208
2025-10-15 14:08:19.546 [DEBUG] [FAULT] [76b2858d-89f6-47] | Received fault code 4 for device ESDL188
2025-10-15 14:08:19.557 [DEBUG] [FAULT] [ca7addde-b950-42] | Received fault code 5 for device ESDL486
2025-10-15 14:08:19.560 [DEBUG] [FAULT] [99722cae-8c39-40] | Received fault code 3 for device ESDL337
2025-10-15 14:08:19.566 [DEBUG] [FAULT] [c052e9eb-5559-44] | Received fault code 3 for device ESDL168
2025-10-15 14:08:19.573 [INFO] [FLUSH] [9ba3aeee-568f-47] | Flushing 100 records to MongoDB...
2025-10-15 14:08:19.615 [DEBUG] [FAULT] [4adb91fd-c711-40] | Received fault code 5 for device ESDL186
2025-10-15 14:08:19.624 [DEBUG] [FAULT] [8dba850e-6071-45] | Received fault code 1 for device ESDL469
2025-10-15 14:08:19.650 [INFO] [FLUSH] [9ba3aeee-568f-47] | Batch inserted successfully: 100 records
2025-10-15 14:08:19.650 [INFO] [FLUSH] [PERIODIC] | Flushing 45 records to MongoDB...
2025-10-15 14:08:19.670 [DEBUG] [FAULT] [65f84bb0-28df-4b] | Received fault code 1 for device ESDL344
2025-10-15 14:08:19.674 [INFO] [FLUSH] [PERIODIC] | Batch inserted successfully: 45 records
2025-10-15 14:08:19.725 [DEBUG] [FAULT] [e3892f0d-170e-4f] | Received fault code 1 for device ESDL353
2025-10-15 14:08:19.729 [DEBUG] [FAULT] [f1047fc5-3b81-42] | Received fault code 1 for device ESDL525
2025-10-15 14:08:19.754 [DEBUG] [FAULT] [bda9bcbf-5afe-4f] | Received fault code 1 for device ESDL361
2025-10-15 14:08:19.760 [DEBUG] [FAULT] [d500cc75-8d36-4b] | Received fault code 5 for device ESDL450
2025-10-15 14:08:19.770 [DEBUG] [FAULT] [4388f640-68b4-4d] | Received fault code 4 for device ESDL173
2025-10-15 14:08:19.774 [DEBUG] [FAULT] [82ce8705-1e2a-4d] | Received fault code 4 for device ESDL351
2025-10-15 14:08:19.777 [DEBUG] [FAULT] [77c9505b-2d5c-4c] | Received fault code 5 for device ESDL387
2025-10-15 14:08:19.783 [DEBUG] [FAULT] [3c01e7b6-fb28-4c] | Received fault code 4 for device ESDL439
2025-10-15 14:08:19.806 [INFO] [FLUSH] [PERIODIC] | Flushing 92 records to MongoDB...
2025-10-15 14:08:19.808 [DEBUG] [FAULT] [90a76d10-2714-42] | Received fault code 1 for device ESDL445
2025-10-15 14:08:19.825 [INFO] [FLUSH] [PERIODIC] | Batch inserted successfully: 92 records
2025-10-15 14:08:19.835 [DEBUG] [FAULT] [3e37dccb-f6a7-44] | Received fault code 2 for device ESDL478
2025-10-15 14:08:19.898 [DEBUG] [FAULT] [1c95bf2c-f80b-43] | Received fault code 2 for device ESDL460
2025-10-15 14:08:19.956 [DEBUG] [FAULT] [827e3c70-a5c1-46] | Received fault code 5 for device ESDL363
2025-10-15 14:08:19.961 [DEBUG] [FAULT] [42246fa8-721e-45] | Received fault code 1 for device ESDL229
2025-10-15 14:08:19.970 [INFO] [FLUSH] [c164cea5-5b9f-4f] | Flushing 100 records to MongoDB...
2025-10-15 14:08:19.990 [INFO] [FLUSH] [c164cea5-5b9f-4f] | Batch inserted successfully: 100 records
2025-10-15 14:08:20.006 [INFO] [FLUSH] [PERIODIC] | Flushing 21 records to MongoDB...
2025-10-15 14:08:20.012 [INFO] [FLUSH] [PERIODIC] | Batch inserted successfully: 21 records
2025-10-15 14:08:20.021 [DEBUG] [FAULT] [6f24af64-729b-40] | Received fault code 2 for device ESDL362
2025-10-15 14:08:20.036 [DEBUG] [FAULT] [64a4344d-254b-4c] | Received fault code 1 for device ESDL289
2025-10-15 14:08:20.206 [INFO] [FLUSH] [PERIODIC] | Flushing 19 records to MongoDB...
2025-10-15 14:08:20.210 [INFO] [FLUSH] [PERIODIC] | Batch inserted successfully: 19 records
