2025-10-29 18:13:31.118 [INFO] [SHUTDOWN] [no-uuid-found] | Shutdown signal received
2025-10-29 18:13:31.123 [INFO] [SHUTDOWN] [no-uuid-found] | Starting graceful shutdown...
2025-10-29 18:13:31.625 [INFO] [SHUTDOWN] [no-uuid-found] | Shutdown complete. Total inserted: 0, Failed: 6000
2025-10-29 18:13:31.625 [INFO] [SHUTDOWN] [no-uuid-found] | Server exited gracefully
2025-10-29 18:22:08.676 [INFO] [STARTUP] [no-uuid-found] | Starting Solar Monitoring System...
2025-10-29 18:22:08.678 [INFO] [INIT] [no-uuid-found] | Data receiver initialized with influx
2025-10-29 18:22:14.711 [ERROR] [INFLUX_WRITE] [PERIODIC] | ❌ Batch insert FAILED — 92 records, Error: not found: bucket "solar_monitoring" not found
2025-10-29 18:22:14.711 [ERROR] [INFLUX_DEBUG] [PERIODIC] | Database: solar_monitoring, Client configured: true
2025-10-29 18:22:14.981 [ERROR] [INFLUX_WRITE] [PERIODIC] | ❌ Batch insert FAILED — 501 records, Error: not found: bucket "solar_monitoring" not found
2025-10-29 18:22:14.981 [ERROR] [INFLUX_DEBUG] [PERIODIC] | Database: solar_monitoring, Client configured: true
2025-10-29 18:22:15.250 [ERROR] [INFLUX_WRITE] [ff72c82f-ccd2-40] | ❌ Batch insert FAILED — 161 records, Error: not found: bucket "solar_monitoring" not found
2025-10-29 18:22:15.250 [ERROR] [INFLUX_DEBUG] [ff72c82f-ccd2-40] | Database: solar_monitoring, Client configured: true
2025-10-29 18:22:15.516 [ERROR] [INFLUX_WRITE] [310ad51b-69cd-4d] | ❌ Batch insert FAILED — 162 records, Error: not found: bucket "solar_monitoring" not found
2025-10-29 18:22:15.516 [ERROR] [INFLUX_DEBUG] [310ad51b-69cd-4d] | Database: solar_monitoring, Client configured: true
2025-10-29 18:22:15.784 [ERROR] [INFLUX_WRITE] [0b3214ac-068b-4a] | ❌ Batch insert FAILED — 159 records, Error: not found: bucket "solar_monitoring" not found
2025-10-29 18:22:15.784 [ERROR] [INFLUX_DEBUG] [0b3214ac-068b-4a] | Database: solar_monitoring, Client configured: true
2025-10-29 18:22:16.052 [ERROR] [INFLUX_WRITE] [d75883ba-c177-48] | ❌ Batch insert FAILED — 138 records, Error: not found: bucket "solar_monitoring" not found
2025-10-29 18:22:16.052 [ERROR] [INFLUX_DEBUG] [d75883ba-c177-48] | Database: solar_monitoring, Client configured: true
2025-10-29 18:22:16.328 [ERROR] [INFLUX_WRITE] [064a1761-9ed3-49] | ❌ Batch insert FAILED — 160 records, Error: not found: bucket "solar_monitoring" not found
2025-10-29 18:22:16.328 [ERROR] [INFLUX_DEBUG] [064a1761-9ed3-49] | Database: solar_monitoring, Client configured: true
2025-10-29 18:22:16.600 [ERROR] [INFLUX_WRITE] [37a2ab11-4320-41] | ❌ Batch insert FAILED — 166 records, Error: not found: bucket "solar_monitoring" not found
2025-10-29 18:22:16.600 [ERROR] [INFLUX_DEBUG] [37a2ab11-4320-41] | Database: solar_monitoring, Client configured: true
2025-10-29 18:22:16.865 [ERROR] [INFLUX_WRITE] [ec656f5f-81cf-4c] | ❌ Batch insert FAILED — 163 records, Error: not found: bucket "solar_monitoring" not found
2025-10-29 18:22:16.865 [ERROR] [INFLUX_DEBUG] [ec656f5f-81cf-4c] | Database: solar_monitoring, Client configured: true
2025-10-29 18:22:17.133 [ERROR] [INFLUX_WRITE] [6b54a3ba-1a6f-4e] | ❌ Batch insert FAILED — 159 records, Error: not found: bucket "solar_monitoring" not found
2025-10-29 18:22:17.133 [ERROR] [INFLUX_DEBUG] [6b54a3ba-1a6f-4e] | Database: solar_monitoring, Client configured: true
2025-10-29 18:22:17.405 [ERROR] [INFLUX_WRITE] [2a298443-75d2-40] | ❌ Batch insert FAILED — 160 records, Error: not found: bucket "solar_monitoring" not found
2025-10-29 18:22:17.405 [ERROR] [INFLUX_DEBUG] [2a298443-75d2-40] | Database: solar_monitoring, Client configured: true
2025-10-29 18:22:17.669 [ERROR] [INFLUX_WRITE] [0bae9c44-2014-4b] | ❌ Batch insert FAILED — 113 records, Error: not found: bucket "solar_monitoring" not found
2025-10-29 18:22:17.669 [ERROR] [INFLUX_DEBUG] [0bae9c44-2014-4b] | Database: solar_monitoring, Client configured: true
2025-10-29 18:22:17.934 [ERROR] [INFLUX_WRITE] [ac07c4c3-cb07-45] | ❌ Batch insert FAILED — 158 records, Error: not found: bucket "solar_monitoring" not found
2025-10-29 18:22:17.934 [ERROR] [INFLUX_DEBUG] [ac07c4c3-cb07-45] | Database: solar_monitoring, Client configured: true
2025-10-29 18:22:18.201 [ERROR] [INFLUX_WRITE] [e92a024f-f208-47] | ❌ Batch insert FAILED — 159 records, Error: not found: bucket "solar_monitoring" not found
2025-10-29 18:22:18.201 [ERROR] [INFLUX_DEBUG] [e92a024f-f208-47] | Database: solar_monitoring, Client configured: true
2025-10-29 18:22:18.473 [ERROR] [INFLUX_WRITE] [eb728c68-7584-4f] | ❌ Batch insert FAILED — 161 records, Error: not found: bucket "solar_monitoring" not found
2025-10-29 18:22:18.473 [ERROR] [INFLUX_DEBUG] [eb728c68-7584-4f] | Database: solar_monitoring, Client configured: true
2025-10-29 18:22:18.739 [ERROR] [INFLUX_WRITE] [261982f5-8978-40] | ❌ Batch insert FAILED — 163 records, Error: not found: bucket "solar_monitoring" not found
2025-10-29 18:22:18.739 [ERROR] [INFLUX_DEBUG] [261982f5-8978-40] | Database: solar_monitoring, Client configured: true
2025-10-29 18:22:19.007 [ERROR] [INFLUX_WRITE] [59e8638a-4ddf-4c] | ❌ Batch insert FAILED — 159 records, Error: not found: bucket "solar_monitoring" not found
2025-10-29 18:22:19.007 [ERROR] [INFLUX_DEBUG] [59e8638a-4ddf-4c] | Database: solar_monitoring, Client configured: true
2025-10-29 18:22:19.274 [ERROR] [INFLUX_WRITE] [25418ff8-20d3-43] | ❌ Batch insert FAILED — 160 records, Error: not found: bucket "solar_monitoring" not found
2025-10-29 18:22:19.274 [ERROR] [INFLUX_DEBUG] [25418ff8-20d3-43] | Database: solar_monitoring, Client configured: true
2025-10-29 18:22:19.549 [ERROR] [INFLUX_WRITE] [d7b0813a-d443-47] | ❌ Batch insert FAILED — 142 records, Error: not found: bucket "solar_monitoring" not found
2025-10-29 18:22:19.549 [ERROR] [INFLUX_DEBUG] [d7b0813a-d443-47] | Database: solar_monitoring, Client configured: true
2025-10-29 18:22:19.816 [ERROR] [INFLUX_WRITE] [e9aed525-4d88-4d] | ❌ Batch insert FAILED — 165 records, Error: not found: bucket "solar_monitoring" not found
2025-10-29 18:22:19.816 [ERROR] [INFLUX_DEBUG] [e9aed525-4d88-4d] | Database: solar_monitoring, Client configured: true
2025-10-29 18:22:20.085 [ERROR] [INFLUX_WRITE] [10c499f6-4b58-4d] | ❌ Batch insert FAILED — 160 records, Error: not found: bucket "solar_monitoring" not found
2025-10-29 18:22:20.085 [ERROR] [INFLUX_DEBUG] [10c499f6-4b58-4d] | Database: solar_monitoring, Client configured: true
2025-10-29 18:22:20.420 [ERROR] [INFLUX_WRITE] [68cd006f-da66-46] | ❌ Batch insert FAILED — 162 records, Error: not found: bucket "solar_monitoring" not found
2025-10-29 18:22:20.420 [ERROR] [INFLUX_DEBUG] [68cd006f-da66-46] | Database: solar_monitoring, Client configured: true
2025-10-29 18:22:20.708 [ERROR] [INFLUX_WRITE] [0e938c59-6101-4a] | ❌ Batch insert FAILED — 193 records, Error: not found: bucket "solar_monitoring" not found
2025-10-29 18:22:20.708 [ERROR] [INFLUX_DEBUG] [0e938c59-6101-4a] | Database: solar_monitoring, Client configured: true
2025-10-29 18:22:20.981 [ERROR] [INFLUX_WRITE] [22e85b69-0013-45] | ❌ Batch insert FAILED — 173 records, Error: not found: bucket "solar_monitoring" not found
2025-10-29 18:22:20.981 [ERROR] [INFLUX_DEBUG] [22e85b69-0013-45] | Database: solar_monitoring, Client configured: true
2025-10-29 18:22:21.458 [ERROR] [INFLUX_WRITE] [3dda02ff-9890-48] | ❌ Batch insert FAILED — 163 records, Error: not found: bucket "solar_monitoring" not found
2025-10-29 18:22:21.458 [ERROR] [INFLUX_DEBUG] [3dda02ff-9890-48] | Database: solar_monitoring, Client configured: true
2025-10-29 18:22:21.731 [ERROR] [INFLUX_WRITE] [702303b2-31b7-47] | ❌ Batch insert FAILED — 269 records, Error: not found: bucket "solar_monitoring" not found
2025-10-29 18:22:21.731 [ERROR] [INFLUX_DEBUG] [702303b2-31b7-47] | Database: solar_monitoring, Client configured: true
2025-10-29 18:22:22.005 [ERROR] [INFLUX_WRITE] [51d09033-9081-44] | ❌ Batch insert FAILED — 166 records, Error: not found: bucket "solar_monitoring" not found
2025-10-29 18:22:22.005 [ERROR] [INFLUX_DEBUG] [51d09033-9081-44] | Database: solar_monitoring, Client configured: true
2025-10-29 18:22:22.276 [ERROR] [INFLUX_WRITE] [98772722-1163-48] | ❌ Batch insert FAILED — 164 records, Error: not found: bucket "solar_monitoring" not found
2025-10-29 18:22:22.276 [ERROR] [INFLUX_DEBUG] [98772722-1163-48] | Database: solar_monitoring, Client configured: true
2025-10-29 18:22:22.546 [ERROR] [INFLUX_WRITE] [31146a00-df9e-42] | ❌ Batch insert FAILED — 162 records, Error: not found: bucket "solar_monitoring" not found
2025-10-29 18:22:22.547 [ERROR] [INFLUX_DEBUG] [31146a00-df9e-42] | Database: solar_monitoring, Client configured: true
2025-10-29 18:22:23.018 [ERROR] [INFLUX_WRITE] [ff4b2188-bc2b-44] | ❌ Batch insert FAILED — 163 records, Error: not found: bucket "solar_monitoring" not found
2025-10-29 18:22:23.018 [ERROR] [INFLUX_DEBUG] [ff4b2188-bc2b-44] | Database: solar_monitoring, Client configured: true
2025-10-29 18:22:23.285 [ERROR] [INFLUX_WRITE] [24b33799-fffb-4f] | ❌ Batch insert FAILED — 272 records, Error: not found: bucket "solar_monitoring" not found
2025-10-29 18:22:23.285 [ERROR] [INFLUX_DEBUG] [24b33799-fffb-4f] | Database: solar_monitoring, Client configured: true
2025-10-29 18:22:23.561 [ERROR] [INFLUX_WRITE] [3a98caae-750f-48] | ❌ Batch insert FAILED — 158 records, Error: not found: bucket "solar_monitoring" not found
2025-10-29 18:22:23.561 [ERROR] [INFLUX_DEBUG] [3a98caae-750f-48] | Database: solar_monitoring, Client configured: true
2025-10-29 18:22:23.837 [ERROR] [INFLUX_WRITE] [20d5fd61-0098-44] | ❌ Batch insert FAILED — 166 records, Error: not found: bucket "solar_monitoring" not found
2025-10-29 18:22:23.838 [ERROR] [INFLUX_DEBUG] [20d5fd61-0098-44] | Database: solar_monitoring, Client configured: true
2025-10-29 18:22:24.115 [ERROR] [INFLUX_WRITE] [cdc8bdc6-3fb9-4b] | ❌ Batch insert FAILED — 165 records, Error: not found: bucket "solar_monitoring" not found
2025-10-29 18:22:24.115 [ERROR] [INFLUX_DEBUG] [cdc8bdc6-3fb9-4b] | Database: solar_monitoring, Client configured: true
2025-10-29 18:22:24.386 [ERROR] [INFLUX_WRITE] [6fbeca9f-34fb-45] | ❌ Batch insert FAILED — 63 records, Error: not found: bucket "solar_monitoring" not found
2025-10-29 18:22:24.386 [ERROR] [INFLUX_DEBUG] [6fbeca9f-34fb-45] | Database: solar_monitoring, Client configured: true
2025-10-29 18:22:27.580 [INFO] [SHUTDOWN] [no-uuid-found] | Shutdown signal received
2025-10-29 18:22:27.581 [INFO] [SHUTDOWN] [no-uuid-found] | Starting graceful shutdown...
2025-10-29 18:22:28.082 [INFO] [SHUTDOWN] [no-uuid-found] | Shutdown complete. Total inserted: 0, Failed: 6000
2025-10-29 18:22:28.082 [INFO] [SHUTDOWN] [no-uuid-found] | Server exited gracefully
2025-10-29 18:24:08.420 [INFO] [STARTUP] [no-uuid-found] | Starting Solar Monitoring System...
2025-10-29 18:24:08.421 [INFO] [INIT] [no-uuid-found] | Data receiver initialized with influx
2025-10-29 18:24:12.842 [INFO] [INFLUX_WRITE] [59af2aed-dd55-45] | ✅ Batch inserted successfully: 100 records to database 'solar_monitoring'
2025-10-29 18:24:13.162 [INFO] [INFLUX_WRITE] [PERIODIC] | ✅ Batch inserted successfully: 625 records to database 'solar_monitoring'
2025-10-29 18:24:13.527 [INFO] [INFLUX_WRITE] [PERIODIC] | ✅ Batch inserted successfully: 180 records to database 'solar_monitoring'
2025-10-29 18:24:14.076 [INFO] [INFLUX_WRITE] [f33f7142-d775-49] | ✅ Batch inserted successfully: 214 records to database 'solar_monitoring'
2025-10-29 18:24:14.402 [INFO] [INFLUX_WRITE] [5057674d-634c-4b] | ✅ Batch inserted successfully: 306 records to database 'solar_monitoring'
2025-10-29 18:24:15.060 [INFO] [INFLUX_WRITE] [0f4925b9-2038-45] | ✅ Batch inserted successfully: 195 records to database 'solar_monitoring'
2025-10-29 18:24:15.401 [INFO] [INFLUX_WRITE] [690f7807-f14f-42] | ✅ Batch inserted successfully: 376 records to database 'solar_monitoring'
2025-10-29 18:24:15.783 [INFO] [INFLUX_WRITE] [576f4a4c-46e8-4d] | ✅ Batch inserted successfully: 204 records to database 'solar_monitoring'
2025-10-29 18:24:16.073 [INFO] [INFLUX_WRITE] [a2a73270-caad-43] | ✅ Batch inserted successfully: 203 records to database 'solar_monitoring'
2025-10-29 18:24:16.375 [INFO] [INFLUX_WRITE] [53257acd-524c-4e] | ✅ Batch inserted successfully: 174 records to database 'solar_monitoring'
2025-10-29 18:24:16.648 [INFO] [INFLUX_WRITE] [4ed2329e-bf4d-4d] | ✅ Batch inserted successfully: 181 records to database 'solar_monitoring'
2025-10-29 18:24:16.924 [INFO] [INFLUX_WRITE] [ece8ff5c-214e-44] | ✅ Batch inserted successfully: 164 records to database 'solar_monitoring'
2025-10-29 18:24:17.211 [INFO] [INFLUX_WRITE] [16e83ae4-0e62-46] | ✅ Batch inserted successfully: 158 records to database 'solar_monitoring'
2025-10-29 18:24:17.490 [INFO] [INFLUX_WRITE] [456f601b-4014-44] | ✅ Batch inserted successfully: 173 records to database 'solar_monitoring'
2025-10-29 18:24:17.771 [INFO] [INFLUX_WRITE] [4e6140ae-def1-48] | ✅ Batch inserted successfully: 157 records to database 'solar_monitoring'
2025-10-29 18:24:18.051 [INFO] [INFLUX_WRITE] [bf3c4df4-075c-4f] | ✅ Batch inserted successfully: 169 records to database 'solar_monitoring'
2025-10-29 18:24:18.329 [INFO] [INFLUX_WRITE] [ab576c75-a184-4d] | ✅ Batch inserted successfully: 162 records to database 'solar_monitoring'
2025-10-29 18:24:18.609 [INFO] [INFLUX_WRITE] [404a7a61-23c9-44] | ✅ Batch inserted successfully: 163 records to database 'solar_monitoring'
2025-10-29 18:24:18.893 [INFO] [INFLUX_WRITE] [db32f77c-c589-47] | ✅ Batch inserted successfully: 166 records to database 'solar_monitoring'
2025-10-29 18:24:19.175 [INFO] [INFLUX_WRITE] [3ec9009a-6b7b-4c] | ✅ Batch inserted successfully: 171 records to database 'solar_monitoring'
2025-10-29 18:24:19.457 [INFO] [INFLUX_WRITE] [f5d288e3-20aa-41] | ✅ Batch inserted successfully: 169 records to database 'solar_monitoring'
2025-10-29 18:24:19.739 [INFO] [INFLUX_WRITE] [ef0840c8-6997-41] | ✅ Batch inserted successfully: 169 records to database 'solar_monitoring'
2025-10-29 18:24:20.019 [INFO] [INFLUX_WRITE] [a41eee41-eade-41] | ✅ Batch inserted successfully: 169 records to database 'solar_monitoring'
2025-10-29 18:24:20.401 [INFO] [INFLUX_WRITE] [9413bc3e-3629-43] | ✅ Batch inserted successfully: 168 records to database 'solar_monitoring'
2025-10-29 18:24:20.690 [INFO] [INFLUX_WRITE] [1f16740a-8f7d-41] | ✅ Batch inserted successfully: 228 records to database 'solar_monitoring'
2025-10-29 18:24:20.975 [INFO] [INFLUX_WRITE] [81c9a8da-bd9e-46] | ✅ Batch inserted successfully: 173 records to database 'solar_monitoring'
2025-10-29 18:24:21.258 [INFO] [INFLUX_WRITE] [12e4f103-88d5-4a] | ✅ Batch inserted successfully: 169 records to database 'solar_monitoring'
2025-10-29 18:24:21.537 [INFO] [INFLUX_WRITE] [1968e27d-0d8d-47] | ✅ Batch inserted successfully: 170 records to database 'solar_monitoring'
2025-10-29 18:24:22.061 [INFO] [INFLUX_WRITE] [895a7884-f801-46] | ✅ Batch inserted successfully: 167 records to database 'solar_monitoring'
2025-10-29 18:24:22.345 [INFO] [INFLUX_WRITE] [dee8e9be-7cb5-4a] | ✅ Batch inserted successfully: 177 records to database 'solar_monitoring'
2025-10-29 18:27:33.021 [INFO] [SHUTDOWN] [no-uuid-found] | Shutdown signal received
2025-10-29 18:27:33.025 [INFO] [SHUTDOWN] [no-uuid-found] | Starting graceful shutdown...
2025-10-29 18:27:33.527 [INFO] [SHUTDOWN] [no-uuid-found] | Shutdown complete. Total inserted: 6000, Failed: 0
2025-10-29 18:27:33.527 [INFO] [SHUTDOWN] [no-uuid-found] | Server exited gracefully
