2025-10-29 16:56:31.272 [INFO] [STARTUP] [no-uuid-found] | Starting Solar Monitoring System...
2025-10-29 16:56:31.308 [INFO] [INIT] [no-uuid-found] | Data receiver initialized with MongoDB collection
2025-10-29 16:56:38.356 [INFO] [FLUSH] [PERIODIC] | Batch inserted successfully: 53 records
2025-10-29 16:56:38.478 [INFO] [FLUSH] [96be8678-0cc6-4a] | Batch inserted successfully: 100 records
2025-10-29 16:56:38.510 [INFO] [FLUSH] [PERIODIC] | Batch inserted successfully: 20 records
2025-10-29 16:56:38.676 [INFO] [FLUSH] [89ce39ea-3e6c-4e] | Batch inserted successfully: 100 records
2025-10-29 16:56:38.710 [INFO] [FLUSH] [PERIODIC] | Batch inserted successfully: 20 records
2025-10-29 16:56:38.878 [INFO] [FLUSH] [d08b967c-fb3f-4c] | Batch inserted successfully: 100 records
2025-10-29 16:56:38.910 [INFO] [FLUSH] [PERIODIC] | Batch inserted successfully: 20 records
2025-10-29 16:56:39.076 [INFO] [FLUSH] [c09a9200-eda6-49] | Batch inserted successfully: 100 records
2025-10-29 16:56:39.110 [INFO] [FLUSH] [PERIODIC] | Batch inserted successfully: 20 records
2025-10-29 16:56:39.278 [INFO] [FLUSH] [2e2e5596-031f-47] | Batch inserted successfully: 100 records
2025-10-29 16:56:39.309 [INFO] [FLUSH] [PERIODIC] | Batch inserted successfully: 20 records
2025-10-29 16:56:39.476 [INFO] [FLUSH] [e3ce10a3-c381-43] | Batch inserted successfully: 100 records
2025-10-29 16:56:39.511 [INFO] [FLUSH] [PERIODIC] | Batch inserted successfully: 20 records
2025-10-29 16:56:39.679 [INFO] [FLUSH] [dfc5dbff-adc0-41] | Batch inserted successfully: 100 records
2025-10-29 16:56:39.710 [INFO] [FLUSH] [PERIODIC] | Batch inserted successfully: 19 records
2025-10-29 16:56:39.894 [INFO] [FLUSH] [1aaa2a43-5301-45] | Batch inserted successfully: 100 records
2025-10-29 16:56:39.911 [INFO] [FLUSH] [PERIODIC] | Batch inserted successfully: 9 records
2025-10-29 16:56:40.091 [INFO] [FLUSH] [7acccc26-d44e-4f] | Batch inserted successfully: 100 records
2025-10-29 16:56:40.127 [INFO] [FLUSH] [PERIODIC] | Batch inserted successfully: 18 records
2025-10-29 16:56:40.305 [INFO] [FLUSH] [7ebfda9b-0cdc-4a] | Batch inserted successfully: 100 records
2025-10-29 16:56:40.317 [INFO] [FLUSH] [PERIODIC] | Batch inserted successfully: 8 records
2025-10-29 16:56:40.510 [INFO] [FLUSH] [PERIODIC] | Batch inserted successfully: 95 records
2025-10-29 16:56:40.677 [INFO] [FLUSH] [08e01141-bdb3-48] | Batch inserted successfully: 100 records
2025-10-29 16:56:40.709 [INFO] [FLUSH] [PERIODIC] | Batch inserted successfully: 20 records
2025-10-29 16:56:40.880 [INFO] [FLUSH] [ee2ffca4-e740-40] | Batch inserted successfully: 100 records
2025-10-29 16:56:40.913 [INFO] [FLUSH] [PERIODIC] | Batch inserted successfully: 20 records
2025-10-29 16:56:41.078 [INFO] [FLUSH] [b327eb5f-2514-4d] | Batch inserted successfully: 100 records
2025-10-29 16:56:41.112 [INFO] [FLUSH] [PERIODIC] | Batch inserted successfully: 19 records
2025-10-29 16:56:41.315 [INFO] [FLUSH] [13277c0e-1768-45] | Batch inserted successfully: 100 records
2025-10-29 16:56:41.316 [INFO] [FLUSH] [PERIODIC] | Batch inserted successfully: 16 records
2025-10-29 16:56:41.537 [INFO] [FLUSH] [PERIODIC] | Batch inserted successfully: 83 records
2025-10-29 16:56:41.683 [INFO] [FLUSH] [ed0e39cb-1262-4d] | Batch inserted successfully: 100 records
2025-10-29 16:56:41.709 [INFO] [FLUSH] [PERIODIC] | Batch inserted successfully: 15 records
2025-10-29 16:56:41.877 [INFO] [FLUSH] [3350cfda-ada8-4f] | Batch inserted successfully: 100 records
2025-10-29 16:56:41.909 [INFO] [FLUSH] [PERIODIC] | Batch inserted successfully: 20 records
2025-10-29 16:56:42.083 [INFO] [FLUSH] [261c57d2-d58b-42] | Batch inserted successfully: 100 records
2025-10-29 16:56:42.110 [INFO] [FLUSH] [PERIODIC] | Batch inserted successfully: 16 records
2025-10-29 16:56:42.281 [INFO] [FLUSH] [59d1f363-d35f-46] | Batch inserted successfully: 100 records
2025-10-29 16:56:42.310 [INFO] [FLUSH] [PERIODIC] | Batch inserted successfully: 20 records
2025-10-29 16:56:42.475 [INFO] [FLUSH] [38060e90-ffb3-40] | Batch inserted successfully: 100 records
2025-10-29 16:56:42.509 [INFO] [FLUSH] [PERIODIC] | Batch inserted successfully: 20 records
2025-10-29 16:56:42.675 [INFO] [FLUSH] [ee77a331-11ba-46] | Batch inserted successfully: 100 records
2025-10-29 16:56:42.710 [INFO] [FLUSH] [PERIODIC] | Batch inserted successfully: 20 records
2025-10-29 16:56:42.899 [INFO] [FLUSH] [0ac8a284-2fab-40] | Batch inserted successfully: 100 records
2025-10-29 16:56:42.932 [INFO] [FLUSH] [PERIODIC] | Batch inserted successfully: 19 records
2025-10-29 16:56:43.079 [INFO] [FLUSH] [5e483bc0-5dcd-4e] | Batch inserted successfully: 100 records
2025-10-29 16:56:43.111 [INFO] [FLUSH] [PERIODIC] | Batch inserted successfully: 19 records
2025-10-29 16:56:43.279 [INFO] [FLUSH] [56c064f7-427f-48] | Batch inserted successfully: 100 records
2025-10-29 16:56:43.309 [INFO] [FLUSH] [PERIODIC] | Batch inserted successfully: 20 records
2025-10-29 16:56:43.479 [INFO] [FLUSH] [a42f41c9-35cb-42] | Batch inserted successfully: 100 records
2025-10-29 16:56:43.512 [INFO] [FLUSH] [PERIODIC] | Batch inserted successfully: 18 records
2025-10-29 16:56:43.676 [INFO] [FLUSH] [db746a23-bee5-4f] | Batch inserted successfully: 100 records
2025-10-29 16:56:43.710 [INFO] [FLUSH] [PERIODIC] | Batch inserted successfully: 18 records
2025-10-29 16:56:43.875 [INFO] [FLUSH] [043ba3fd-130c-4c] | Batch inserted successfully: 100 records
2025-10-29 16:56:43.910 [INFO] [FLUSH] [PERIODIC] | Batch inserted successfully: 21 records
2025-10-29 16:56:44.077 [INFO] [FLUSH] [1f9a0aaa-4e7b-40] | Batch inserted successfully: 100 records
2025-10-29 16:56:44.109 [INFO] [FLUSH] [PERIODIC] | Batch inserted successfully: 20 records
2025-10-29 16:56:44.279 [INFO] [FLUSH] [1b72baf9-0a7a-4a] | Batch inserted successfully: 100 records
2025-10-29 16:56:44.308 [INFO] [FLUSH] [PERIODIC] | Batch inserted successfully: 20 records
2025-10-29 16:56:44.480 [INFO] [FLUSH] [09bb9c93-9770-47] | Batch inserted successfully: 100 records
2025-10-29 16:56:44.521 [INFO] [FLUSH] [PERIODIC] | Batch inserted successfully: 20 records
2025-10-29 16:56:44.676 [INFO] [FLUSH] [90ff4095-3707-48] | Batch inserted successfully: 100 records
2025-10-29 16:56:44.709 [INFO] [FLUSH] [PERIODIC] | Batch inserted successfully: 20 records
2025-10-29 16:56:44.904 [INFO] [FLUSH] [5d86e488-c9f0-49] | Batch inserted successfully: 100 records
2025-10-29 16:56:44.912 [INFO] [FLUSH] [PERIODIC] | Batch inserted successfully: 3 records
2025-10-29 16:56:45.086 [INFO] [FLUSH] [9418a3ff-155c-4a] | Batch inserted successfully: 100 records
2025-10-29 16:56:45.111 [INFO] [FLUSH] [PERIODIC] | Batch inserted successfully: 14 records
2025-10-29 16:56:45.313 [INFO] [FLUSH] [65ef5d58-592f-41] | Batch inserted successfully: 100 records
2025-10-29 16:56:45.314 [INFO] [FLUSH] [PERIODIC] | Batch inserted successfully: 3 records
2025-10-29 16:56:45.485 [INFO] [FLUSH] [ea34ab66-813a-43] | Batch inserted successfully: 100 records
2025-10-29 16:56:45.509 [INFO] [FLUSH] [PERIODIC] | Batch inserted successfully: 17 records
2025-10-29 16:56:45.679 [INFO] [FLUSH] [ae5d9231-77a2-46] | Batch inserted successfully: 100 records
2025-10-29 16:56:45.711 [INFO] [FLUSH] [PERIODIC] | Batch inserted successfully: 20 records
2025-10-29 16:56:45.878 [INFO] [FLUSH] [7e46eeae-c429-49] | Batch inserted successfully: 100 records
2025-10-29 16:56:45.915 [INFO] [FLUSH] [PERIODIC] | Batch inserted successfully: 18 records
2025-10-29 16:56:46.074 [INFO] [FLUSH] [d4616641-f289-4a] | Batch inserted successfully: 100 records
2025-10-29 16:56:46.124 [INFO] [FLUSH] [PERIODIC] | Batch inserted successfully: 21 records
2025-10-29 16:56:46.291 [INFO] [FLUSH] [d3e47957-968c-4b] | Batch inserted successfully: 100 records
2025-10-29 16:56:46.309 [INFO] [FLUSH] [PERIODIC] | Batch inserted successfully: 20 records
2025-10-29 16:56:46.485 [INFO] [FLUSH] [6a43a228-395a-4d] | Batch inserted successfully: 100 records
2025-10-29 16:56:46.510 [INFO] [FLUSH] [PERIODIC] | Batch inserted successfully: 20 records
2025-10-29 16:56:46.678 [INFO] [FLUSH] [53ffc7f3-a07f-4f] | Batch inserted successfully: 100 records
2025-10-29 16:56:46.709 [INFO] [FLUSH] [PERIODIC] | Batch inserted successfully: 19 records
2025-10-29 16:56:46.875 [INFO] [FLUSH] [ff59d691-f30f-41] | Batch inserted successfully: 100 records
2025-10-29 16:56:46.910 [INFO] [FLUSH] [PERIODIC] | Batch inserted successfully: 20 records
2025-10-29 16:56:47.082 [INFO] [FLUSH] [3f9a5061-41c8-40] | Batch inserted successfully: 100 records
2025-10-29 16:56:47.113 [INFO] [FLUSH] [PERIODIC] | Batch inserted successfully: 17 records
2025-10-29 16:56:47.276 [INFO] [FLUSH] [ae4772c0-31e2-45] | Batch inserted successfully: 100 records
2025-10-29 16:56:47.309 [INFO] [FLUSH] [PERIODIC] | Batch inserted successfully: 20 records
2025-10-29 16:56:47.478 [INFO] [FLUSH] [2887ffc0-d21d-44] | Batch inserted successfully: 100 records
2025-10-29 16:56:47.508 [INFO] [FLUSH] [PERIODIC] | Batch inserted successfully: 20 records
2025-10-29 16:56:47.677 [INFO] [FLUSH] [0c7c0a68-d88c-4b] | Batch inserted successfully: 100 records
2025-10-29 16:56:47.710 [INFO] [FLUSH] [PERIODIC] | Batch inserted successfully: 20 records
2025-10-29 16:56:47.876 [INFO] [FLUSH] [e8d052a2-38a9-40] | Batch inserted successfully: 100 records
2025-10-29 16:56:47.909 [INFO] [FLUSH] [PERIODIC] | Batch inserted successfully: 20 records
2025-10-29 16:56:48.079 [INFO] [FLUSH] [eeb22b57-afad-45] | Batch inserted successfully: 100 records
2025-10-29 16:56:48.109 [INFO] [FLUSH] [PERIODIC] | Batch inserted successfully: 20 records
2025-10-29 16:56:48.306 [INFO] [FLUSH] [26b55744-0869-43] | Batch inserted successfully: 100 records
2025-10-29 16:56:48.309 [INFO] [FLUSH] [PERIODIC] | Batch inserted successfully: 8 records
2025-10-29 16:56:48.497 [INFO] [FLUSH] [0621d186-7b3b-4e] | Batch inserted successfully: 100 records
2025-10-29 16:56:48.509 [INFO] [FLUSH] [PERIODIC] | Batch inserted successfully: 7 records
2025-10-29 16:56:48.709 [INFO] [FLUSH] [PERIODIC] | Batch inserted successfully: 7 records
2025-10-29 16:58:27.198 [INFO] [STARTUP] [no-uuid-found] | Starting Solar Monitoring System...
2025-10-29 16:58:27.209 [INFO] [INIT] [no-uuid-found] | Data receiver initialized with MongoDB collection
2025-10-29 16:58:31.411 [INFO] [SHUTDOWN] [no-uuid-found] | Shutdown signal received
2025-10-29 16:58:31.412 [INFO] [SHUTDOWN] [no-uuid-found] | Starting graceful shutdown...
2025-10-29 16:58:31.912 [INFO] [SHUTDOWN] [no-uuid-found] | Shutdown complete. Total inserted: 0, Failed: 0
2025-10-29 16:58:31.912 [INFO] [SHUTDOWN] [no-uuid-found] | Server exited gracefully
