2025-11-05 18:19:17.579 [INFO] [STARTUP] [no-uuid-found] | Starting Solar Monitoring System...
2025-11-05 18:19:17.664 [INFO] [MAPPING] [no-uuid-found] | Loaded 4 mappings from MongoDB
2025-11-05 18:19:17.664 [INFO] [MAPPING] [no-uuid-found] | Service initialized with 4 mappings
2025-11-05 18:19:17.664 [INFO] [MAPPER] [no-uuid-found] | MongoDB-backed mapping service initialized
2025-11-05 18:19:17.673 [ERROR] [MAPPING] [no-uuid-found] | Watch failed: (Location40573) The $changeStream stage is only supported on replica sets
2025-11-05 18:19:17.776 [INFO] [INDEX] [no-uuid-found] | Raw data indexes created successfully
2025-11-05 18:19:17.776 [INFO] [INIT] [no-uuid-found] | Raw data collection initialized with auto-cleanup
2025-11-05 18:19:17.776 [INFO] [INIT] [no-uuid-found] | Data receiver initialized with mongo
2025-11-05 18:19:24.980 [INFO] [MONGO_WRITE] [PERIODIC] | ✅ Batch inserted successfully: 9 records
2025-11-05 18:19:25.177 [INFO] [MONGO_WRITE] [PERIODIC] | ✅ Batch inserted successfully: 20 records
2025-11-05 18:19:25.377 [INFO] [MONGO_WRITE] [PERIODIC] | ✅ Batch inserted successfully: 20 records
2025-11-05 18:19:25.577 [INFO] [MONGO_WRITE] [PERIODIC] | ✅ Batch inserted successfully: 20 records
2025-11-05 18:19:25.777 [INFO] [MONGO_WRITE] [PERIODIC] | ✅ Batch inserted successfully: 20 records
2025-11-05 18:19:25.977 [INFO] [MONGO_WRITE] [PERIODIC] | ✅ Batch inserted successfully: 20 records
2025-11-05 18:19:26.177 [INFO] [MONGO_WRITE] [PERIODIC] | ✅ Batch inserted successfully: 20 records
2025-11-05 18:19:26.377 [INFO] [MONGO_WRITE] [PERIODIC] | ✅ Batch inserted successfully: 20 records
2025-11-05 18:19:26.578 [INFO] [MONGO_WRITE] [PERIODIC] | ✅ Batch inserted successfully: 20 records
2025-11-05 18:19:26.777 [INFO] [MONGO_WRITE] [PERIODIC] | ✅ Batch inserted successfully: 20 records
2025-11-05 18:19:26.977 [INFO] [MONGO_WRITE] [PERIODIC] | ✅ Batch inserted successfully: 20 records
2025-11-05 18:19:27.177 [INFO] [MONGO_WRITE] [PERIODIC] | ✅ Batch inserted successfully: 20 records
2025-11-05 18:19:27.377 [INFO] [MONGO_WRITE] [PERIODIC] | ✅ Batch inserted successfully: 20 records
2025-11-05 18:19:27.577 [INFO] [MONGO_WRITE] [PERIODIC] | ✅ Batch inserted successfully: 20 records
2025-11-05 18:19:27.778 [INFO] [MONGO_WRITE] [PERIODIC] | ✅ Batch inserted successfully: 20 records
2025-11-05 18:19:27.978 [INFO] [MONGO_WRITE] [PERIODIC] | ✅ Batch inserted successfully: 20 records
2025-11-05 18:19:28.179 [INFO] [MONGO_WRITE] [PERIODIC] | ✅ Batch inserted successfully: 20 records
2025-11-05 18:19:28.377 [INFO] [MONGO_WRITE] [PERIODIC] | ✅ Batch inserted successfully: 20 records
2025-11-05 18:19:28.578 [INFO] [MONGO_WRITE] [PERIODIC] | ✅ Batch inserted successfully: 20 records
2025-11-05 18:19:28.777 [INFO] [MONGO_WRITE] [PERIODIC] | ✅ Batch inserted successfully: 20 records
2025-11-05 18:19:28.979 [INFO] [MONGO_WRITE] [PERIODIC] | ✅ Batch inserted successfully: 20 records
2025-11-05 18:19:29.179 [INFO] [MONGO_WRITE] [PERIODIC] | ✅ Batch inserted successfully: 20 records
2025-11-05 18:19:29.378 [INFO] [MONGO_WRITE] [PERIODIC] | ✅ Batch inserted successfully: 20 records
2025-11-05 18:19:29.581 [INFO] [MONGO_WRITE] [PERIODIC] | ✅ Batch inserted successfully: 20 records
2025-11-05 18:19:29.776 [INFO] [MONGO_WRITE] [PERIODIC] | ✅ Batch inserted successfully: 20 records
2025-11-05 18:19:29.976 [INFO] [MONGO_WRITE] [PERIODIC] | ✅ Batch inserted successfully: 20 records
2025-11-05 18:19:30.176 [INFO] [MONGO_WRITE] [PERIODIC] | ✅ Batch inserted successfully: 20 records
2025-11-05 18:19:30.377 [INFO] [MONGO_WRITE] [PERIODIC] | ✅ Batch inserted successfully: 20 records
2025-11-05 18:19:30.576 [INFO] [MONGO_WRITE] [PERIODIC] | ✅ Batch inserted successfully: 20 records
2025-11-05 18:19:30.776 [INFO] [MONGO_WRITE] [PERIODIC] | ✅ Batch inserted successfully: 20 records
2025-11-05 18:19:30.977 [INFO] [MONGO_WRITE] [PERIODIC] | ✅ Batch inserted successfully: 20 records
2025-11-05 18:19:31.189 [INFO] [MONGO_WRITE] [PERIODIC] | ✅ Batch inserted successfully: 20 records
2025-11-05 18:19:31.377 [INFO] [MONGO_WRITE] [PERIODIC] | ✅ Batch inserted successfully: 20 records
2025-11-05 18:19:31.577 [INFO] [MONGO_WRITE] [PERIODIC] | ✅ Batch inserted successfully: 20 records
2025-11-05 18:19:31.776 [INFO] [MONGO_WRITE] [PERIODIC] | ✅ Batch inserted successfully: 20 records
2025-11-05 18:19:31.978 [INFO] [MONGO_WRITE] [PERIODIC] | ✅ Batch inserted successfully: 20 records
2025-11-05 18:19:32.177 [INFO] [MONGO_WRITE] [PERIODIC] | ✅ Batch inserted successfully: 20 records
2025-11-05 18:19:32.397 [INFO] [MONGO_WRITE] [PERIODIC] | ✅ Batch inserted successfully: 19 records
2025-11-05 18:19:32.582 [INFO] [MONGO_WRITE] [PERIODIC] | ✅ Batch inserted successfully: 19 records
2025-11-05 18:19:32.778 [INFO] [MONGO_WRITE] [PERIODIC] | ✅ Batch inserted successfully: 19 records
2025-11-05 18:19:32.977 [INFO] [MONGO_WRITE] [PERIODIC] | ✅ Batch inserted successfully: 20 records
2025-11-05 18:19:33.178 [INFO] [MONGO_WRITE] [PERIODIC] | ✅ Batch inserted successfully: 20 records
2025-11-05 18:19:33.376 [INFO] [MONGO_WRITE] [PERIODIC] | ✅ Batch inserted successfully: 20 records
2025-11-05 18:19:33.577 [INFO] [MONGO_WRITE] [PERIODIC] | ✅ Batch inserted successfully: 20 records
2025-11-05 18:19:33.777 [INFO] [MONGO_WRITE] [PERIODIC] | ✅ Batch inserted successfully: 20 records
2025-11-05 18:19:33.978 [INFO] [MONGO_WRITE] [PERIODIC] | ✅ Batch inserted successfully: 20 records
2025-11-05 18:19:34.179 [INFO] [MONGO_WRITE] [PERIODIC] | ✅ Batch inserted successfully: 20 records
2025-11-05 18:19:34.378 [INFO] [MONGO_WRITE] [PERIODIC] | ✅ Batch inserted successfully: 19 records
2025-11-05 18:19:34.577 [INFO] [MONGO_WRITE] [PERIODIC] | ✅ Batch inserted successfully: 21 records
2025-11-05 18:19:34.777 [INFO] [MONGO_WRITE] [PERIODIC] | ✅ Batch inserted successfully: 20 records
2025-11-05 18:19:35.009 [INFO] [MONGO_WRITE] [PERIODIC] | ✅ Batch inserted successfully: 19 records
2025-11-05 18:19:35.179 [INFO] [MONGO_WRITE] [PERIODIC] | ✅ Batch inserted successfully: 21 records
2025-11-05 18:19:35.381 [INFO] [MONGO_WRITE] [PERIODIC] | ✅ Batch inserted successfully: 20 records
2025-11-05 18:19:35.576 [INFO] [MONGO_WRITE] [PERIODIC] | ✅ Batch inserted successfully: 20 records
2025-11-05 18:19:35.776 [INFO] [MONGO_WRITE] [PERIODIC] | ✅ Batch inserted successfully: 20 records
2025-11-05 18:19:35.976 [INFO] [MONGO_WRITE] [PERIODIC] | ✅ Batch inserted successfully: 20 records
2025-11-05 18:19:36.177 [INFO] [MONGO_WRITE] [PERIODIC] | ✅ Batch inserted successfully: 20 records
2025-11-05 18:19:36.376 [INFO] [MONGO_WRITE] [PERIODIC] | ✅ Batch inserted successfully: 20 records
2025-11-05 18:19:36.576 [INFO] [MONGO_WRITE] [PERIODIC] | ✅ Batch inserted successfully: 20 records
2025-11-05 18:19:36.776 [INFO] [MONGO_WRITE] [PERIODIC] | ✅ Batch inserted successfully: 20 records
2025-11-05 18:19:36.977 [INFO] [MONGO_WRITE] [PERIODIC] | ✅ Batch inserted successfully: 20 records
2025-11-05 18:19:37.176 [INFO] [MONGO_WRITE] [PERIODIC] | ✅ Batch inserted successfully: 20 records
2025-11-05 18:19:37.376 [INFO] [MONGO_WRITE] [PERIODIC] | ✅ Batch inserted successfully: 20 records
2025-11-05 18:19:37.576 [INFO] [MONGO_WRITE] [PERIODIC] | ✅ Batch inserted successfully: 20 records
2025-11-05 18:19:37.776 [INFO] [MONGO_WRITE] [PERIODIC] | ✅ Batch inserted successfully: 20 records
2025-11-05 18:19:37.976 [INFO] [MONGO_WRITE] [PERIODIC] | ✅ Batch inserted successfully: 20 records
2025-11-05 18:19:38.176 [INFO] [MONGO_WRITE] [PERIODIC] | ✅ Batch inserted successfully: 20 records
2025-11-05 18:19:38.377 [INFO] [MONGO_WRITE] [PERIODIC] | ✅ Batch inserted successfully: 20 records
2025-11-05 18:19:38.576 [INFO] [MONGO_WRITE] [PERIODIC] | ✅ Batch inserted successfully: 20 records
2025-11-05 18:19:38.776 [INFO] [MONGO_WRITE] [PERIODIC] | ✅ Batch inserted successfully: 20 records
2025-11-05 18:19:38.976 [INFO] [MONGO_WRITE] [PERIODIC] | ✅ Batch inserted successfully: 20 records
2025-11-05 18:19:39.176 [INFO] [MONGO_WRITE] [PERIODIC] | ✅ Batch inserted successfully: 20 records
2025-11-05 18:19:39.377 [INFO] [MONGO_WRITE] [PERIODIC] | ✅ Batch inserted successfully: 20 records
2025-11-05 18:19:39.577 [INFO] [MONGO_WRITE] [PERIODIC] | ✅ Batch inserted successfully: 20 records
2025-11-05 18:19:39.777 [INFO] [MONGO_WRITE] [PERIODIC] | ✅ Batch inserted successfully: 20 records
2025-11-05 18:19:39.984 [INFO] [MONGO_WRITE] [PERIODIC] | ✅ Batch inserted successfully: 20 records
2025-11-05 18:19:40.200 [INFO] [MONGO_WRITE] [PERIODIC] | ✅ Batch inserted successfully: 20 records
2025-11-05 18:19:40.377 [INFO] [MONGO_WRITE] [PERIODIC] | ✅ Batch inserted successfully: 20 records
2025-11-05 18:19:40.576 [INFO] [MONGO_WRITE] [PERIODIC] | ✅ Batch inserted successfully: 20 records
2025-11-05 18:19:40.778 [INFO] [MONGO_WRITE] [PERIODIC] | ✅ Batch inserted successfully: 20 records
2025-11-05 18:19:40.977 [INFO] [MONGO_WRITE] [PERIODIC] | ✅ Batch inserted successfully: 20 records
2025-11-05 18:19:41.181 [INFO] [MONGO_WRITE] [PERIODIC] | ✅ Batch inserted successfully: 20 records
2025-11-05 18:19:41.376 [INFO] [MONGO_WRITE] [PERIODIC] | ✅ Batch inserted successfully: 20 records
2025-11-05 18:19:41.576 [INFO] [MONGO_WRITE] [PERIODIC] | ✅ Batch inserted successfully: 19 records
2025-11-05 18:19:41.776 [INFO] [MONGO_WRITE] [PERIODIC] | ✅ Batch inserted successfully: 20 records
2025-11-05 18:19:41.976 [INFO] [MONGO_WRITE] [PERIODIC] | ✅ Batch inserted successfully: 20 records
2025-11-05 18:19:42.176 [INFO] [MONGO_WRITE] [PERIODIC] | ✅ Batch inserted successfully: 20 records
2025-11-05 18:19:42.376 [INFO] [MONGO_WRITE] [PERIODIC] | ✅ Batch inserted successfully: 20 records
2025-11-05 18:19:42.576 [INFO] [MONGO_WRITE] [PERIODIC] | ✅ Batch inserted successfully: 20 records
2025-11-05 18:19:42.776 [INFO] [MONGO_WRITE] [PERIODIC] | ✅ Batch inserted successfully: 20 records
2025-11-05 18:19:42.977 [INFO] [MONGO_WRITE] [PERIODIC] | ✅ Batch inserted successfully: 20 records
2025-11-05 18:19:43.176 [INFO] [MONGO_WRITE] [PERIODIC] | ✅ Batch inserted successfully: 20 records
2025-11-05 18:19:43.376 [INFO] [MONGO_WRITE] [PERIODIC] | ✅ Batch inserted successfully: 20 records
2025-11-05 18:19:43.576 [INFO] [MONGO_WRITE] [PERIODIC] | ✅ Batch inserted successfully: 20 records
2025-11-05 18:19:43.776 [INFO] [MONGO_WRITE] [PERIODIC] | ✅ Batch inserted successfully: 20 records
2025-11-05 18:19:43.976 [INFO] [MONGO_WRITE] [PERIODIC] | ✅ Batch inserted successfully: 20 records
2025-11-05 18:19:44.176 [INFO] [MONGO_WRITE] [PERIODIC] | ✅ Batch inserted successfully: 20 records
2025-11-05 18:19:44.376 [INFO] [MONGO_WRITE] [PERIODIC] | ✅ Batch inserted successfully: 20 records
2025-11-05 18:19:44.576 [INFO] [MONGO_WRITE] [PERIODIC] | ✅ Batch inserted successfully: 20 records
2025-11-05 18:19:44.776 [INFO] [MONGO_WRITE] [PERIODIC] | ✅ Batch inserted successfully: 20 records
2025-11-05 18:19:44.977 [INFO] [MONGO_WRITE] [PERIODIC] | ✅ Batch inserted successfully: 20 records
2025-11-05 18:19:45.181 [INFO] [MONGO_WRITE] [PERIODIC] | ✅ Batch inserted successfully: 19 records
2025-11-05 18:19:45.377 [INFO] [MONGO_WRITE] [PERIODIC] | ✅ Batch inserted successfully: 21 records
2025-11-05 18:19:45.577 [INFO] [MONGO_WRITE] [PERIODIC] | ✅ Batch inserted successfully: 19 records
2025-11-05 18:19:45.776 [INFO] [MONGO_WRITE] [PERIODIC] | ✅ Batch inserted successfully: 21 records
2025-11-05 18:19:45.978 [INFO] [MONGO_WRITE] [PERIODIC] | ✅ Batch inserted successfully: 20 records
2025-11-05 18:19:46.176 [INFO] [MONGO_WRITE] [PERIODIC] | ✅ Batch inserted successfully: 20 records
2025-11-05 18:19:46.379 [INFO] [MONGO_WRITE] [PERIODIC] | ✅ Batch inserted successfully: 19 records
2025-11-05 18:19:46.577 [INFO] [MONGO_WRITE] [PERIODIC] | ✅ Batch inserted successfully: 21 records
2025-11-05 18:19:46.778 [INFO] [MONGO_WRITE] [PERIODIC] | ✅ Batch inserted successfully: 20 records
2025-11-05 18:19:46.977 [INFO] [MONGO_WRITE] [PERIODIC] | ✅ Batch inserted successfully: 19 records
2025-11-05 18:19:47.182 [INFO] [MONGO_WRITE] [PERIODIC] | ✅ Batch inserted successfully: 21 records
2025-11-05 18:19:47.376 [INFO] [MONGO_WRITE] [PERIODIC] | ✅ Batch inserted successfully: 20 records
2025-11-05 18:19:47.576 [INFO] [MONGO_WRITE] [PERIODIC] | ✅ Batch inserted successfully: 20 records
2025-11-05 18:19:47.776 [INFO] [MONGO_WRITE] [PERIODIC] | ✅ Batch inserted successfully: 20 records
2025-11-05 18:19:47.976 [INFO] [MONGO_WRITE] [PERIODIC] | ✅ Batch inserted successfully: 20 records
2025-11-05 18:19:48.175 [INFO] [MONGO_WRITE] [PERIODIC] | ✅ Batch inserted successfully: 20 records
2025-11-05 18:19:48.376 [INFO] [MONGO_WRITE] [PERIODIC] | ✅ Batch inserted successfully: 20 records
2025-11-05 18:19:48.576 [INFO] [MONGO_WRITE] [PERIODIC] | ✅ Batch inserted successfully: 20 records
2025-11-05 18:19:48.775 [INFO] [MONGO_WRITE] [PERIODIC] | ✅ Batch inserted successfully: 20 records
2025-11-05 18:19:48.976 [INFO] [MONGO_WRITE] [PERIODIC] | ✅ Batch inserted successfully: 20 records
2025-11-05 18:19:49.175 [INFO] [MONGO_WRITE] [PERIODIC] | ✅ Batch inserted successfully: 20 records
2025-11-05 18:19:49.376 [INFO] [MONGO_WRITE] [PERIODIC] | ✅ Batch inserted successfully: 20 records
2025-11-05 18:19:49.576 [INFO] [MONGO_WRITE] [PERIODIC] | ✅ Batch inserted successfully: 20 records
2025-11-05 18:19:49.777 [INFO] [MONGO_WRITE] [PERIODIC] | ✅ Batch inserted successfully: 20 records
2025-11-05 18:19:49.976 [INFO] [MONGO_WRITE] [PERIODIC] | ✅ Batch inserted successfully: 20 records
2025-11-05 18:19:50.177 [INFO] [MONGO_WRITE] [PERIODIC] | ✅ Batch inserted successfully: 20 records
2025-11-05 18:19:50.378 [INFO] [MONGO_WRITE] [PERIODIC] | ✅ Batch inserted successfully: 20 records
2025-11-05 18:19:50.577 [INFO] [MONGO_WRITE] [PERIODIC] | ✅ Batch inserted successfully: 19 records
2025-11-05 18:19:50.776 [INFO] [MONGO_WRITE] [PERIODIC] | ✅ Batch inserted successfully: 21 records
2025-11-05 18:19:50.976 [INFO] [MONGO_WRITE] [PERIODIC] | ✅ Batch inserted successfully: 20 records
2025-11-05 18:19:51.177 [INFO] [MONGO_WRITE] [PERIODIC] | ✅ Batch inserted successfully: 20 records
2025-11-05 18:19:51.376 [INFO] [MONGO_WRITE] [PERIODIC] | ✅ Batch inserted successfully: 20 records
2025-11-05 18:19:51.578 [INFO] [MONGO_WRITE] [PERIODIC] | ✅ Batch inserted successfully: 19 records
2025-11-05 18:19:51.776 [INFO] [MONGO_WRITE] [PERIODIC] | ✅ Batch inserted successfully: 21 records
2025-11-05 18:19:51.977 [INFO] [MONGO_WRITE] [PERIODIC] | ✅ Batch inserted successfully: 20 records
2025-11-05 18:19:52.176 [INFO] [MONGO_WRITE] [PERIODIC] | ✅ Batch inserted successfully: 20 records
2025-11-05 18:19:52.381 [INFO] [MONGO_WRITE] [PERIODIC] | ✅ Batch inserted successfully: 20 records
2025-11-05 18:19:52.578 [INFO] [MONGO_WRITE] [PERIODIC] | ✅ Batch inserted successfully: 20 records
2025-11-05 18:19:52.777 [INFO] [MONGO_WRITE] [PERIODIC] | ✅ Batch inserted successfully: 20 records
2025-11-05 18:19:52.982 [INFO] [MONGO_WRITE] [PERIODIC] | ✅ Batch inserted successfully: 20 records
2025-11-05 18:19:53.175 [INFO] [MONGO_WRITE] [PERIODIC] | ✅ Batch inserted successfully: 20 records
2025-11-05 18:19:53.375 [INFO] [MONGO_WRITE] [PERIODIC] | ✅ Batch inserted successfully: 20 records
2025-11-05 18:19:53.575 [INFO] [MONGO_WRITE] [PERIODIC] | ✅ Batch inserted successfully: 20 records
2025-11-05 18:19:53.775 [INFO] [MONGO_WRITE] [PERIODIC] | ✅ Batch inserted successfully: 20 records
2025-11-05 18:19:53.980 [INFO] [MONGO_WRITE] [PERIODIC] | ✅ Batch inserted successfully: 20 records
2025-11-05 18:19:54.314 [INFO] [MONGO_WRITE] [PERIODIC] | ✅ Batch inserted successfully: 20 records
2025-11-05 18:19:54.508 [INFO] [MONGO_WRITE] [PERIODIC] | ✅ Batch inserted successfully: 20 records
2025-11-05 18:19:54.708 [INFO] [MONGO_WRITE] [PERIODIC] | ✅ Batch inserted successfully: 20 records
2025-11-05 18:19:54.908 [INFO] [MONGO_WRITE] [PERIODIC] | ✅ Batch inserted successfully: 20 records
2025-11-05 18:19:55.108 [INFO] [MONGO_WRITE] [PERIODIC] | ✅ Batch inserted successfully: 20 records
2025-11-05 18:19:55.308 [INFO] [MONGO_WRITE] [PERIODIC] | ✅ Batch inserted successfully: 20 records
2025-11-05 18:19:55.513 [INFO] [MONGO_WRITE] [PERIODIC] | ✅ Batch inserted successfully: 20 records
2025-11-05 18:19:55.708 [INFO] [MONGO_WRITE] [PERIODIC] | ✅ Batch inserted successfully: 20 records
2025-11-05 18:19:55.909 [INFO] [MONGO_WRITE] [PERIODIC] | ✅ Batch inserted successfully: 20 records
2025-11-05 18:19:56.110 [INFO] [MONGO_WRITE] [PERIODIC] | ✅ Batch inserted successfully: 20 records
2025-11-05 18:19:56.309 [INFO] [MONGO_WRITE] [PERIODIC] | ✅ Batch inserted successfully: 20 records
2025-11-05 18:19:56.510 [INFO] [MONGO_WRITE] [PERIODIC] | ✅ Batch inserted successfully: 20 records
2025-11-05 18:19:56.708 [INFO] [MONGO_WRITE] [PERIODIC] | ✅ Batch inserted successfully: 20 records
2025-11-05 18:19:56.908 [INFO] [MONGO_WRITE] [PERIODIC] | ✅ Batch inserted successfully: 20 records
2025-11-05 18:19:57.108 [INFO] [MONGO_WRITE] [PERIODIC] | ✅ Batch inserted successfully: 20 records
2025-11-05 18:19:57.309 [INFO] [MONGO_WRITE] [PERIODIC] | ✅ Batch inserted successfully: 20 records
2025-11-05 18:19:57.510 [INFO] [MONGO_WRITE] [PERIODIC] | ✅ Batch inserted successfully: 19 records
2025-11-05 18:19:57.709 [INFO] [MONGO_WRITE] [PERIODIC] | ✅ Batch inserted successfully: 21 records
2025-11-05 18:19:57.912 [INFO] [MONGO_WRITE] [PERIODIC] | ✅ Batch inserted successfully: 20 records
2025-11-05 18:19:58.108 [INFO] [MONGO_WRITE] [PERIODIC] | ✅ Batch inserted successfully: 20 records
2025-11-05 18:19:58.311 [INFO] [MONGO_WRITE] [PERIODIC] | ✅ Batch inserted successfully: 20 records
2025-11-05 18:19:58.510 [INFO] [MONGO_WRITE] [PERIODIC] | ✅ Batch inserted successfully: 19 records
2025-11-05 18:19:58.710 [INFO] [MONGO_WRITE] [PERIODIC] | ✅ Batch inserted successfully: 21 records
2025-11-05 18:19:58.912 [INFO] [MONGO_WRITE] [PERIODIC] | ✅ Batch inserted successfully: 20 records
2025-11-05 18:19:59.109 [INFO] [MONGO_WRITE] [PERIODIC] | ✅ Batch inserted successfully: 19 records
2025-11-05 18:19:59.308 [INFO] [MONGO_WRITE] [PERIODIC] | ✅ Batch inserted successfully: 21 records
2025-11-05 18:19:59.508 [INFO] [MONGO_WRITE] [PERIODIC] | ✅ Batch inserted successfully: 20 records
2025-11-05 18:19:59.708 [INFO] [MONGO_WRITE] [PERIODIC] | ✅ Batch inserted successfully: 20 records
2025-11-05 18:19:59.908 [INFO] [MONGO_WRITE] [PERIODIC] | ✅ Batch inserted successfully: 20 records
2025-11-05 18:20:00.108 [INFO] [MONGO_WRITE] [PERIODIC] | ✅ Batch inserted successfully: 20 records
2025-11-05 18:20:00.308 [INFO] [MONGO_WRITE] [PERIODIC] | ✅ Batch inserted successfully: 20 records
2025-11-05 18:20:00.509 [INFO] [MONGO_WRITE] [PERIODIC] | ✅ Batch inserted successfully: 20 records
2025-11-05 18:20:00.709 [INFO] [MONGO_WRITE] [PERIODIC] | ✅ Batch inserted successfully: 19 records
2025-11-05 18:20:00.909 [INFO] [MONGO_WRITE] [PERIODIC] | ✅ Batch inserted successfully: 20 records
2025-11-05 18:20:01.109 [INFO] [MONGO_WRITE] [PERIODIC] | ✅ Batch inserted successfully: 21 records
2025-11-05 18:20:01.308 [INFO] [MONGO_WRITE] [PERIODIC] | ✅ Batch inserted successfully: 20 records
2025-11-05 18:20:01.509 [INFO] [MONGO_WRITE] [PERIODIC] | ✅ Batch inserted successfully: 17 records
2025-11-05 18:20:01.710 [INFO] [MONGO_WRITE] [PERIODIC] | ✅ Batch inserted successfully: 22 records
2025-11-05 18:20:01.909 [INFO] [MONGO_WRITE] [PERIODIC] | ✅ Batch inserted successfully: 21 records
2025-11-05 18:20:02.110 [INFO] [MONGO_WRITE] [PERIODIC] | ✅ Batch inserted successfully: 20 records
2025-11-05 18:20:02.310 [INFO] [MONGO_WRITE] [PERIODIC] | ✅ Batch inserted successfully: 20 records
2025-11-05 18:20:02.509 [INFO] [MONGO_WRITE] [PERIODIC] | ✅ Batch inserted successfully: 20 records
2025-11-05 18:20:02.708 [INFO] [MONGO_WRITE] [PERIODIC] | ✅ Batch inserted successfully: 20 records
2025-11-05 18:20:02.908 [INFO] [MONGO_WRITE] [PERIODIC] | ✅ Batch inserted successfully: 20 records
2025-11-05 18:20:03.112 [INFO] [MONGO_WRITE] [PERIODIC] | ✅ Batch inserted successfully: 20 records
2025-11-05 18:20:03.310 [INFO] [MONGO_WRITE] [PERIODIC] | ✅ Batch inserted successfully: 20 records
2025-11-05 18:20:03.508 [INFO] [MONGO_WRITE] [PERIODIC] | ✅ Batch inserted successfully: 20 records
2025-11-05 18:20:03.708 [INFO] [MONGO_WRITE] [PERIODIC] | ✅ Batch inserted successfully: 20 records
2025-11-05 18:20:03.909 [INFO] [MONGO_WRITE] [PERIODIC] | ✅ Batch inserted successfully: 20 records
2025-11-05 18:20:04.109 [INFO] [MONGO_WRITE] [PERIODIC] | ✅ Batch inserted successfully: 20 records
2025-11-05 18:20:04.308 [INFO] [MONGO_WRITE] [PERIODIC] | ✅ Batch inserted successfully: 20 records
2025-11-05 18:20:04.509 [INFO] [MONGO_WRITE] [PERIODIC] | ✅ Batch inserted successfully: 20 records
2025-11-05 18:20:04.710 [INFO] [MONGO_WRITE] [PERIODIC] | ✅ Batch inserted successfully: 20 records
2025-11-05 18:20:04.911 [INFO] [MONGO_WRITE] [PERIODIC] | ✅ Batch inserted successfully: 19 records
2025-11-05 18:20:05.108 [INFO] [MONGO_WRITE] [PERIODIC] | ✅ Batch inserted successfully: 20 records
2025-11-05 18:20:05.309 [INFO] [MONGO_WRITE] [PERIODIC] | ✅ Batch inserted successfully: 20 records
2025-11-05 18:20:05.508 [INFO] [MONGO_WRITE] [PERIODIC] | ✅ Batch inserted successfully: 20 records
2025-11-05 18:20:05.708 [INFO] [MONGO_WRITE] [PERIODIC] | ✅ Batch inserted successfully: 20 records
2025-11-05 18:20:05.908 [INFO] [MONGO_WRITE] [PERIODIC] | ✅ Batch inserted successfully: 20 records
2025-11-05 18:20:06.108 [INFO] [MONGO_WRITE] [PERIODIC] | ✅ Batch inserted successfully: 20 records
2025-11-05 18:20:06.312 [INFO] [MONGO_WRITE] [PERIODIC] | ✅ Batch inserted successfully: 19 records
2025-11-05 18:20:06.511 [INFO] [MONGO_WRITE] [PERIODIC] | ✅ Batch inserted successfully: 20 records
2025-11-05 18:20:06.710 [INFO] [MONGO_WRITE] [PERIODIC] | ✅ Batch inserted successfully: 21 records
2025-11-05 18:20:06.908 [INFO] [MONGO_WRITE] [PERIODIC] | ✅ Batch inserted successfully: 20 records
2025-11-05 18:20:07.109 [INFO] [MONGO_WRITE] [PERIODIC] | ✅ Batch inserted successfully: 20 records
2025-11-05 18:20:07.308 [INFO] [MONGO_WRITE] [PERIODIC] | ✅ Batch inserted successfully: 20 records
2025-11-05 18:20:07.508 [INFO] [MONGO_WRITE] [PERIODIC] | ✅ Batch inserted successfully: 20 records
2025-11-05 18:20:07.708 [INFO] [MONGO_WRITE] [PERIODIC] | ✅ Batch inserted successfully: 20 records
2025-11-05 18:20:07.908 [INFO] [MONGO_WRITE] [PERIODIC] | ✅ Batch inserted successfully: 20 records
2025-11-05 18:20:08.109 [INFO] [MONGO_WRITE] [PERIODIC] | ✅ Batch inserted successfully: 20 records
2025-11-05 18:20:08.309 [INFO] [MONGO_WRITE] [PERIODIC] | ✅ Batch inserted successfully: 20 records
2025-11-05 18:20:08.509 [INFO] [MONGO_WRITE] [PERIODIC] | ✅ Batch inserted successfully: 20 records
2025-11-05 18:20:08.711 [INFO] [MONGO_WRITE] [PERIODIC] | ✅ Batch inserted successfully: 20 records
2025-11-05 18:20:08.909 [INFO] [MONGO_WRITE] [PERIODIC] | ✅ Batch inserted successfully: 20 records
2025-11-05 18:20:09.110 [INFO] [MONGO_WRITE] [PERIODIC] | ✅ Batch inserted successfully: 19 records
2025-11-05 18:20:09.310 [INFO] [MONGO_WRITE] [PERIODIC] | ✅ Batch inserted successfully: 21 records
2025-11-05 18:20:09.511 [INFO] [MONGO_WRITE] [PERIODIC] | ✅ Batch inserted successfully: 20 records
2025-11-05 18:20:09.709 [INFO] [MONGO_WRITE] [PERIODIC] | ✅ Batch inserted successfully: 20 records
2025-11-05 18:20:09.910 [INFO] [MONGO_WRITE] [PERIODIC] | ✅ Batch inserted successfully: 20 records
2025-11-05 18:20:10.110 [INFO] [MONGO_WRITE] [PERIODIC] | ✅ Batch inserted successfully: 20 records
2025-11-05 18:20:10.309 [INFO] [MONGO_WRITE] [PERIODIC] | ✅ Batch inserted successfully: 20 records
2025-11-05 18:20:10.510 [INFO] [MONGO_WRITE] [PERIODIC] | ✅ Batch inserted successfully: 20 records
2025-11-05 18:20:10.712 [INFO] [MONGO_WRITE] [PERIODIC] | ✅ Batch inserted successfully: 20 records
2025-11-05 18:20:10.908 [INFO] [MONGO_WRITE] [PERIODIC] | ✅ Batch inserted successfully: 20 records
2025-11-05 18:20:11.109 [INFO] [MONGO_WRITE] [PERIODIC] | ✅ Batch inserted successfully: 20 records
2025-11-05 18:20:11.309 [INFO] [MONGO_WRITE] [PERIODIC] | ✅ Batch inserted successfully: 20 records
2025-11-05 18:20:11.510 [INFO] [MONGO_WRITE] [PERIODIC] | ✅ Batch inserted successfully: 20 records
2025-11-05 18:20:11.709 [INFO] [MONGO_WRITE] [PERIODIC] | ✅ Batch inserted successfully: 20 records
2025-11-05 18:20:11.909 [INFO] [MONGO_WRITE] [PERIODIC] | ✅ Batch inserted successfully: 20 records
2025-11-05 18:20:12.108 [INFO] [MONGO_WRITE] [PERIODIC] | ✅ Batch inserted successfully: 20 records
2025-11-05 18:20:12.309 [INFO] [MONGO_WRITE] [PERIODIC] | ✅ Batch inserted successfully: 19 records
2025-11-05 18:20:12.509 [INFO] [MONGO_WRITE] [PERIODIC] | ✅ Batch inserted successfully: 20 records
2025-11-05 18:20:12.709 [INFO] [MONGO_WRITE] [PERIODIC] | ✅ Batch inserted successfully: 20 records
2025-11-05 18:20:12.909 [INFO] [MONGO_WRITE] [PERIODIC] | ✅ Batch inserted successfully: 20 records
2025-11-05 18:20:13.109 [INFO] [MONGO_WRITE] [PERIODIC] | ✅ Batch inserted successfully: 21 records
2025-11-05 18:20:13.308 [INFO] [MONGO_WRITE] [PERIODIC] | ✅ Batch inserted successfully: 20 records
2025-11-05 18:20:13.509 [INFO] [MONGO_WRITE] [PERIODIC] | ✅ Batch inserted successfully: 20 records
2025-11-05 18:20:13.709 [INFO] [MONGO_WRITE] [PERIODIC] | ✅ Batch inserted successfully: 19 records
2025-11-05 18:20:13.909 [INFO] [MONGO_WRITE] [PERIODIC] | ✅ Batch inserted successfully: 20 records
2025-11-05 18:20:14.109 [INFO] [MONGO_WRITE] [PERIODIC] | ✅ Batch inserted successfully: 21 records
2025-11-05 18:20:14.309 [INFO] [MONGO_WRITE] [PERIODIC] | ✅ Batch inserted successfully: 20 records
2025-11-05 18:20:14.512 [INFO] [MONGO_WRITE] [PERIODIC] | ✅ Batch inserted successfully: 19 records
2025-11-05 18:20:14.711 [INFO] [MONGO_WRITE] [PERIODIC] | ✅ Batch inserted successfully: 21 records
2025-11-05 18:20:14.911 [INFO] [MONGO_WRITE] [PERIODIC] | ✅ Batch inserted successfully: 20 records
2025-11-05 18:20:15.110 [INFO] [MONGO_WRITE] [PERIODIC] | ✅ Batch inserted successfully: 19 records
2025-11-05 18:20:15.319 [INFO] [MONGO_WRITE] [PERIODIC] | ✅ Batch inserted successfully: 20 records
2025-11-05 18:20:15.510 [INFO] [MONGO_WRITE] [PERIODIC] | ✅ Batch inserted successfully: 21 records
2025-11-05 18:20:15.709 [INFO] [MONGO_WRITE] [PERIODIC] | ✅ Batch inserted successfully: 20 records
2025-11-05 18:20:15.909 [INFO] [MONGO_WRITE] [PERIODIC] | ✅ Batch inserted successfully: 20 records
2025-11-05 18:20:16.112 [INFO] [MONGO_WRITE] [PERIODIC] | ✅ Batch inserted successfully: 20 records
2025-11-05 18:20:16.325 [INFO] [MONGO_WRITE] [PERIODIC] | ✅ Batch inserted successfully: 19 records
2025-11-05 18:20:16.514 [INFO] [MONGO_WRITE] [PERIODIC] | ✅ Batch inserted successfully: 21 records
2025-11-05 18:20:16.709 [INFO] [MONGO_WRITE] [PERIODIC] | ✅ Batch inserted successfully: 20 records
2025-11-05 18:20:16.908 [INFO] [MONGO_WRITE] [PERIODIC] | ✅ Batch inserted successfully: 20 records
2025-11-05 18:20:17.108 [INFO] [MONGO_WRITE] [PERIODIC] | ✅ Batch inserted successfully: 20 records
2025-11-05 18:20:17.309 [INFO] [MONGO_WRITE] [PERIODIC] | ✅ Batch inserted successfully: 20 records
2025-11-05 18:20:17.509 [INFO] [MONGO_WRITE] [PERIODIC] | ✅ Batch inserted successfully: 20 records
2025-11-05 18:20:17.709 [INFO] [MONGO_WRITE] [PERIODIC] | ✅ Batch inserted successfully: 20 records
2025-11-05 18:20:17.910 [INFO] [MONGO_WRITE] [PERIODIC] | ✅ Batch inserted successfully: 20 records
2025-11-05 18:20:18.109 [INFO] [MONGO_WRITE] [PERIODIC] | ✅ Batch inserted successfully: 19 records
2025-11-05 18:20:18.309 [INFO] [MONGO_WRITE] [PERIODIC] | ✅ Batch inserted successfully: 21 records
2025-11-05 18:20:18.509 [INFO] [MONGO_WRITE] [PERIODIC] | ✅ Batch inserted successfully: 20 records
2025-11-05 18:20:18.711 [INFO] [MONGO_WRITE] [PERIODIC] | ✅ Batch inserted successfully: 20 records
2025-11-05 18:20:18.910 [INFO] [MONGO_WRITE] [PERIODIC] | ✅ Batch inserted successfully: 20 records
2025-11-05 18:20:19.109 [INFO] [MONGO_WRITE] [PERIODIC] | ✅ Batch inserted successfully: 20 records
2025-11-05 18:20:19.309 [INFO] [MONGO_WRITE] [PERIODIC] | ✅ Batch inserted successfully: 20 records
2025-11-05 18:20:19.509 [INFO] [MONGO_WRITE] [PERIODIC] | ✅ Batch inserted successfully: 20 records
2025-11-05 18:20:19.709 [INFO] [MONGO_WRITE] [PERIODIC] | ✅ Batch inserted successfully: 20 records
2025-11-05 18:20:19.911 [INFO] [MONGO_WRITE] [PERIODIC] | ✅ Batch inserted successfully: 19 records
2025-11-05 18:20:20.110 [INFO] [MONGO_WRITE] [PERIODIC] | ✅ Batch inserted successfully: 20 records
2025-11-05 18:20:20.309 [INFO] [MONGO_WRITE] [PERIODIC] | ✅ Batch inserted successfully: 21 records
2025-11-05 18:20:20.512 [INFO] [MONGO_WRITE] [PERIODIC] | ✅ Batch inserted successfully: 19 records
2025-11-05 18:20:20.709 [INFO] [MONGO_WRITE] [PERIODIC] | ✅ Batch inserted successfully: 20 records
2025-11-05 18:20:20.909 [INFO] [MONGO_WRITE] [PERIODIC] | ✅ Batch inserted successfully: 21 records
2025-11-05 18:20:21.110 [INFO] [MONGO_WRITE] [PERIODIC] | ✅ Batch inserted successfully: 20 records
2025-11-05 18:20:21.309 [INFO] [MONGO_WRITE] [PERIODIC] | ✅ Batch inserted successfully: 19 records
2025-11-05 18:20:21.512 [INFO] [MONGO_WRITE] [PERIODIC] | ✅ Batch inserted successfully: 21 records
2025-11-05 18:20:21.713 [INFO] [MONGO_WRITE] [PERIODIC] | ✅ Batch inserted successfully: 20 records
2025-11-05 18:20:21.910 [INFO] [MONGO_WRITE] [PERIODIC] | ✅ Batch inserted successfully: 20 records
2025-11-05 18:20:22.109 [INFO] [MONGO_WRITE] [PERIODIC] | ✅ Batch inserted successfully: 20 records
2025-11-05 18:20:22.309 [INFO] [MONGO_WRITE] [PERIODIC] | ✅ Batch inserted successfully: 20 records
2025-11-05 18:20:22.517 [INFO] [MONGO_WRITE] [PERIODIC] | ✅ Batch inserted successfully: 20 records
2025-11-05 18:20:22.709 [INFO] [MONGO_WRITE] [PERIODIC] | ✅ Batch inserted successfully: 20 records
2025-11-05 18:20:22.909 [INFO] [MONGO_WRITE] [PERIODIC] | ✅ Batch inserted successfully: 20 records
2025-11-05 18:20:23.110 [INFO] [MONGO_WRITE] [PERIODIC] | ✅ Batch inserted successfully: 20 records
2025-11-05 18:20:23.309 [INFO] [MONGO_WRITE] [PERIODIC] | ✅ Batch inserted successfully: 20 records
2025-11-05 18:20:23.509 [INFO] [MONGO_WRITE] [PERIODIC] | ✅ Batch inserted successfully: 20 records
2025-11-05 18:20:23.709 [INFO] [MONGO_WRITE] [PERIODIC] | ✅ Batch inserted successfully: 20 records
2025-11-05 18:20:23.909 [INFO] [MONGO_WRITE] [PERIODIC] | ✅ Batch inserted successfully: 20 records
2025-11-05 18:20:24.108 [INFO] [MONGO_WRITE] [PERIODIC] | ✅ Batch inserted successfully: 20 records
2025-11-05 18:20:24.309 [INFO] [MONGO_WRITE] [PERIODIC] | ✅ Batch inserted successfully: 20 records
2025-11-05 18:20:24.509 [INFO] [MONGO_WRITE] [PERIODIC] | ✅ Batch inserted successfully: 20 records
2025-11-05 18:20:24.709 [INFO] [MONGO_WRITE] [PERIODIC] | ✅ Batch inserted successfully: 20 records
2025-11-05 18:20:24.909 [INFO] [MONGO_WRITE] [PERIODIC] | ✅ Batch inserted successfully: 20 records
2025-11-05 18:20:25.109 [INFO] [MONGO_WRITE] [PERIODIC] | ✅ Batch inserted successfully: 16 records
2025-11-05 18:20:59.980 [INFO] [SHUTDOWN] [no-uuid-found] | Shutdown signal received
2025-11-05 18:20:59.981 [INFO] [SHUTDOWN] [no-uuid-found] | Starting graceful shutdown...
2025-11-05 18:21:00.483 [INFO] [SHUTDOWN] [no-uuid-found] | Shutdown complete. Received: 6000, Raw: 6000, Processed: 6000, Inserted: 6000, Failed: 0
2025-11-05 18:21:00.483 [INFO] [SHUTDOWN] [no-uuid-found] | Server exited gracefully
2025-11-05 18:37:12.566 [INFO] [STARTUP] [no-uuid-found] | Starting Solar Monitoring System...
2025-11-05 18:37:12.587 [INFO] [MAPPING] [no-uuid-found] | Loaded 4 mappings from MongoDB
2025-11-05 18:37:12.587 [INFO] [MAPPING] [no-uuid-found] | Service initialized with 4 mappings
2025-11-05 18:37:12.587 [INFO] [MAPPER] [no-uuid-found] | MongoDB-backed mapping service initialized
2025-11-05 18:37:12.598 [ERROR] [MAPPING] [no-uuid-found] | Watch failed: (Location40573) The $changeStream stage is only supported on replica sets
2025-11-05 18:37:12.622 [INFO] [INIT] [no-uuid-found] | Raw data collection initialized with auto-cleanup
2025-11-05 18:37:12.622 [INFO] [INIT] [no-uuid-found] | Data receiver initialized with mongo
2025-11-05 18:37:44.825 [INFO] [MONGO_WRITE] [PERIODIC] | ✅ Batch inserted successfully: 11 records
2025-11-05 18:37:45.023 [INFO] [MONGO_WRITE] [PERIODIC] | ✅ Batch inserted successfully: 19 records
2025-11-05 18:37:45.225 [INFO] [MONGO_WRITE] [PERIODIC] | ✅ Batch inserted successfully: 20 records
2025-11-05 18:37:45.423 [INFO] [MONGO_WRITE] [PERIODIC] | ✅ Batch inserted successfully: 20 records
2025-11-05 18:37:45.623 [INFO] [MONGO_WRITE] [PERIODIC] | ✅ Batch inserted successfully: 20 records
2025-11-05 18:37:45.823 [INFO] [MONGO_WRITE] [PERIODIC] | ✅ Batch inserted successfully: 20 records
2025-11-05 18:37:46.023 [INFO] [MONGO_WRITE] [PERIODIC] | ✅ Batch inserted successfully: 20 records
2025-11-05 18:37:46.223 [INFO] [MONGO_WRITE] [PERIODIC] | ✅ Batch inserted successfully: 20 records
2025-11-05 18:37:46.424 [INFO] [MONGO_WRITE] [PERIODIC] | ✅ Batch inserted successfully: 20 records
2025-11-05 18:37:46.624 [INFO] [MONGO_WRITE] [PERIODIC] | ✅ Batch inserted successfully: 20 records
2025-11-05 18:37:46.827 [INFO] [MONGO_WRITE] [PERIODIC] | ✅ Batch inserted successfully: 20 records
2025-11-05 18:37:47.023 [INFO] [MONGO_WRITE] [PERIODIC] | ✅ Batch inserted successfully: 21 records
2025-11-05 18:37:47.223 [INFO] [MONGO_WRITE] [PERIODIC] | ✅ Batch inserted successfully: 20 records
2025-11-05 18:37:47.424 [INFO] [MONGO_WRITE] [PERIODIC] | ✅ Batch inserted successfully: 19 records
2025-11-05 18:37:47.623 [INFO] [MONGO_WRITE] [PERIODIC] | ✅ Batch inserted successfully: 20 records
2025-11-05 18:37:47.823 [INFO] [MONGO_WRITE] [PERIODIC] | ✅ Batch inserted successfully: 21 records
2025-11-05 18:37:48.023 [INFO] [MONGO_WRITE] [PERIODIC] | ✅ Batch inserted successfully: 19 records
2025-11-05 18:37:48.224 [INFO] [MONGO_WRITE] [PERIODIC] | ✅ Batch inserted successfully: 20 records
2025-11-05 18:37:48.425 [INFO] [MONGO_WRITE] [PERIODIC] | ✅ Batch inserted successfully: 21 records
2025-11-05 18:37:48.624 [INFO] [MONGO_WRITE] [PERIODIC] | ✅ Batch inserted successfully: 20 records
2025-11-05 18:37:48.824 [INFO] [MONGO_WRITE] [PERIODIC] | ✅ Batch inserted successfully: 19 records
2025-11-05 18:37:49.025 [INFO] [MONGO_WRITE] [PERIODIC] | ✅ Batch inserted successfully: 20 records
2025-11-05 18:37:49.223 [INFO] [MONGO_WRITE] [PERIODIC] | ✅ Batch inserted successfully: 21 records
2025-11-05 18:37:49.424 [INFO] [MONGO_WRITE] [PERIODIC] | ✅ Batch inserted successfully: 19 records
2025-11-05 18:37:49.624 [INFO] [MONGO_WRITE] [PERIODIC] | ✅ Batch inserted successfully: 20 records
2025-11-05 18:37:49.824 [INFO] [MONGO_WRITE] [PERIODIC] | ✅ Batch inserted successfully: 21 records
2025-11-05 18:37:50.024 [INFO] [MONGO_WRITE] [PERIODIC] | ✅ Batch inserted successfully: 19 records
2025-11-05 18:37:50.223 [INFO] [MONGO_WRITE] [PERIODIC] | ✅ Batch inserted successfully: 20 records
2025-11-05 18:37:50.423 [INFO] [MONGO_WRITE] [PERIODIC] | ✅ Batch inserted successfully: 20 records
2025-11-05 18:37:50.630 [INFO] [MONGO_WRITE] [PERIODIC] | ✅ Batch inserted successfully: 20 records
2025-11-05 18:37:50.824 [INFO] [MONGO_WRITE] [PERIODIC] | ✅ Batch inserted successfully: 20 records
2025-11-05 18:37:51.023 [INFO] [MONGO_WRITE] [PERIODIC] | ✅ Batch inserted successfully: 21 records
2025-11-05 18:37:51.223 [INFO] [MONGO_WRITE] [PERIODIC] | ✅ Batch inserted successfully: 19 records
2025-11-05 18:37:51.424 [INFO] [MONGO_WRITE] [PERIODIC] | ✅ Batch inserted successfully: 20 records
2025-11-05 18:37:51.624 [INFO] [MONGO_WRITE] [PERIODIC] | ✅ Batch inserted successfully: 20 records
2025-11-05 18:37:51.823 [INFO] [MONGO_WRITE] [PERIODIC] | ✅ Batch inserted successfully: 20 records
2025-11-05 18:37:52.023 [INFO] [MONGO_WRITE] [PERIODIC] | ✅ Batch inserted successfully: 21 records
2025-11-05 18:37:52.229 [INFO] [MONGO_WRITE] [PERIODIC] | ✅ Batch inserted successfully: 18 records
2025-11-05 18:37:52.423 [INFO] [MONGO_WRITE] [PERIODIC] | ✅ Batch inserted successfully: 21 records
2025-11-05 18:37:52.624 [INFO] [MONGO_WRITE] [PERIODIC] | ✅ Batch inserted successfully: 20 records
2025-11-05 18:37:52.824 [INFO] [MONGO_WRITE] [PERIODIC] | ✅ Batch inserted successfully: 20 records
2025-11-05 18:37:53.024 [INFO] [MONGO_WRITE] [PERIODIC] | ✅ Batch inserted successfully: 20 records
2025-11-05 18:37:53.224 [INFO] [MONGO_WRITE] [PERIODIC] | ✅ Batch inserted successfully: 20 records
2025-11-05 18:37:53.423 [INFO] [MONGO_WRITE] [PERIODIC] | ✅ Batch inserted successfully: 20 records
2025-11-05 18:37:53.624 [INFO] [MONGO_WRITE] [PERIODIC] | ✅ Batch inserted successfully: 20 records
2025-11-05 18:37:53.823 [INFO] [MONGO_WRITE] [PERIODIC] | ✅ Batch inserted successfully: 21 records
2025-11-05 18:37:54.026 [INFO] [MONGO_WRITE] [PERIODIC] | ✅ Batch inserted successfully: 19 records
2025-11-05 18:37:54.225 [INFO] [MONGO_WRITE] [PERIODIC] | ✅ Batch inserted successfully: 20 records
2025-11-05 18:37:54.425 [INFO] [MONGO_WRITE] [PERIODIC] | ✅ Batch inserted successfully: 20 records
2025-11-05 18:37:54.631 [INFO] [MONGO_WRITE] [PERIODIC] | ✅ Batch inserted successfully: 20 records
2025-11-05 18:37:54.824 [INFO] [MONGO_WRITE] [PERIODIC] | ✅ Batch inserted successfully: 20 records
2025-11-05 18:37:55.025 [INFO] [MONGO_WRITE] [PERIODIC] | ✅ Batch inserted successfully: 20 records
2025-11-05 18:37:55.223 [INFO] [MONGO_WRITE] [PERIODIC] | ✅ Batch inserted successfully: 20 records
2025-11-05 18:37:55.424 [INFO] [MONGO_WRITE] [PERIODIC] | ✅ Batch inserted successfully: 20 records
2025-11-05 18:37:55.626 [INFO] [MONGO_WRITE] [PERIODIC] | ✅ Batch inserted successfully: 20 records
2025-11-05 18:37:55.824 [INFO] [MONGO_WRITE] [PERIODIC] | ✅ Batch inserted successfully: 20 records
2025-11-05 18:37:56.024 [INFO] [MONGO_WRITE] [PERIODIC] | ✅ Batch inserted successfully: 20 records
2025-11-05 18:37:56.224 [INFO] [MONGO_WRITE] [PERIODIC] | ✅ Batch inserted successfully: 20 records
2025-11-05 18:37:56.426 [INFO] [MONGO_WRITE] [PERIODIC] | ✅ Batch inserted successfully: 20 records
2025-11-05 18:37:56.628 [INFO] [MONGO_WRITE] [PERIODIC] | ✅ Batch inserted successfully: 20 records
2025-11-05 18:37:56.825 [INFO] [MONGO_WRITE] [PERIODIC] | ✅ Batch inserted successfully: 20 records
2025-11-05 18:37:57.024 [INFO] [MONGO_WRITE] [PERIODIC] | ✅ Batch inserted successfully: 20 records
2025-11-05 18:37:57.223 [INFO] [MONGO_WRITE] [PERIODIC] | ✅ Batch inserted successfully: 20 records
2025-11-05 18:37:57.423 [INFO] [MONGO_WRITE] [PERIODIC] | ✅ Batch inserted successfully: 20 records
2025-11-05 18:37:57.625 [INFO] [MONGO_WRITE] [PERIODIC] | ✅ Batch inserted successfully: 20 records
2025-11-05 18:37:57.823 [INFO] [MONGO_WRITE] [PERIODIC] | ✅ Batch inserted successfully: 20 records
2025-11-05 18:37:58.025 [INFO] [MONGO_WRITE] [PERIODIC] | ✅ Batch inserted successfully: 20 records
2025-11-05 18:37:58.225 [INFO] [MONGO_WRITE] [PERIODIC] | ✅ Batch inserted successfully: 20 records
2025-11-05 18:37:58.424 [INFO] [MONGO_WRITE] [PERIODIC] | ✅ Batch inserted successfully: 20 records
2025-11-05 18:37:58.623 [INFO] [MONGO_WRITE] [PERIODIC] | ✅ Batch inserted successfully: 20 records
2025-11-05 18:37:58.823 [INFO] [MONGO_WRITE] [PERIODIC] | ✅ Batch inserted successfully: 20 records
2025-11-05 18:37:59.025 [INFO] [MONGO_WRITE] [PERIODIC] | ✅ Batch inserted successfully: 20 records
2025-11-05 18:37:59.224 [INFO] [MONGO_WRITE] [PERIODIC] | ✅ Batch inserted successfully: 20 records
2025-11-05 18:37:59.425 [INFO] [MONGO_WRITE] [PERIODIC] | ✅ Batch inserted successfully: 20 records
2025-11-05 18:37:59.623 [INFO] [MONGO_WRITE] [PERIODIC] | ✅ Batch inserted successfully: 20 records
2025-11-05 18:37:59.823 [INFO] [MONGO_WRITE] [PERIODIC] | ✅ Batch inserted successfully: 20 records
2025-11-05 18:38:00.027 [INFO] [MONGO_WRITE] [PERIODIC] | ✅ Batch inserted successfully: 20 records
2025-11-05 18:38:00.226 [INFO] [MONGO_WRITE] [PERIODIC] | ✅ Batch inserted successfully: 20 records
2025-11-05 18:38:00.423 [INFO] [MONGO_WRITE] [PERIODIC] | ✅ Batch inserted successfully: 21 records
2025-11-05 18:38:00.654 [INFO] [MONGO_WRITE] [PERIODIC] | ✅ Batch inserted successfully: 13 records
2025-11-05 18:38:00.826 [INFO] [MONGO_WRITE] [PERIODIC] | ✅ Batch inserted successfully: 18 records
2025-11-05 18:38:01.023 [INFO] [MONGO_WRITE] [PERIODIC] | ✅ Batch inserted successfully: 21 records
2025-11-05 18:38:01.223 [INFO] [MONGO_WRITE] [PERIODIC] | ✅ Batch inserted successfully: 20 records
2025-11-05 18:38:01.423 [INFO] [MONGO_WRITE] [PERIODIC] | ✅ Batch inserted successfully: 19 records
2025-11-05 18:38:01.623 [INFO] [MONGO_WRITE] [PERIODIC] | ✅ Batch inserted successfully: 20 records
2025-11-05 18:38:01.823 [INFO] [MONGO_WRITE] [PERIODIC] | ✅ Batch inserted successfully: 21 records
2025-11-05 18:38:02.024 [INFO] [MONGO_WRITE] [PERIODIC] | ✅ Batch inserted successfully: 19 records
2025-11-05 18:38:02.235 [INFO] [MONGO_WRITE] [PERIODIC] | ✅ Batch inserted successfully: 20 records
2025-11-05 18:38:02.427 [INFO] [MONGO_WRITE] [PERIODIC] | ✅ Batch inserted successfully: 20 records
2025-11-05 18:38:02.624 [INFO] [MONGO_WRITE] [PERIODIC] | ✅ Batch inserted successfully: 20 records
2025-11-05 18:38:02.823 [INFO] [MONGO_WRITE] [PERIODIC] | ✅ Batch inserted successfully: 20 records
2025-11-05 18:38:03.023 [INFO] [MONGO_WRITE] [PERIODIC] | ✅ Batch inserted successfully: 20 records
2025-11-05 18:38:03.223 [INFO] [MONGO_WRITE] [PERIODIC] | ✅ Batch inserted successfully: 20 records
2025-11-05 18:38:03.423 [INFO] [MONGO_WRITE] [PERIODIC] | ✅ Batch inserted successfully: 21 records
2025-11-05 18:38:03.623 [INFO] [MONGO_WRITE] [PERIODIC] | ✅ Batch inserted successfully: 19 records
2025-11-05 18:38:03.823 [INFO] [MONGO_WRITE] [PERIODIC] | ✅ Batch inserted successfully: 20 records
2025-11-05 18:38:04.024 [INFO] [MONGO_WRITE] [PERIODIC] | ✅ Batch inserted successfully: 20 records
2025-11-05 18:38:04.225 [INFO] [MONGO_WRITE] [PERIODIC] | ✅ Batch inserted successfully: 20 records
2025-11-05 18:38:04.426 [INFO] [MONGO_WRITE] [PERIODIC] | ✅ Batch inserted successfully: 20 records
2025-11-05 18:38:04.625 [INFO] [MONGO_WRITE] [PERIODIC] | ✅ Batch inserted successfully: 20 records
2025-11-05 18:38:04.824 [INFO] [MONGO_WRITE] [PERIODIC] | ✅ Batch inserted successfully: 21 records
2025-11-05 18:38:05.025 [INFO] [MONGO_WRITE] [PERIODIC] | ✅ Batch inserted successfully: 19 records
2025-11-05 18:38:05.223 [INFO] [MONGO_WRITE] [PERIODIC] | ✅ Batch inserted successfully: 21 records
2025-11-05 18:38:05.423 [INFO] [MONGO_WRITE] [PERIODIC] | ✅ Batch inserted successfully: 20 records
2025-11-05 18:38:05.623 [INFO] [MONGO_WRITE] [PERIODIC] | ✅ Batch inserted successfully: 19 records
2025-11-05 18:38:05.824 [INFO] [MONGO_WRITE] [PERIODIC] | ✅ Batch inserted successfully: 20 records
2025-11-05 18:38:06.023 [INFO] [MONGO_WRITE] [PERIODIC] | ✅ Batch inserted successfully: 20 records
2025-11-05 18:38:06.223 [INFO] [MONGO_WRITE] [PERIODIC] | ✅ Batch inserted successfully: 20 records
2025-11-05 18:38:06.426 [INFO] [MONGO_WRITE] [PERIODIC] | ✅ Batch inserted successfully: 20 records
2025-11-05 18:38:06.624 [INFO] [MONGO_WRITE] [PERIODIC] | ✅ Batch inserted successfully: 20 records
2025-11-05 18:38:06.824 [INFO] [MONGO_WRITE] [PERIODIC] | ✅ Batch inserted successfully: 20 records
2025-11-05 18:38:07.023 [INFO] [MONGO_WRITE] [PERIODIC] | ✅ Batch inserted successfully: 20 records
2025-11-05 18:38:07.223 [INFO] [MONGO_WRITE] [PERIODIC] | ✅ Batch inserted successfully: 20 records
2025-11-05 18:38:07.425 [INFO] [MONGO_WRITE] [PERIODIC] | ✅ Batch inserted successfully: 20 records
2025-11-05 18:38:07.625 [INFO] [MONGO_WRITE] [PERIODIC] | ✅ Batch inserted successfully: 20 records
2025-11-05 18:38:07.824 [INFO] [MONGO_WRITE] [PERIODIC] | ✅ Batch inserted successfully: 20 records
2025-11-05 18:38:08.024 [INFO] [MONGO_WRITE] [PERIODIC] | ✅ Batch inserted successfully: 21 records
2025-11-05 18:38:08.224 [INFO] [MONGO_WRITE] [PERIODIC] | ✅ Batch inserted successfully: 19 records
2025-11-05 18:38:08.427 [INFO] [MONGO_WRITE] [PERIODIC] | ✅ Batch inserted successfully: 21 records
2025-11-05 18:38:08.624 [INFO] [MONGO_WRITE] [PERIODIC] | ✅ Batch inserted successfully: 19 records
2025-11-05 18:38:08.823 [INFO] [MONGO_WRITE] [PERIODIC] | ✅ Batch inserted successfully: 20 records
2025-11-05 18:38:09.023 [INFO] [MONGO_WRITE] [PERIODIC] | ✅ Batch inserted successfully: 20 records
2025-11-05 18:38:09.224 [INFO] [MONGO_WRITE] [PERIODIC] | ✅ Batch inserted successfully: 20 records
2025-11-05 18:38:09.423 [INFO] [MONGO_WRITE] [PERIODIC] | ✅ Batch inserted successfully: 20 records
2025-11-05 18:38:09.623 [INFO] [MONGO_WRITE] [PERIODIC] | ✅ Batch inserted successfully: 20 records
2025-11-05 18:38:09.824 [INFO] [MONGO_WRITE] [PERIODIC] | ✅ Batch inserted successfully: 20 records
2025-11-05 18:38:10.022 [INFO] [MONGO_WRITE] [PERIODIC] | ✅ Batch inserted successfully: 21 records
2025-11-05 18:38:10.223 [INFO] [MONGO_WRITE] [PERIODIC] | ✅ Batch inserted successfully: 19 records
2025-11-05 18:38:10.423 [INFO] [MONGO_WRITE] [PERIODIC] | ✅ Batch inserted successfully: 20 records
2025-11-05 18:38:10.623 [INFO] [MONGO_WRITE] [PERIODIC] | ✅ Batch inserted successfully: 20 records
2025-11-05 18:38:10.823 [INFO] [MONGO_WRITE] [PERIODIC] | ✅ Batch inserted successfully: 20 records
2025-11-05 18:38:11.024 [INFO] [MONGO_WRITE] [PERIODIC] | ✅ Batch inserted successfully: 20 records
2025-11-05 18:38:11.223 [INFO] [MONGO_WRITE] [PERIODIC] | ✅ Batch inserted successfully: 20 records
2025-11-05 18:38:11.424 [INFO] [MONGO_WRITE] [PERIODIC] | ✅ Batch inserted successfully: 20 records
2025-11-05 18:38:11.625 [INFO] [MONGO_WRITE] [PERIODIC] | ✅ Batch inserted successfully: 20 records
2025-11-05 18:38:11.824 [INFO] [MONGO_WRITE] [PERIODIC] | ✅ Batch inserted successfully: 20 records
2025-11-05 18:38:12.023 [INFO] [MONGO_WRITE] [PERIODIC] | ✅ Batch inserted successfully: 20 records
2025-11-05 18:38:12.224 [INFO] [MONGO_WRITE] [PERIODIC] | ✅ Batch inserted successfully: 20 records
2025-11-05 18:38:12.423 [INFO] [MONGO_WRITE] [PERIODIC] | ✅ Batch inserted successfully: 20 records
2025-11-05 18:38:12.623 [INFO] [MONGO_WRITE] [PERIODIC] | ✅ Batch inserted successfully: 21 records
2025-11-05 18:38:12.824 [INFO] [MONGO_WRITE] [PERIODIC] | ✅ Batch inserted successfully: 19 records
2025-11-05 18:38:13.023 [INFO] [MONGO_WRITE] [PERIODIC] | ✅ Batch inserted successfully: 20 records
2025-11-05 18:38:13.224 [INFO] [MONGO_WRITE] [PERIODIC] | ✅ Batch inserted successfully: 20 records
2025-11-05 18:38:13.424 [INFO] [MONGO_WRITE] [PERIODIC] | ✅ Batch inserted successfully: 20 records
2025-11-05 18:38:13.625 [INFO] [MONGO_WRITE] [PERIODIC] | ✅ Batch inserted successfully: 21 records
2025-11-05 18:38:13.823 [INFO] [MONGO_WRITE] [PERIODIC] | ✅ Batch inserted successfully: 20 records
2025-11-05 18:38:14.024 [INFO] [MONGO_WRITE] [PERIODIC] | ✅ Batch inserted successfully: 19 records
2025-11-05 18:38:14.225 [INFO] [MONGO_WRITE] [PERIODIC] | ✅ Batch inserted successfully: 21 records
2025-11-05 18:38:14.423 [INFO] [MONGO_WRITE] [PERIODIC] | ✅ Batch inserted successfully: 20 records
2025-11-05 18:38:14.623 [INFO] [MONGO_WRITE] [PERIODIC] | ✅ Batch inserted successfully: 20 records
2025-11-05 18:38:14.824 [INFO] [MONGO_WRITE] [PERIODIC] | ✅ Batch inserted successfully: 19 records
2025-11-05 18:38:15.022 [INFO] [MONGO_WRITE] [PERIODIC] | ✅ Batch inserted successfully: 21 records
2025-11-05 18:38:15.223 [INFO] [MONGO_WRITE] [PERIODIC] | ✅ Batch inserted successfully: 19 records
2025-11-05 18:38:15.423 [INFO] [MONGO_WRITE] [PERIODIC] | ✅ Batch inserted successfully: 20 records
2025-11-05 18:38:15.623 [INFO] [MONGO_WRITE] [PERIODIC] | ✅ Batch inserted successfully: 20 records
2025-11-05 18:38:15.847 [INFO] [MONGO_WRITE] [PERIODIC] | ✅ Batch inserted successfully: 19 records
2025-11-05 18:38:16.023 [INFO] [MONGO_WRITE] [PERIODIC] | ✅ Batch inserted successfully: 21 records
2025-11-05 18:38:16.223 [INFO] [MONGO_WRITE] [PERIODIC] | ✅ Batch inserted successfully: 19 records
2025-11-05 18:38:16.423 [INFO] [MONGO_WRITE] [PERIODIC] | ✅ Batch inserted successfully: 21 records
2025-11-05 18:38:16.625 [INFO] [MONGO_WRITE] [PERIODIC] | ✅ Batch inserted successfully: 19 records
2025-11-05 18:38:16.823 [INFO] [MONGO_WRITE] [PERIODIC] | ✅ Batch inserted successfully: 20 records
2025-11-05 18:38:17.024 [INFO] [MONGO_WRITE] [PERIODIC] | ✅ Batch inserted successfully: 20 records
2025-11-05 18:38:17.223 [INFO] [MONGO_WRITE] [PERIODIC] | ✅ Batch inserted successfully: 20 records
2025-11-05 18:38:17.426 [INFO] [MONGO_WRITE] [PERIODIC] | ✅ Batch inserted successfully: 20 records
2025-11-05 18:38:17.623 [INFO] [MONGO_WRITE] [PERIODIC] | ✅ Batch inserted successfully: 20 records
2025-11-05 18:38:17.824 [INFO] [MONGO_WRITE] [PERIODIC] | ✅ Batch inserted successfully: 20 records
2025-11-05 18:38:18.023 [INFO] [MONGO_WRITE] [PERIODIC] | ✅ Batch inserted successfully: 21 records
2025-11-05 18:38:18.224 [INFO] [MONGO_WRITE] [PERIODIC] | ✅ Batch inserted successfully: 19 records
2025-11-05 18:38:18.423 [INFO] [MONGO_WRITE] [PERIODIC] | ✅ Batch inserted successfully: 21 records
2025-11-05 18:38:18.624 [INFO] [MONGO_WRITE] [PERIODIC] | ✅ Batch inserted successfully: 19 records
2025-11-05 18:38:18.824 [INFO] [MONGO_WRITE] [PERIODIC] | ✅ Batch inserted successfully: 20 records
2025-11-05 18:38:19.025 [INFO] [MONGO_WRITE] [PERIODIC] | ✅ Batch inserted successfully: 20 records
2025-11-05 18:38:19.224 [INFO] [MONGO_WRITE] [PERIODIC] | ✅ Batch inserted successfully: 20 records
2025-11-05 18:38:19.426 [INFO] [MONGO_WRITE] [PERIODIC] | ✅ Batch inserted successfully: 20 records
2025-11-05 18:38:19.624 [INFO] [MONGO_WRITE] [PERIODIC] | ✅ Batch inserted successfully: 20 records
2025-11-05 18:38:19.826 [INFO] [MONGO_WRITE] [PERIODIC] | ✅ Batch inserted successfully: 20 records
2025-11-05 18:38:20.028 [INFO] [MONGO_WRITE] [PERIODIC] | ✅ Batch inserted successfully: 20 records
2025-11-05 18:38:20.223 [INFO] [MONGO_WRITE] [PERIODIC] | ✅ Batch inserted successfully: 20 records
2025-11-05 18:38:20.423 [INFO] [MONGO_WRITE] [PERIODIC] | ✅ Batch inserted successfully: 20 records
2025-11-05 18:38:20.624 [INFO] [MONGO_WRITE] [PERIODIC] | ✅ Batch inserted successfully: 20 records
2025-11-05 18:38:20.826 [INFO] [MONGO_WRITE] [PERIODIC] | ✅ Batch inserted successfully: 20 records
2025-11-05 18:38:21.024 [INFO] [MONGO_WRITE] [PERIODIC] | ✅ Batch inserted successfully: 21 records
2025-11-05 18:38:21.223 [INFO] [MONGO_WRITE] [PERIODIC] | ✅ Batch inserted successfully: 19 records
2025-11-05 18:38:21.424 [INFO] [MONGO_WRITE] [PERIODIC] | ✅ Batch inserted successfully: 20 records
2025-11-05 18:38:21.623 [INFO] [MONGO_WRITE] [PERIODIC] | ✅ Batch inserted successfully: 20 records
2025-11-05 18:38:21.824 [INFO] [MONGO_WRITE] [PERIODIC] | ✅ Batch inserted successfully: 20 records
2025-11-05 18:38:22.023 [INFO] [MONGO_WRITE] [PERIODIC] | ✅ Batch inserted successfully: 20 records
2025-11-05 18:38:22.224 [INFO] [MONGO_WRITE] [PERIODIC] | ✅ Batch inserted successfully: 20 records
2025-11-05 18:38:22.425 [INFO] [MONGO_WRITE] [PERIODIC] | ✅ Batch inserted successfully: 20 records
2025-11-05 18:38:22.624 [INFO] [MONGO_WRITE] [PERIODIC] | ✅ Batch inserted successfully: 20 records
2025-11-05 18:38:22.823 [INFO] [MONGO_WRITE] [PERIODIC] | ✅ Batch inserted successfully: 20 records
2025-11-05 18:38:23.024 [INFO] [MONGO_WRITE] [PERIODIC] | ✅ Batch inserted successfully: 20 records
2025-11-05 18:38:23.223 [INFO] [MONGO_WRITE] [PERIODIC] | ✅ Batch inserted successfully: 20 records
2025-11-05 18:38:23.423 [INFO] [MONGO_WRITE] [PERIODIC] | ✅ Batch inserted successfully: 20 records
2025-11-05 18:38:23.623 [INFO] [MONGO_WRITE] [PERIODIC] | ✅ Batch inserted successfully: 20 records
2025-11-05 18:38:23.825 [INFO] [MONGO_WRITE] [PERIODIC] | ✅ Batch inserted successfully: 20 records
2025-11-05 18:38:24.026 [INFO] [MONGO_WRITE] [PERIODIC] | ✅ Batch inserted successfully: 20 records
2025-11-05 18:38:24.226 [INFO] [MONGO_WRITE] [PERIODIC] | ✅ Batch inserted successfully: 20 records
2025-11-05 18:38:24.424 [INFO] [MONGO_WRITE] [PERIODIC] | ✅ Batch inserted successfully: 20 records
2025-11-05 18:38:24.626 [INFO] [MONGO_WRITE] [PERIODIC] | ✅ Batch inserted successfully: 20 records
2025-11-05 18:38:24.825 [INFO] [MONGO_WRITE] [PERIODIC] | ✅ Batch inserted successfully: 20 records
2025-11-05 18:38:25.024 [INFO] [MONGO_WRITE] [PERIODIC] | ✅ Batch inserted successfully: 20 records
2025-11-05 18:38:25.225 [INFO] [MONGO_WRITE] [PERIODIC] | ✅ Batch inserted successfully: 20 records
2025-11-05 18:38:25.425 [INFO] [MONGO_WRITE] [PERIODIC] | ✅ Batch inserted successfully: 20 records
2025-11-05 18:38:25.626 [INFO] [MONGO_WRITE] [PERIODIC] | ✅ Batch inserted successfully: 20 records
2025-11-05 18:38:25.824 [INFO] [MONGO_WRITE] [PERIODIC] | ✅ Batch inserted successfully: 20 records
2025-11-05 18:38:26.029 [INFO] [MONGO_WRITE] [PERIODIC] | ✅ Batch inserted successfully: 20 records
2025-11-05 18:38:26.223 [INFO] [MONGO_WRITE] [PERIODIC] | ✅ Batch inserted successfully: 17 records
2025-11-05 18:38:26.425 [INFO] [MONGO_WRITE] [PERIODIC] | ✅ Batch inserted successfully: 20 records
2025-11-05 18:38:26.625 [INFO] [MONGO_WRITE] [PERIODIC] | ✅ Batch inserted successfully: 20 records
2025-11-05 18:38:26.825 [INFO] [MONGO_WRITE] [PERIODIC] | ✅ Batch inserted successfully: 20 records
2025-11-05 18:38:27.025 [INFO] [MONGO_WRITE] [PERIODIC] | ✅ Batch inserted successfully: 20 records
2025-11-05 18:38:27.224 [INFO] [MONGO_WRITE] [PERIODIC] | ✅ Batch inserted successfully: 20 records
2025-11-05 18:38:27.425 [INFO] [MONGO_WRITE] [PERIODIC] | ✅ Batch inserted successfully: 20 records
2025-11-05 18:38:27.623 [INFO] [MONGO_WRITE] [PERIODIC] | ✅ Batch inserted successfully: 20 records
2025-11-05 18:38:27.823 [INFO] [MONGO_WRITE] [PERIODIC] | ✅ Batch inserted successfully: 21 records
2025-11-05 18:38:28.024 [INFO] [MONGO_WRITE] [PERIODIC] | ✅ Batch inserted successfully: 19 records
2025-11-05 18:38:28.224 [INFO] [MONGO_WRITE] [PERIODIC] | ✅ Batch inserted successfully: 20 records
2025-11-05 18:38:28.424 [INFO] [MONGO_WRITE] [PERIODIC] | ✅ Batch inserted successfully: 20 records
2025-11-05 18:38:28.625 [INFO] [MONGO_WRITE] [PERIODIC] | ✅ Batch inserted successfully: 19 records
2025-11-05 18:38:28.824 [INFO] [MONGO_WRITE] [PERIODIC] | ✅ Batch inserted successfully: 20 records
2025-11-05 18:38:29.024 [INFO] [MONGO_WRITE] [PERIODIC] | ✅ Batch inserted successfully: 19 records
2025-11-05 18:38:29.225 [INFO] [MONGO_WRITE] [PERIODIC] | ✅ Batch inserted successfully: 20 records
2025-11-05 18:38:29.424 [INFO] [MONGO_WRITE] [PERIODIC] | ✅ Batch inserted successfully: 20 records
2025-11-05 18:38:29.626 [INFO] [MONGO_WRITE] [PERIODIC] | ✅ Batch inserted successfully: 20 records
2025-11-05 18:38:29.825 [INFO] [MONGO_WRITE] [PERIODIC] | ✅ Batch inserted successfully: 20 records
2025-11-05 18:38:30.024 [INFO] [MONGO_WRITE] [PERIODIC] | ✅ Batch inserted successfully: 20 records
2025-11-05 18:38:30.225 [INFO] [MONGO_WRITE] [PERIODIC] | ✅ Batch inserted successfully: 20 records
2025-11-05 18:38:30.424 [INFO] [MONGO_WRITE] [PERIODIC] | ✅ Batch inserted successfully: 20 records
2025-11-05 18:38:30.626 [INFO] [MONGO_WRITE] [PERIODIC] | ✅ Batch inserted successfully: 20 records
2025-11-05 18:38:30.825 [INFO] [MONGO_WRITE] [PERIODIC] | ✅ Batch inserted successfully: 20 records
2025-11-05 18:38:31.025 [INFO] [MONGO_WRITE] [PERIODIC] | ✅ Batch inserted successfully: 20 records
2025-11-05 18:38:31.224 [INFO] [MONGO_WRITE] [PERIODIC] | ✅ Batch inserted successfully: 20 records
2025-11-05 18:38:31.426 [INFO] [MONGO_WRITE] [PERIODIC] | ✅ Batch inserted successfully: 20 records
2025-11-05 18:38:31.625 [INFO] [MONGO_WRITE] [PERIODIC] | ✅ Batch inserted successfully: 20 records
2025-11-05 18:38:31.828 [INFO] [MONGO_WRITE] [PERIODIC] | ✅ Batch inserted successfully: 20 records
2025-11-05 18:38:32.025 [INFO] [MONGO_WRITE] [PERIODIC] | ✅ Batch inserted successfully: 20 records
2025-11-05 18:38:32.223 [INFO] [MONGO_WRITE] [PERIODIC] | ✅ Batch inserted successfully: 20 records
2025-11-05 18:38:32.424 [INFO] [MONGO_WRITE] [PERIODIC] | ✅ Batch inserted successfully: 20 records
2025-11-05 18:38:32.625 [INFO] [MONGO_WRITE] [PERIODIC] | ✅ Batch inserted successfully: 20 records
2025-11-05 18:38:32.825 [INFO] [MONGO_WRITE] [PERIODIC] | ✅ Batch inserted successfully: 20 records
2025-11-05 18:38:33.024 [INFO] [MONGO_WRITE] [PERIODIC] | ✅ Batch inserted successfully: 20 records
2025-11-05 18:38:33.225 [INFO] [MONGO_WRITE] [PERIODIC] | ✅ Batch inserted successfully: 20 records
2025-11-05 18:38:33.431 [INFO] [MONGO_WRITE] [PERIODIC] | ✅ Batch inserted successfully: 20 records
2025-11-05 18:38:33.625 [INFO] [MONGO_WRITE] [PERIODIC] | ✅ Batch inserted successfully: 20 records
2025-11-05 18:38:33.827 [INFO] [MONGO_WRITE] [PERIODIC] | ✅ Batch inserted successfully: 20 records
2025-11-05 18:38:34.025 [INFO] [MONGO_WRITE] [PERIODIC] | ✅ Batch inserted successfully: 20 records
2025-11-05 18:38:34.226 [INFO] [MONGO_WRITE] [PERIODIC] | ✅ Batch inserted successfully: 20 records
2025-11-05 18:38:34.448 [INFO] [MONGO_WRITE] [PERIODIC] | ✅ Batch inserted successfully: 20 records
2025-11-05 18:38:34.623 [INFO] [MONGO_WRITE] [PERIODIC] | ✅ Batch inserted successfully: 20 records
2025-11-05 18:38:34.823 [INFO] [MONGO_WRITE] [PERIODIC] | ✅ Batch inserted successfully: 20 records
2025-11-05 18:38:35.024 [INFO] [MONGO_WRITE] [PERIODIC] | ✅ Batch inserted successfully: 20 records
2025-11-05 18:38:35.225 [INFO] [MONGO_WRITE] [PERIODIC] | ✅ Batch inserted successfully: 20 records
2025-11-05 18:38:35.425 [INFO] [MONGO_WRITE] [PERIODIC] | ✅ Batch inserted successfully: 20 records
2025-11-05 18:38:35.627 [INFO] [MONGO_WRITE] [PERIODIC] | ✅ Batch inserted successfully: 20 records
2025-11-05 18:38:35.823 [INFO] [MONGO_WRITE] [PERIODIC] | ✅ Batch inserted successfully: 20 records
2025-11-05 18:38:36.025 [INFO] [MONGO_WRITE] [PERIODIC] | ✅ Batch inserted successfully: 20 records
2025-11-05 18:38:36.223 [INFO] [MONGO_WRITE] [PERIODIC] | ✅ Batch inserted successfully: 19 records
2025-11-05 18:38:36.424 [INFO] [MONGO_WRITE] [PERIODIC] | ✅ Batch inserted successfully: 19 records
2025-11-05 18:38:36.624 [INFO] [MONGO_WRITE] [PERIODIC] | ✅ Batch inserted successfully: 20 records
2025-11-05 18:38:36.824 [INFO] [MONGO_WRITE] [PERIODIC] | ✅ Batch inserted successfully: 20 records
2025-11-05 18:38:37.026 [INFO] [MONGO_WRITE] [PERIODIC] | ✅ Batch inserted successfully: 20 records
2025-11-05 18:38:37.225 [INFO] [MONGO_WRITE] [PERIODIC] | ✅ Batch inserted successfully: 20 records
2025-11-05 18:38:37.425 [INFO] [MONGO_WRITE] [PERIODIC] | ✅ Batch inserted successfully: 20 records
2025-11-05 18:38:37.629 [INFO] [MONGO_WRITE] [PERIODIC] | ✅ Batch inserted successfully: 20 records
2025-11-05 18:38:37.827 [INFO] [MONGO_WRITE] [PERIODIC] | ✅ Batch inserted successfully: 20 records
2025-11-05 18:38:38.024 [INFO] [MONGO_WRITE] [PERIODIC] | ✅ Batch inserted successfully: 20 records
2025-11-05 18:38:38.225 [INFO] [MONGO_WRITE] [PERIODIC] | ✅ Batch inserted successfully: 20 records
2025-11-05 18:38:38.424 [INFO] [MONGO_WRITE] [PERIODIC] | ✅ Batch inserted successfully: 20 records
2025-11-05 18:38:38.626 [INFO] [MONGO_WRITE] [PERIODIC] | ✅ Batch inserted successfully: 20 records
2025-11-05 18:38:38.826 [INFO] [MONGO_WRITE] [PERIODIC] | ✅ Batch inserted successfully: 20 records
2025-11-05 18:38:39.025 [INFO] [MONGO_WRITE] [PERIODIC] | ✅ Batch inserted successfully: 20 records
2025-11-05 18:38:39.225 [INFO] [MONGO_WRITE] [PERIODIC] | ✅ Batch inserted successfully: 20 records
2025-11-05 18:38:39.424 [INFO] [MONGO_WRITE] [PERIODIC] | ✅ Batch inserted successfully: 20 records
2025-11-05 18:38:39.623 [INFO] [MONGO_WRITE] [PERIODIC] | ✅ Batch inserted successfully: 20 records
2025-11-05 18:38:39.824 [INFO] [MONGO_WRITE] [PERIODIC] | ✅ Batch inserted successfully: 20 records
2025-11-05 18:38:40.040 [INFO] [MONGO_WRITE] [PERIODIC] | ✅ Batch inserted successfully: 20 records
2025-11-05 18:38:40.223 [INFO] [MONGO_WRITE] [PERIODIC] | ✅ Batch inserted successfully: 20 records
2025-11-05 18:38:40.424 [INFO] [MONGO_WRITE] [PERIODIC] | ✅ Batch inserted successfully: 20 records
2025-11-05 18:38:40.625 [INFO] [MONGO_WRITE] [PERIODIC] | ✅ Batch inserted successfully: 20 records
2025-11-05 18:38:40.825 [INFO] [MONGO_WRITE] [PERIODIC] | ✅ Batch inserted successfully: 20 records
2025-11-05 18:38:41.025 [INFO] [MONGO_WRITE] [PERIODIC] | ✅ Batch inserted successfully: 20 records
2025-11-05 18:38:41.223 [INFO] [MONGO_WRITE] [PERIODIC] | ✅ Batch inserted successfully: 20 records
2025-11-05 18:38:41.424 [INFO] [MONGO_WRITE] [PERIODIC] | ✅ Batch inserted successfully: 20 records
2025-11-05 18:38:41.628 [INFO] [MONGO_WRITE] [PERIODIC] | ✅ Batch inserted successfully: 20 records
2025-11-05 18:38:41.825 [INFO] [MONGO_WRITE] [PERIODIC] | ✅ Batch inserted successfully: 20 records
2025-11-05 18:38:42.024 [INFO] [MONGO_WRITE] [PERIODIC] | ✅ Batch inserted successfully: 20 records
2025-11-05 18:38:42.225 [INFO] [MONGO_WRITE] [PERIODIC] | ✅ Batch inserted successfully: 20 records
2025-11-05 18:38:42.439 [INFO] [MONGO_WRITE] [PERIODIC] | ✅ Batch inserted successfully: 12 records
2025-11-05 18:38:42.624 [INFO] [MONGO_WRITE] [PERIODIC] | ✅ Batch inserted successfully: 23 records
2025-11-05 18:38:42.825 [INFO] [MONGO_WRITE] [PERIODIC] | ✅ Batch inserted successfully: 20 records
2025-11-05 18:38:43.034 [INFO] [MONGO_WRITE] [PERIODIC] | ✅ Batch inserted successfully: 20 records
2025-11-05 18:38:43.226 [INFO] [MONGO_WRITE] [PERIODIC] | ✅ Batch inserted successfully: 20 records
2025-11-05 18:38:43.425 [INFO] [MONGO_WRITE] [PERIODIC] | ✅ Batch inserted successfully: 20 records
2025-11-05 18:38:43.634 [INFO] [MONGO_WRITE] [PERIODIC] | ✅ Batch inserted successfully: 20 records
2025-11-05 18:38:43.824 [INFO] [MONGO_WRITE] [PERIODIC] | ✅ Batch inserted successfully: 20 records
2025-11-05 18:38:44.025 [INFO] [MONGO_WRITE] [PERIODIC] | ✅ Batch inserted successfully: 20 records
2025-11-05 18:38:44.224 [INFO] [MONGO_WRITE] [PERIODIC] | ✅ Batch inserted successfully: 20 records
2025-11-05 18:38:44.423 [INFO] [MONGO_WRITE] [PERIODIC] | ✅ Batch inserted successfully: 20 records
2025-11-05 18:38:44.627 [INFO] [MONGO_WRITE] [PERIODIC] | ✅ Batch inserted successfully: 20 records
2025-11-05 18:38:44.824 [INFO] [MONGO_WRITE] [PERIODIC] | ✅ Batch inserted successfully: 20 records
2025-11-05 18:38:45.027 [INFO] [MONGO_WRITE] [PERIODIC] | ✅ Batch inserted successfully: 11 records
2025-11-05 18:46:27.567 [INFO] [SHUTDOWN] [no-uuid-found] | Shutdown signal received
2025-11-05 18:46:27.569 [INFO] [SHUTDOWN] [no-uuid-found] | Starting graceful shutdown...
2025-11-05 18:46:28.070 [INFO] [SHUTDOWN] [no-uuid-found] | Shutdown complete. Recv: 6000, Raw: 6000, Proc: 6000, Insert: 6000, Unknown: 0, Failed: 0
2025-11-05 18:46:28.071 [INFO] [SHUTDOWN] [no-uuid-found] | Server exited gracefully
2025-11-05 18:51:31.037 [INFO] [STARTUP] [no-uuid-found] | Starting Solar Monitoring System...
2025-11-05 18:51:31.077 [INFO] [MAPPING] [no-uuid-found] | Loaded 4 mappings from MongoDB
2025-11-05 18:51:31.077 [INFO] [MAPPING] [no-uuid-found] | Service initialized with 4 mappings
2025-11-05 18:51:31.077 [INFO] [MAPPER] [no-uuid-found] | MongoDB-backed mapping service initialized
2025-11-05 18:51:31.077 [INFO] [INIT] [no-uuid-found] | Raw data collection initialized with auto-cleanup
2025-11-05 18:51:31.077 [INFO] [INIT] [no-uuid-found] | Data receiver initialized with mongo
2025-11-05 18:51:31.083 [ERROR] [MAPPING] [no-uuid-found] | Watch failed: (Location40573) The $changeStream stage is only supported on replica sets
2025-11-05 18:51:47.082 [INFO] [MONGO_WRITE] [PERIODIC] | ✅ Batch inserted successfully: 20 records
2025-11-05 18:51:47.279 [INFO] [MONGO_WRITE] [PERIODIC] | ✅ Batch inserted successfully: 20 records
2025-11-05 18:51:47.479 [INFO] [MONGO_WRITE] [PERIODIC] | ✅ Batch inserted successfully: 20 records
2025-11-05 18:51:47.680 [INFO] [MONGO_WRITE] [PERIODIC] | ✅ Batch inserted successfully: 20 records
2025-11-05 18:51:47.879 [INFO] [MONGO_WRITE] [PERIODIC] | ✅ Batch inserted successfully: 20 records
2025-11-05 18:51:48.087 [INFO] [MONGO_WRITE] [PERIODIC] | ✅ Batch inserted successfully: 20 records
2025-11-05 18:51:48.279 [INFO] [MONGO_WRITE] [PERIODIC] | ✅ Batch inserted successfully: 20 records
2025-11-05 18:51:48.491 [INFO] [MONGO_WRITE] [PERIODIC] | ✅ Batch inserted successfully: 18 records
2025-11-05 18:51:48.680 [INFO] [MONGO_WRITE] [PERIODIC] | ✅ Batch inserted successfully: 22 records
2025-11-05 18:51:48.879 [INFO] [MONGO_WRITE] [PERIODIC] | ✅ Batch inserted successfully: 20 records
2025-11-05 18:51:49.078 [INFO] [MONGO_WRITE] [PERIODIC] | ✅ Batch inserted successfully: 20 records
2025-11-05 18:51:49.280 [INFO] [MONGO_WRITE] [PERIODIC] | ✅ Batch inserted successfully: 20 records
2025-11-05 18:51:49.478 [INFO] [MONGO_WRITE] [PERIODIC] | ✅ Batch inserted successfully: 20 records
2025-11-05 18:51:49.679 [INFO] [MONGO_WRITE] [PERIODIC] | ✅ Batch inserted successfully: 20 records
2025-11-05 18:51:49.880 [INFO] [MONGO_WRITE] [PERIODIC] | ✅ Batch inserted successfully: 20 records
2025-11-05 18:51:50.080 [INFO] [MONGO_WRITE] [PERIODIC] | ✅ Batch inserted successfully: 20 records
2025-11-05 18:51:50.278 [INFO] [MONGO_WRITE] [PERIODIC] | ✅ Batch inserted successfully: 20 records
2025-11-05 18:51:50.480 [INFO] [MONGO_WRITE] [PERIODIC] | ✅ Batch inserted successfully: 20 records
2025-11-05 18:51:50.679 [INFO] [MONGO_WRITE] [PERIODIC] | ✅ Batch inserted successfully: 20 records
2025-11-05 18:51:50.879 [INFO] [MONGO_WRITE] [PERIODIC] | ✅ Batch inserted successfully: 20 records
2025-11-05 18:51:51.079 [INFO] [MONGO_WRITE] [PERIODIC] | ✅ Batch inserted successfully: 20 records
2025-11-05 18:51:51.279 [INFO] [MONGO_WRITE] [PERIODIC] | ✅ Batch inserted successfully: 20 records
2025-11-05 18:51:51.482 [INFO] [MONGO_WRITE] [PERIODIC] | ✅ Batch inserted successfully: 20 records
2025-11-05 18:51:51.678 [INFO] [MONGO_WRITE] [PERIODIC] | ✅ Batch inserted successfully: 20 records
2025-11-05 18:51:51.886 [INFO] [MONGO_WRITE] [PERIODIC] | ✅ Batch inserted successfully: 20 records
2025-11-05 18:51:52.078 [INFO] [MONGO_WRITE] [PERIODIC] | ✅ Batch inserted successfully: 20 records
2025-11-05 18:51:52.278 [INFO] [MONGO_WRITE] [PERIODIC] | ✅ Batch inserted successfully: 20 records
2025-11-05 18:51:52.479 [INFO] [MONGO_WRITE] [PERIODIC] | ✅ Batch inserted successfully: 20 records
2025-11-05 18:51:52.679 [INFO] [MONGO_WRITE] [PERIODIC] | ✅ Batch inserted successfully: 20 records
2025-11-05 18:51:52.878 [INFO] [MONGO_WRITE] [PERIODIC] | ✅ Batch inserted successfully: 20 records
2025-11-05 18:51:53.078 [INFO] [MONGO_WRITE] [PERIODIC] | ✅ Batch inserted successfully: 20 records
2025-11-05 18:51:53.278 [INFO] [MONGO_WRITE] [PERIODIC] | ✅ Batch inserted successfully: 20 records
2025-11-05 18:51:53.479 [INFO] [MONGO_WRITE] [PERIODIC] | ✅ Batch inserted successfully: 20 records
2025-11-05 18:51:53.679 [INFO] [MONGO_WRITE] [PERIODIC] | ✅ Batch inserted successfully: 20 records
2025-11-05 18:51:53.879 [INFO] [MONGO_WRITE] [PERIODIC] | ✅ Batch inserted successfully: 19 records
2025-11-05 18:51:54.079 [INFO] [MONGO_WRITE] [PERIODIC] | ✅ Batch inserted successfully: 20 records
2025-11-05 18:51:54.279 [INFO] [MONGO_WRITE] [PERIODIC] | ✅ Batch inserted successfully: 20 records
2025-11-05 18:51:54.479 [INFO] [MONGO_WRITE] [PERIODIC] | ✅ Batch inserted successfully: 20 records
2025-11-05 18:51:54.678 [INFO] [MONGO_WRITE] [PERIODIC] | ✅ Batch inserted successfully: 20 records
2025-11-05 18:51:54.879 [INFO] [MONGO_WRITE] [PERIODIC] | ✅ Batch inserted successfully: 20 records
2025-11-05 18:51:55.079 [INFO] [MONGO_WRITE] [PERIODIC] | ✅ Batch inserted successfully: 20 records
2025-11-05 18:51:55.279 [INFO] [MONGO_WRITE] [PERIODIC] | ✅ Batch inserted successfully: 20 records
2025-11-05 18:51:55.479 [INFO] [MONGO_WRITE] [PERIODIC] | ✅ Batch inserted successfully: 20 records
2025-11-05 18:51:55.679 [INFO] [MONGO_WRITE] [PERIODIC] | ✅ Batch inserted successfully: 20 records
2025-11-05 18:51:55.879 [INFO] [MONGO_WRITE] [PERIODIC] | ✅ Batch inserted successfully: 20 records
2025-11-05 18:51:56.080 [INFO] [MONGO_WRITE] [PERIODIC] | ✅ Batch inserted successfully: 20 records
2025-11-05 18:51:56.279 [INFO] [MONGO_WRITE] [PERIODIC] | ✅ Batch inserted successfully: 20 records
2025-11-05 18:51:56.479 [INFO] [MONGO_WRITE] [PERIODIC] | ✅ Batch inserted successfully: 20 records
2025-11-05 18:51:56.680 [INFO] [MONGO_WRITE] [PERIODIC] | ✅ Batch inserted successfully: 20 records
2025-11-05 18:51:56.880 [INFO] [MONGO_WRITE] [PERIODIC] | ✅ Batch inserted successfully: 20 records
2025-11-05 18:51:57.098 [INFO] [MONGO_WRITE] [PERIODIC] | ✅ Batch inserted successfully: 18 records
2025-11-05 18:51:57.282 [INFO] [MONGO_WRITE] [PERIODIC] | ✅ Batch inserted successfully: 22 records
2025-11-05 18:51:57.479 [INFO] [MONGO_WRITE] [PERIODIC] | ✅ Batch inserted successfully: 20 records
2025-11-05 18:51:57.678 [INFO] [MONGO_WRITE] [PERIODIC] | ✅ Batch inserted successfully: 20 records
2025-11-05 18:51:57.879 [INFO] [MONGO_WRITE] [PERIODIC] | ✅ Batch inserted successfully: 20 records
2025-11-05 18:51:58.079 [INFO] [MONGO_WRITE] [PERIODIC] | ✅ Batch inserted successfully: 20 records
2025-11-05 18:51:58.278 [INFO] [MONGO_WRITE] [PERIODIC] | ✅ Batch inserted successfully: 20 records
2025-11-05 18:51:58.478 [INFO] [MONGO_WRITE] [PERIODIC] | ✅ Batch inserted successfully: 20 records
2025-11-05 18:51:58.678 [INFO] [MONGO_WRITE] [PERIODIC] | ✅ Batch inserted successfully: 20 records
2025-11-05 18:51:58.879 [INFO] [MONGO_WRITE] [PERIODIC] | ✅ Batch inserted successfully: 20 records
2025-11-05 18:51:59.079 [INFO] [MONGO_WRITE] [PERIODIC] | ✅ Batch inserted successfully: 20 records
2025-11-05 18:51:59.279 [INFO] [MONGO_WRITE] [PERIODIC] | ✅ Batch inserted successfully: 20 records
2025-11-05 18:51:59.479 [INFO] [MONGO_WRITE] [PERIODIC] | ✅ Batch inserted successfully: 20 records
2025-11-05 18:51:59.679 [INFO] [MONGO_WRITE] [PERIODIC] | ✅ Batch inserted successfully: 20 records
2025-11-05 18:51:59.879 [INFO] [MONGO_WRITE] [PERIODIC] | ✅ Batch inserted successfully: 20 records
2025-11-05 18:52:00.079 [INFO] [MONGO_WRITE] [PERIODIC] | ✅ Batch inserted successfully: 20 records
2025-11-05 18:52:00.278 [INFO] [MONGO_WRITE] [PERIODIC] | ✅ Batch inserted successfully: 20 records
2025-11-05 18:52:00.480 [INFO] [MONGO_WRITE] [PERIODIC] | ✅ Batch inserted successfully: 20 records
2025-11-05 18:52:00.678 [INFO] [MONGO_WRITE] [PERIODIC] | ✅ Batch inserted successfully: 20 records
2025-11-05 18:52:00.879 [INFO] [MONGO_WRITE] [PERIODIC] | ✅ Batch inserted successfully: 20 records
2025-11-05 18:52:01.079 [INFO] [MONGO_WRITE] [PERIODIC] | ✅ Batch inserted successfully: 20 records
2025-11-05 18:52:01.278 [INFO] [MONGO_WRITE] [PERIODIC] | ✅ Batch inserted successfully: 20 records
2025-11-05 18:52:01.479 [INFO] [MONGO_WRITE] [PERIODIC] | ✅ Batch inserted successfully: 20 records
2025-11-05 18:52:01.678 [INFO] [MONGO_WRITE] [PERIODIC] | ✅ Batch inserted successfully: 20 records
2025-11-05 18:52:01.879 [INFO] [MONGO_WRITE] [PERIODIC] | ✅ Batch inserted successfully: 20 records
2025-11-05 18:52:02.079 [INFO] [MONGO_WRITE] [PERIODIC] | ✅ Batch inserted successfully: 20 records
2025-11-05 18:52:02.280 [INFO] [MONGO_WRITE] [PERIODIC] | ✅ Batch inserted successfully: 20 records
2025-11-05 18:52:02.480 [INFO] [MONGO_WRITE] [PERIODIC] | ✅ Batch inserted successfully: 20 records
2025-11-05 18:52:02.679 [INFO] [MONGO_WRITE] [PERIODIC] | ✅ Batch inserted successfully: 20 records
2025-11-05 18:52:02.879 [INFO] [MONGO_WRITE] [PERIODIC] | ✅ Batch inserted successfully: 20 records
2025-11-05 18:52:03.082 [INFO] [MONGO_WRITE] [PERIODIC] | ✅ Batch inserted successfully: 20 records
2025-11-05 18:52:03.282 [INFO] [MONGO_WRITE] [PERIODIC] | ✅ Batch inserted successfully: 20 records
2025-11-05 18:52:03.478 [INFO] [MONGO_WRITE] [PERIODIC] | ✅ Batch inserted successfully: 20 records
2025-11-05 18:52:03.679 [INFO] [MONGO_WRITE] [PERIODIC] | ✅ Batch inserted successfully: 20 records
2025-11-05 18:52:03.879 [INFO] [MONGO_WRITE] [PERIODIC] | ✅ Batch inserted successfully: 20 records
2025-11-05 18:52:04.079 [INFO] [MONGO_WRITE] [PERIODIC] | ✅ Batch inserted successfully: 20 records
2025-11-05 18:52:04.279 [INFO] [MONGO_WRITE] [PERIODIC] | ✅ Batch inserted successfully: 20 records
2025-11-05 18:52:04.479 [INFO] [MONGO_WRITE] [PERIODIC] | ✅ Batch inserted successfully: 20 records
2025-11-05 18:52:04.679 [INFO] [MONGO_WRITE] [PERIODIC] | ✅ Batch inserted successfully: 19 records
2025-11-05 18:52:04.879 [INFO] [MONGO_WRITE] [PERIODIC] | ✅ Batch inserted successfully: 20 records
2025-11-05 18:52:05.078 [INFO] [MONGO_WRITE] [PERIODIC] | ✅ Batch inserted successfully: 20 records
2025-11-05 18:52:05.280 [INFO] [MONGO_WRITE] [PERIODIC] | ✅ Batch inserted successfully: 20 records
2025-11-05 18:52:05.479 [INFO] [MONGO_WRITE] [PERIODIC] | ✅ Batch inserted successfully: 20 records
2025-11-05 18:52:05.679 [INFO] [MONGO_WRITE] [PERIODIC] | ✅ Batch inserted successfully: 20 records
2025-11-05 18:52:05.879 [INFO] [MONGO_WRITE] [PERIODIC] | ✅ Batch inserted successfully: 20 records
2025-11-05 18:52:06.079 [INFO] [MONGO_WRITE] [PERIODIC] | ✅ Batch inserted successfully: 20 records
2025-11-05 18:52:06.279 [INFO] [MONGO_WRITE] [PERIODIC] | ✅ Batch inserted successfully: 20 records
2025-11-05 18:52:06.480 [INFO] [MONGO_WRITE] [PERIODIC] | ✅ Batch inserted successfully: 20 records
2025-11-05 18:52:06.678 [INFO] [MONGO_WRITE] [PERIODIC] | ✅ Batch inserted successfully: 20 records
2025-11-05 18:52:06.879 [INFO] [MONGO_WRITE] [PERIODIC] | ✅ Batch inserted successfully: 20 records
2025-11-05 18:52:07.080 [INFO] [MONGO_WRITE] [PERIODIC] | ✅ Batch inserted successfully: 20 records
2025-11-05 18:52:07.279 [INFO] [MONGO_WRITE] [PERIODIC] | ✅ Batch inserted successfully: 20 records
2025-11-05 18:52:07.479 [INFO] [MONGO_WRITE] [PERIODIC] | ✅ Batch inserted successfully: 20 records
2025-11-05 18:52:07.680 [INFO] [MONGO_WRITE] [PERIODIC] | ✅ Batch inserted successfully: 20 records
2025-11-05 18:52:07.879 [INFO] [MONGO_WRITE] [PERIODIC] | ✅ Batch inserted successfully: 20 records
2025-11-05 18:52:08.082 [INFO] [MONGO_WRITE] [PERIODIC] | ✅ Batch inserted successfully: 20 records
2025-11-05 18:52:08.369 [INFO] [MONGO_WRITE] [PERIODIC] | ✅ Batch inserted successfully: 14 records
2025-11-05 18:52:08.484 [INFO] [MONGO_WRITE] [PERIODIC] | ✅ Batch inserted successfully: 23 records
2025-11-05 18:52:08.682 [INFO] [MONGO_WRITE] [PERIODIC] | ✅ Batch inserted successfully: 21 records
2025-11-05 18:52:08.880 [INFO] [MONGO_WRITE] [PERIODIC] | ✅ Batch inserted successfully: 20 records
2025-11-05 18:52:09.085 [INFO] [MONGO_WRITE] [PERIODIC] | ✅ Batch inserted successfully: 20 records
2025-11-05 18:52:09.278 [INFO] [MONGO_WRITE] [PERIODIC] | ✅ Batch inserted successfully: 20 records
2025-11-05 18:52:09.478 [INFO] [MONGO_WRITE] [PERIODIC] | ✅ Batch inserted successfully: 20 records
2025-11-05 18:52:09.678 [INFO] [MONGO_WRITE] [PERIODIC] | ✅ Batch inserted successfully: 20 records
2025-11-05 18:52:09.878 [INFO] [MONGO_WRITE] [PERIODIC] | ✅ Batch inserted successfully: 20 records
2025-11-05 18:52:10.079 [INFO] [MONGO_WRITE] [PERIODIC] | ✅ Batch inserted successfully: 20 records
2025-11-05 18:52:10.278 [INFO] [MONGO_WRITE] [PERIODIC] | ✅ Batch inserted successfully: 20 records
2025-11-05 18:52:10.480 [INFO] [MONGO_WRITE] [PERIODIC] | ✅ Batch inserted successfully: 20 records
2025-11-05 18:52:10.678 [INFO] [MONGO_WRITE] [PERIODIC] | ✅ Batch inserted successfully: 20 records
2025-11-05 18:52:10.879 [INFO] [MONGO_WRITE] [PERIODIC] | ✅ Batch inserted successfully: 20 records
2025-11-05 18:52:11.079 [INFO] [MONGO_WRITE] [PERIODIC] | ✅ Batch inserted successfully: 20 records
2025-11-05 18:52:11.279 [INFO] [MONGO_WRITE] [PERIODIC] | ✅ Batch inserted successfully: 20 records
2025-11-05 18:52:11.479 [INFO] [MONGO_WRITE] [PERIODIC] | ✅ Batch inserted successfully: 20 records
2025-11-05 18:52:11.679 [INFO] [MONGO_WRITE] [PERIODIC] | ✅ Batch inserted successfully: 20 records
2025-11-05 18:52:11.884 [INFO] [MONGO_WRITE] [PERIODIC] | ✅ Batch inserted successfully: 19 records
2025-11-05 18:52:12.078 [INFO] [MONGO_WRITE] [PERIODIC] | ✅ Batch inserted successfully: 21 records
2025-11-05 18:52:12.278 [INFO] [MONGO_WRITE] [PERIODIC] | ✅ Batch inserted successfully: 20 records
2025-11-05 18:52:12.480 [INFO] [MONGO_WRITE] [PERIODIC] | ✅ Batch inserted successfully: 20 records
2025-11-05 18:52:12.679 [INFO] [MONGO_WRITE] [PERIODIC] | ✅ Batch inserted successfully: 20 records
2025-11-05 18:52:12.881 [INFO] [MONGO_WRITE] [PERIODIC] | ✅ Batch inserted successfully: 20 records
2025-11-05 18:52:13.079 [INFO] [MONGO_WRITE] [PERIODIC] | ✅ Batch inserted successfully: 20 records
2025-11-05 18:52:13.279 [INFO] [MONGO_WRITE] [PERIODIC] | ✅ Batch inserted successfully: 20 records
2025-11-05 18:52:13.479 [INFO] [MONGO_WRITE] [PERIODIC] | ✅ Batch inserted successfully: 20 records
2025-11-05 18:52:13.680 [INFO] [MONGO_WRITE] [PERIODIC] | ✅ Batch inserted successfully: 20 records
2025-11-05 18:52:13.879 [INFO] [MONGO_WRITE] [PERIODIC] | ✅ Batch inserted successfully: 20 records
2025-11-05 18:52:14.082 [INFO] [MONGO_WRITE] [PERIODIC] | ✅ Batch inserted successfully: 20 records
2025-11-05 18:52:14.279 [INFO] [MONGO_WRITE] [PERIODIC] | ✅ Batch inserted successfully: 20 records
2025-11-05 18:52:14.479 [INFO] [MONGO_WRITE] [PERIODIC] | ✅ Batch inserted successfully: 20 records
2025-11-05 18:52:14.680 [INFO] [MONGO_WRITE] [PERIODIC] | ✅ Batch inserted successfully: 20 records
2025-11-05 18:52:14.879 [INFO] [MONGO_WRITE] [PERIODIC] | ✅ Batch inserted successfully: 20 records
2025-11-05 18:52:15.081 [INFO] [MONGO_WRITE] [PERIODIC] | ✅ Batch inserted successfully: 20 records
2025-11-05 18:52:15.278 [INFO] [MONGO_WRITE] [PERIODIC] | ✅ Batch inserted successfully: 20 records
2025-11-05 18:52:15.479 [INFO] [MONGO_WRITE] [PERIODIC] | ✅ Batch inserted successfully: 20 records
2025-11-05 18:52:15.679 [INFO] [MONGO_WRITE] [PERIODIC] | ✅ Batch inserted successfully: 20 records
2025-11-05 18:52:15.878 [INFO] [MONGO_WRITE] [PERIODIC] | ✅ Batch inserted successfully: 20 records
2025-11-05 18:52:16.078 [INFO] [MONGO_WRITE] [PERIODIC] | ✅ Batch inserted successfully: 20 records
2025-11-05 18:52:16.279 [INFO] [MONGO_WRITE] [PERIODIC] | ✅ Batch inserted successfully: 20 records
2025-11-05 18:52:16.479 [INFO] [MONGO_WRITE] [PERIODIC] | ✅ Batch inserted successfully: 20 records
2025-11-05 18:52:16.679 [INFO] [MONGO_WRITE] [PERIODIC] | ✅ Batch inserted successfully: 20 records
2025-11-05 18:52:16.878 [INFO] [MONGO_WRITE] [PERIODIC] | ✅ Batch inserted successfully: 20 records
2025-11-05 18:52:17.079 [INFO] [MONGO_WRITE] [PERIODIC] | ✅ Batch inserted successfully: 20 records
2025-11-05 18:52:17.304 [INFO] [MONGO_WRITE] [PERIODIC] | ✅ Batch inserted successfully: 19 records
2025-11-05 18:52:17.479 [INFO] [MONGO_WRITE] [PERIODIC] | ✅ Batch inserted successfully: 20 records
2025-11-05 18:52:17.679 [INFO] [MONGO_WRITE] [PERIODIC] | ✅ Batch inserted successfully: 20 records
2025-11-05 18:52:17.878 [INFO] [MONGO_WRITE] [PERIODIC] | ✅ Batch inserted successfully: 20 records
2025-11-05 18:52:18.079 [INFO] [MONGO_WRITE] [PERIODIC] | ✅ Batch inserted successfully: 20 records
2025-11-05 18:52:18.279 [INFO] [MONGO_WRITE] [PERIODIC] | ✅ Batch inserted successfully: 20 records
2025-11-05 18:52:18.478 [INFO] [MONGO_WRITE] [PERIODIC] | ✅ Batch inserted successfully: 20 records
2025-11-05 18:52:18.679 [INFO] [MONGO_WRITE] [PERIODIC] | ✅ Batch inserted successfully: 20 records
2025-11-05 18:52:18.880 [INFO] [MONGO_WRITE] [PERIODIC] | ✅ Batch inserted successfully: 20 records
2025-11-05 18:52:19.079 [INFO] [MONGO_WRITE] [PERIODIC] | ✅ Batch inserted successfully: 20 records
2025-11-05 18:52:19.279 [INFO] [MONGO_WRITE] [PERIODIC] | ✅ Batch inserted successfully: 20 records
2025-11-05 18:52:19.479 [INFO] [MONGO_WRITE] [PERIODIC] | ✅ Batch inserted successfully: 20 records
2025-11-05 18:52:19.679 [INFO] [MONGO_WRITE] [PERIODIC] | ✅ Batch inserted successfully: 20 records
2025-11-05 18:52:19.879 [INFO] [MONGO_WRITE] [PERIODIC] | ✅ Batch inserted successfully: 20 records
2025-11-05 18:52:20.079 [INFO] [MONGO_WRITE] [PERIODIC] | ✅ Batch inserted successfully: 20 records
2025-11-05 18:52:20.280 [INFO] [MONGO_WRITE] [PERIODIC] | ✅ Batch inserted successfully: 20 records
2025-11-05 18:52:20.479 [INFO] [MONGO_WRITE] [PERIODIC] | ✅ Batch inserted successfully: 20 records
2025-11-05 18:52:20.679 [INFO] [MONGO_WRITE] [PERIODIC] | ✅ Batch inserted successfully: 20 records
2025-11-05 18:52:20.882 [INFO] [MONGO_WRITE] [PERIODIC] | ✅ Batch inserted successfully: 20 records
2025-11-05 18:52:21.079 [INFO] [MONGO_WRITE] [PERIODIC] | ✅ Batch inserted successfully: 20 records
2025-11-05 18:52:21.279 [INFO] [MONGO_WRITE] [PERIODIC] | ✅ Batch inserted successfully: 20 records
2025-11-05 18:52:21.479 [INFO] [MONGO_WRITE] [PERIODIC] | ✅ Batch inserted successfully: 20 records
2025-11-05 18:52:21.679 [INFO] [MONGO_WRITE] [PERIODIC] | ✅ Batch inserted successfully: 20 records
2025-11-05 18:52:21.879 [INFO] [MONGO_WRITE] [PERIODIC] | ✅ Batch inserted successfully: 20 records
2025-11-05 18:52:22.079 [INFO] [MONGO_WRITE] [PERIODIC] | ✅ Batch inserted successfully: 20 records
2025-11-05 18:52:22.279 [INFO] [MONGO_WRITE] [PERIODIC] | ✅ Batch inserted successfully: 20 records
2025-11-05 18:52:22.479 [INFO] [MONGO_WRITE] [PERIODIC] | ✅ Batch inserted successfully: 20 records
2025-11-05 18:52:22.679 [INFO] [MONGO_WRITE] [PERIODIC] | ✅ Batch inserted successfully: 20 records
2025-11-05 18:52:22.879 [INFO] [MONGO_WRITE] [PERIODIC] | ✅ Batch inserted successfully: 20 records
2025-11-05 18:52:23.078 [INFO] [MONGO_WRITE] [PERIODIC] | ✅ Batch inserted successfully: 20 records
2025-11-05 18:52:23.278 [INFO] [MONGO_WRITE] [PERIODIC] | ✅ Batch inserted successfully: 20 records
2025-11-05 18:52:23.478 [INFO] [MONGO_WRITE] [PERIODIC] | ✅ Batch inserted successfully: 20 records
2025-11-05 18:52:23.679 [INFO] [MONGO_WRITE] [PERIODIC] | ✅ Batch inserted successfully: 20 records
2025-11-05 18:52:23.879 [INFO] [MONGO_WRITE] [PERIODIC] | ✅ Batch inserted successfully: 20 records
2025-11-05 18:52:24.079 [INFO] [MONGO_WRITE] [PERIODIC] | ✅ Batch inserted successfully: 20 records
2025-11-05 18:52:24.279 [INFO] [MONGO_WRITE] [PERIODIC] | ✅ Batch inserted successfully: 20 records
2025-11-05 18:52:24.479 [INFO] [MONGO_WRITE] [PERIODIC] | ✅ Batch inserted successfully: 20 records
2025-11-05 18:52:24.679 [INFO] [MONGO_WRITE] [PERIODIC] | ✅ Batch inserted successfully: 20 records
2025-11-05 18:52:24.879 [INFO] [MONGO_WRITE] [PERIODIC] | ✅ Batch inserted successfully: 20 records
2025-11-05 18:52:25.079 [INFO] [MONGO_WRITE] [PERIODIC] | ✅ Batch inserted successfully: 20 records
2025-11-05 18:52:25.279 [INFO] [MONGO_WRITE] [PERIODIC] | ✅ Batch inserted successfully: 20 records
2025-11-05 18:52:25.480 [INFO] [MONGO_WRITE] [PERIODIC] | ✅ Batch inserted successfully: 20 records
2025-11-05 18:52:25.679 [INFO] [MONGO_WRITE] [PERIODIC] | ✅ Batch inserted successfully: 20 records
2025-11-05 18:52:25.879 [INFO] [MONGO_WRITE] [PERIODIC] | ✅ Batch inserted successfully: 20 records
2025-11-05 18:52:26.080 [INFO] [MONGO_WRITE] [PERIODIC] | ✅ Batch inserted successfully: 20 records
2025-11-05 18:52:26.279 [INFO] [MONGO_WRITE] [PERIODIC] | ✅ Batch inserted successfully: 20 records
2025-11-05 18:52:26.479 [INFO] [MONGO_WRITE] [PERIODIC] | ✅ Batch inserted successfully: 20 records
2025-11-05 18:52:26.681 [INFO] [MONGO_WRITE] [PERIODIC] | ✅ Batch inserted successfully: 20 records
2025-11-05 18:52:26.878 [INFO] [MONGO_WRITE] [PERIODIC] | ✅ Batch inserted successfully: 20 records
2025-11-05 18:52:27.079 [INFO] [MONGO_WRITE] [PERIODIC] | ✅ Batch inserted successfully: 20 records
2025-11-05 18:52:27.279 [INFO] [MONGO_WRITE] [PERIODIC] | ✅ Batch inserted successfully: 20 records
2025-11-05 18:52:27.479 [INFO] [MONGO_WRITE] [PERIODIC] | ✅ Batch inserted successfully: 20 records
2025-11-05 18:52:27.678 [INFO] [MONGO_WRITE] [PERIODIC] | ✅ Batch inserted successfully: 20 records
2025-11-05 18:52:27.878 [INFO] [MONGO_WRITE] [PERIODIC] | ✅ Batch inserted successfully: 20 records
2025-11-05 18:52:28.079 [INFO] [MONGO_WRITE] [PERIODIC] | ✅ Batch inserted successfully: 20 records
2025-11-05 18:52:28.279 [INFO] [MONGO_WRITE] [PERIODIC] | ✅ Batch inserted successfully: 20 records
2025-11-05 18:52:28.478 [INFO] [MONGO_WRITE] [PERIODIC] | ✅ Batch inserted successfully: 20 records
2025-11-05 18:52:28.679 [INFO] [MONGO_WRITE] [PERIODIC] | ✅ Batch inserted successfully: 20 records
2025-11-05 18:52:28.879 [INFO] [MONGO_WRITE] [PERIODIC] | ✅ Batch inserted successfully: 20 records
2025-11-05 18:52:29.078 [INFO] [MONGO_WRITE] [PERIODIC] | ✅ Batch inserted successfully: 20 records
2025-11-05 18:52:29.278 [INFO] [MONGO_WRITE] [PERIODIC] | ✅ Batch inserted successfully: 20 records
2025-11-05 18:52:29.479 [INFO] [MONGO_WRITE] [PERIODIC] | ✅ Batch inserted successfully: 20 records
2025-11-05 18:52:29.684 [INFO] [MONGO_WRITE] [PERIODIC] | ✅ Batch inserted successfully: 20 records
2025-11-05 18:52:29.879 [INFO] [MONGO_WRITE] [PERIODIC] | ✅ Batch inserted successfully: 20 records
2025-11-05 18:52:30.079 [INFO] [MONGO_WRITE] [PERIODIC] | ✅ Batch inserted successfully: 20 records
2025-11-05 18:52:30.281 [INFO] [MONGO_WRITE] [PERIODIC] | ✅ Batch inserted successfully: 20 records
2025-11-05 18:52:30.479 [INFO] [MONGO_WRITE] [PERIODIC] | ✅ Batch inserted successfully: 20 records
2025-11-05 18:52:30.679 [INFO] [MONGO_WRITE] [PERIODIC] | ✅ Batch inserted successfully: 20 records
2025-11-05 18:52:30.879 [INFO] [MONGO_WRITE] [PERIODIC] | ✅ Batch inserted successfully: 20 records
2025-11-05 18:52:31.079 [INFO] [MONGO_WRITE] [PERIODIC] | ✅ Batch inserted successfully: 20 records
2025-11-05 18:52:31.280 [INFO] [MONGO_WRITE] [PERIODIC] | ✅ Batch inserted successfully: 20 records
2025-11-05 18:52:31.480 [INFO] [MONGO_WRITE] [PERIODIC] | ✅ Batch inserted successfully: 20 records
2025-11-05 18:52:31.680 [INFO] [MONGO_WRITE] [PERIODIC] | ✅ Batch inserted successfully: 20 records
2025-11-05 18:52:31.879 [INFO] [MONGO_WRITE] [PERIODIC] | ✅ Batch inserted successfully: 20 records
2025-11-05 18:52:32.079 [INFO] [MONGO_WRITE] [PERIODIC] | ✅ Batch inserted successfully: 20 records
2025-11-05 18:52:32.281 [INFO] [MONGO_WRITE] [PERIODIC] | ✅ Batch inserted successfully: 20 records
2025-11-05 18:52:32.479 [INFO] [MONGO_WRITE] [PERIODIC] | ✅ Batch inserted successfully: 20 records
2025-11-05 18:52:32.681 [INFO] [MONGO_WRITE] [PERIODIC] | ✅ Batch inserted successfully: 20 records
2025-11-05 18:52:32.879 [INFO] [MONGO_WRITE] [PERIODIC] | ✅ Batch inserted successfully: 20 records
2025-11-05 18:52:33.086 [INFO] [MONGO_WRITE] [PERIODIC] | ✅ Batch inserted successfully: 20 records
2025-11-05 18:52:33.279 [INFO] [MONGO_WRITE] [PERIODIC] | ✅ Batch inserted successfully: 20 records
2025-11-05 18:52:33.479 [INFO] [MONGO_WRITE] [PERIODIC] | ✅ Batch inserted successfully: 20 records
2025-11-05 18:52:33.678 [INFO] [MONGO_WRITE] [PERIODIC] | ✅ Batch inserted successfully: 20 records
2025-11-05 18:52:33.879 [INFO] [MONGO_WRITE] [PERIODIC] | ✅ Batch inserted successfully: 20 records
2025-11-05 18:52:34.079 [INFO] [MONGO_WRITE] [PERIODIC] | ✅ Batch inserted successfully: 20 records
2025-11-05 18:52:34.279 [INFO] [MONGO_WRITE] [PERIODIC] | ✅ Batch inserted successfully: 20 records
2025-11-05 18:52:34.479 [INFO] [MONGO_WRITE] [PERIODIC] | ✅ Batch inserted successfully: 20 records
2025-11-05 18:52:34.679 [INFO] [MONGO_WRITE] [PERIODIC] | ✅ Batch inserted successfully: 20 records
2025-11-05 18:52:34.879 [INFO] [MONGO_WRITE] [PERIODIC] | ✅ Batch inserted successfully: 20 records
2025-11-05 18:52:35.079 [INFO] [MONGO_WRITE] [PERIODIC] | ✅ Batch inserted successfully: 20 records
2025-11-05 18:52:35.279 [INFO] [MONGO_WRITE] [PERIODIC] | ✅ Batch inserted successfully: 20 records
2025-11-05 18:52:35.479 [INFO] [MONGO_WRITE] [PERIODIC] | ✅ Batch inserted successfully: 20 records
2025-11-05 18:52:35.679 [INFO] [MONGO_WRITE] [PERIODIC] | ✅ Batch inserted successfully: 20 records
2025-11-05 18:52:35.879 [INFO] [MONGO_WRITE] [PERIODIC] | ✅ Batch inserted successfully: 20 records
2025-11-05 18:52:36.080 [INFO] [MONGO_WRITE] [PERIODIC] | ✅ Batch inserted successfully: 20 records
2025-11-05 18:52:36.282 [INFO] [MONGO_WRITE] [PERIODIC] | ✅ Batch inserted successfully: 20 records
2025-11-05 18:52:36.479 [INFO] [MONGO_WRITE] [PERIODIC] | ✅ Batch inserted successfully: 20 records
2025-11-05 18:52:36.680 [INFO] [MONGO_WRITE] [PERIODIC] | ✅ Batch inserted successfully: 20 records
2025-11-05 18:52:36.879 [INFO] [MONGO_WRITE] [PERIODIC] | ✅ Batch inserted successfully: 20 records
2025-11-05 18:52:37.079 [INFO] [MONGO_WRITE] [PERIODIC] | ✅ Batch inserted successfully: 20 records
2025-11-05 18:52:37.279 [INFO] [MONGO_WRITE] [PERIODIC] | ✅ Batch inserted successfully: 20 records
2025-11-05 18:52:37.479 [INFO] [MONGO_WRITE] [PERIODIC] | ✅ Batch inserted successfully: 20 records
2025-11-05 18:52:37.679 [INFO] [MONGO_WRITE] [PERIODIC] | ✅ Batch inserted successfully: 20 records
2025-11-05 18:52:37.879 [INFO] [MONGO_WRITE] [PERIODIC] | ✅ Batch inserted successfully: 20 records
2025-11-05 18:52:38.079 [INFO] [MONGO_WRITE] [PERIODIC] | ✅ Batch inserted successfully: 20 records
2025-11-05 18:52:38.279 [INFO] [MONGO_WRITE] [PERIODIC] | ✅ Batch inserted successfully: 20 records
2025-11-05 18:52:38.482 [INFO] [MONGO_WRITE] [PERIODIC] | ✅ Batch inserted successfully: 20 records
2025-11-05 18:52:38.679 [INFO] [MONGO_WRITE] [PERIODIC] | ✅ Batch inserted successfully: 20 records
2025-11-05 18:52:38.879 [INFO] [MONGO_WRITE] [PERIODIC] | ✅ Batch inserted successfully: 20 records
2025-11-05 18:52:39.079 [INFO] [MONGO_WRITE] [PERIODIC] | ✅ Batch inserted successfully: 20 records
2025-11-05 18:52:39.278 [INFO] [MONGO_WRITE] [PERIODIC] | ✅ Batch inserted successfully: 20 records
2025-11-05 18:52:39.479 [INFO] [MONGO_WRITE] [PERIODIC] | ✅ Batch inserted successfully: 20 records
2025-11-05 18:52:39.679 [INFO] [MONGO_WRITE] [PERIODIC] | ✅ Batch inserted successfully: 20 records
2025-11-05 18:52:39.878 [INFO] [MONGO_WRITE] [PERIODIC] | ✅ Batch inserted successfully: 20 records
2025-11-05 18:52:40.079 [INFO] [MONGO_WRITE] [PERIODIC] | ✅ Batch inserted successfully: 20 records
2025-11-05 18:52:40.279 [INFO] [MONGO_WRITE] [PERIODIC] | ✅ Batch inserted successfully: 20 records
2025-11-05 18:52:40.479 [INFO] [MONGO_WRITE] [PERIODIC] | ✅ Batch inserted successfully: 20 records
2025-11-05 18:52:40.679 [INFO] [MONGO_WRITE] [PERIODIC] | ✅ Batch inserted successfully: 20 records
2025-11-05 18:52:40.879 [INFO] [MONGO_WRITE] [PERIODIC] | ✅ Batch inserted successfully: 20 records
2025-11-05 18:52:41.078 [INFO] [MONGO_WRITE] [PERIODIC] | ✅ Batch inserted successfully: 20 records
2025-11-05 18:52:41.279 [INFO] [MONGO_WRITE] [PERIODIC] | ✅ Batch inserted successfully: 20 records
2025-11-05 18:52:41.479 [INFO] [MONGO_WRITE] [PERIODIC] | ✅ Batch inserted successfully: 20 records
2025-11-05 18:52:41.679 [INFO] [MONGO_WRITE] [PERIODIC] | ✅ Batch inserted successfully: 20 records
2025-11-05 18:52:41.879 [INFO] [MONGO_WRITE] [PERIODIC] | ✅ Batch inserted successfully: 20 records
2025-11-05 18:52:42.078 [INFO] [MONGO_WRITE] [PERIODIC] | ✅ Batch inserted successfully: 20 records
2025-11-05 18:52:42.280 [INFO] [MONGO_WRITE] [PERIODIC] | ✅ Batch inserted successfully: 20 records
2025-11-05 18:52:42.479 [INFO] [MONGO_WRITE] [PERIODIC] | ✅ Batch inserted successfully: 20 records
2025-11-05 18:52:42.679 [INFO] [MONGO_WRITE] [PERIODIC] | ✅ Batch inserted successfully: 20 records
2025-11-05 18:52:42.902 [INFO] [MONGO_WRITE] [PERIODIC] | ✅ Batch inserted successfully: 19 records
2025-11-05 18:52:43.078 [INFO] [MONGO_WRITE] [PERIODIC] | ✅ Batch inserted successfully: 20 records
2025-11-05 18:52:43.280 [INFO] [MONGO_WRITE] [PERIODIC] | ✅ Batch inserted successfully: 20 records
2025-11-05 18:52:43.479 [INFO] [MONGO_WRITE] [PERIODIC] | ✅ Batch inserted successfully: 20 records
2025-11-05 18:52:43.679 [INFO] [MONGO_WRITE] [PERIODIC] | ✅ Batch inserted successfully: 20 records
2025-11-05 18:52:43.879 [INFO] [MONGO_WRITE] [PERIODIC] | ✅ Batch inserted successfully: 20 records
2025-11-05 18:52:44.080 [INFO] [MONGO_WRITE] [PERIODIC] | ✅ Batch inserted successfully: 20 records
2025-11-05 18:52:44.282 [INFO] [MONGO_WRITE] [PERIODIC] | ✅ Batch inserted successfully: 20 records
2025-11-05 18:52:44.478 [INFO] [MONGO_WRITE] [PERIODIC] | ✅ Batch inserted successfully: 20 records
2025-11-05 18:52:44.679 [INFO] [MONGO_WRITE] [PERIODIC] | ✅ Batch inserted successfully: 20 records
2025-11-05 18:52:44.879 [INFO] [MONGO_WRITE] [PERIODIC] | ✅ Batch inserted successfully: 20 records
2025-11-05 18:52:45.079 [INFO] [MONGO_WRITE] [PERIODIC] | ✅ Batch inserted successfully: 20 records
2025-11-05 18:52:45.279 [INFO] [MONGO_WRITE] [PERIODIC] | ✅ Batch inserted successfully: 20 records
2025-11-05 18:52:45.479 [INFO] [MONGO_WRITE] [PERIODIC] | ✅ Batch inserted successfully: 20 records
2025-11-05 18:52:45.679 [INFO] [MONGO_WRITE] [PERIODIC] | ✅ Batch inserted successfully: 20 records
2025-11-05 18:52:45.879 [INFO] [MONGO_WRITE] [PERIODIC] | ✅ Batch inserted successfully: 20 records
2025-11-05 18:52:46.079 [INFO] [MONGO_WRITE] [PERIODIC] | ✅ Batch inserted successfully: 20 records
2025-11-05 18:52:46.278 [INFO] [MONGO_WRITE] [PERIODIC] | ✅ Batch inserted successfully: 20 records
2025-11-05 18:52:46.479 [INFO] [MONGO_WRITE] [PERIODIC] | ✅ Batch inserted successfully: 20 records
2025-11-05 18:52:46.679 [INFO] [MONGO_WRITE] [PERIODIC] | ✅ Batch inserted successfully: 20 records
2025-11-05 18:52:46.879 [INFO] [MONGO_WRITE] [PERIODIC] | ✅ Batch inserted successfully: 20 records
2025-11-05 18:52:47.081 [INFO] [MONGO_WRITE] [PERIODIC] | ✅ Batch inserted successfully: 6 records
2025-11-05 18:59:38.543 [INFO] [SHUTDOWN] [no-uuid-found] | Shutdown signal received
2025-11-05 18:59:38.545 [INFO] [SHUTDOWN] [no-uuid-found] | Starting graceful shutdown...
2025-11-05 18:59:39.047 [INFO] [SHUTDOWN] [no-uuid-found] | Shutdown complete. Recv: 6000, Raw: 6000, Proc: 6000, Insert: 6000, Unknown: 0, Failed: 0
2025-11-05 18:59:39.047 [INFO] [SHUTDOWN] [no-uuid-found] | Server exited gracefully
