2025-10-30 15:12:57.399 [INFO] [STARTUP] [no-uuid-found] | Starting Solar Monitoring System...
2025-10-30 15:12:57.423 [INFO] [INIT] [no-uuid-found] | Data receiver initialized with mongo
2025-10-30 15:13:15.242 [INFO] [MONGO_WRITE] [PERIODIC] | ✅ Batch inserted successfully: 94 records
2025-10-30 15:13:15.392 [INFO] [MONGO_WRITE] [a802e773-523c-45] | ✅ Batch inserted successfully: 100 records
2025-10-30 15:13:15.424 [INFO] [MONGO_WRITE] [PERIODIC] | ✅ Batch inserted successfully: 20 records
2025-10-30 15:13:15.591 [INFO] [MONGO_WRITE] [bb48c197-207e-41] | ✅ Batch inserted successfully: 100 records
2025-10-30 15:13:15.625 [INFO] [MONGO_WRITE] [PERIODIC] | ✅ Batch inserted successfully: 20 records
2025-10-30 15:13:15.791 [INFO] [MONGO_WRITE] [1b983c5e-56e7-40] | ✅ Batch inserted successfully: 100 records
2025-10-30 15:13:15.824 [INFO] [MONGO_WRITE] [PERIODIC] | ✅ Batch inserted successfully: 20 records
2025-10-30 15:13:15.992 [INFO] [MONGO_WRITE] [b94efd4b-6684-4e] | ✅ Batch inserted successfully: 100 records
2025-10-30 15:13:16.026 [INFO] [MONGO_WRITE] [PERIODIC] | ✅ Batch inserted successfully: 20 records
2025-10-30 15:13:16.192 [INFO] [MONGO_WRITE] [d929818d-d0e6-47] | ✅ Batch inserted successfully: 100 records
2025-10-30 15:13:16.225 [INFO] [MONGO_WRITE] [PERIODIC] | ✅ Batch inserted successfully: 20 records
2025-10-30 15:13:16.389 [INFO] [MONGO_WRITE] [87076178-5d02-44] | ✅ Batch inserted successfully: 100 records
2025-10-30 15:13:16.424 [INFO] [MONGO_WRITE] [PERIODIC] | ✅ Batch inserted successfully: 20 records
2025-10-30 15:13:16.591 [INFO] [MONGO_WRITE] [cb95715a-d6d7-44] | ✅ Batch inserted successfully: 100 records
2025-10-30 15:13:16.624 [INFO] [MONGO_WRITE] [PERIODIC] | ✅ Batch inserted successfully: 20 records
2025-10-30 15:13:16.791 [INFO] [MONGO_WRITE] [68984fa7-f3ea-46] | ✅ Batch inserted successfully: 100 records
2025-10-30 15:13:16.826 [INFO] [MONGO_WRITE] [PERIODIC] | ✅ Batch inserted successfully: 20 records
2025-10-30 15:13:16.996 [INFO] [MONGO_WRITE] [87003c62-ec6a-44] | ✅ Batch inserted successfully: 100 records
2025-10-30 15:13:17.023 [INFO] [MONGO_WRITE] [PERIODIC] | ✅ Batch inserted successfully: 20 records
2025-10-30 15:13:17.191 [INFO] [MONGO_WRITE] [347dbbb0-132e-49] | ✅ Batch inserted successfully: 100 records
2025-10-30 15:13:17.224 [INFO] [MONGO_WRITE] [PERIODIC] | ✅ Batch inserted successfully: 20 records
2025-10-30 15:13:17.391 [INFO] [MONGO_WRITE] [da9ab480-1149-43] | ✅ Batch inserted successfully: 100 records
2025-10-30 15:13:17.424 [INFO] [MONGO_WRITE] [PERIODIC] | ✅ Batch inserted successfully: 20 records
2025-10-30 15:13:17.617 [INFO] [MONGO_WRITE] [a4258bfb-61ff-45] | ✅ Batch inserted successfully: 100 records
2025-10-30 15:13:17.623 [INFO] [MONGO_WRITE] [PERIODIC] | ✅ Batch inserted successfully: 4 records
2025-10-30 15:13:17.796 [INFO] [MONGO_WRITE] [25b9b921-9fe8-45] | ✅ Batch inserted successfully: 100 records
2025-10-30 15:13:17.824 [INFO] [MONGO_WRITE] [PERIODIC] | ✅ Batch inserted successfully: 18 records
2025-10-30 15:13:17.996 [INFO] [MONGO_WRITE] [2331af91-b91a-4b] | ✅ Batch inserted successfully: 100 records
2025-10-30 15:13:18.023 [INFO] [MONGO_WRITE] [PERIODIC] | ✅ Batch inserted successfully: 19 records
2025-10-30 15:13:18.193 [INFO] [MONGO_WRITE] [2b14440f-3a01-45] | ✅ Batch inserted successfully: 100 records
2025-10-30 15:13:18.224 [INFO] [MONGO_WRITE] [PERIODIC] | ✅ Batch inserted successfully: 20 records
2025-10-30 15:13:18.390 [INFO] [MONGO_WRITE] [7eaba64d-662e-49] | ✅ Batch inserted successfully: 100 records
2025-10-30 15:13:18.425 [INFO] [MONGO_WRITE] [PERIODIC] | ✅ Batch inserted successfully: 20 records
2025-10-30 15:13:18.595 [INFO] [MONGO_WRITE] [866d123e-5263-4c] | ✅ Batch inserted successfully: 100 records
2025-10-30 15:13:18.624 [INFO] [MONGO_WRITE] [PERIODIC] | ✅ Batch inserted successfully: 19 records
2025-10-30 15:13:18.791 [INFO] [MONGO_WRITE] [0ec7d6b5-53a4-4a] | ✅ Batch inserted successfully: 100 records
2025-10-30 15:13:18.826 [INFO] [MONGO_WRITE] [PERIODIC] | ✅ Batch inserted successfully: 20 records
2025-10-30 15:13:18.997 [INFO] [MONGO_WRITE] [70ea9cab-d0cb-44] | ✅ Batch inserted successfully: 100 records
2025-10-30 15:13:19.024 [INFO] [MONGO_WRITE] [PERIODIC] | ✅ Batch inserted successfully: 18 records
2025-10-30 15:13:19.190 [INFO] [MONGO_WRITE] [026f724f-f3df-47] | ✅ Batch inserted successfully: 100 records
2025-10-30 15:13:19.224 [INFO] [MONGO_WRITE] [PERIODIC] | ✅ Batch inserted successfully: 19 records
2025-10-30 15:13:19.389 [INFO] [MONGO_WRITE] [3dc21956-e794-4b] | ✅ Batch inserted successfully: 100 records
2025-10-30 15:13:19.424 [INFO] [MONGO_WRITE] [PERIODIC] | ✅ Batch inserted successfully: 21 records
2025-10-30 15:13:19.591 [INFO] [MONGO_WRITE] [4a70e162-a4a3-44] | ✅ Batch inserted successfully: 100 records
2025-10-30 15:13:19.627 [INFO] [MONGO_WRITE] [PERIODIC] | ✅ Batch inserted successfully: 20 records
2025-10-30 15:13:19.791 [INFO] [MONGO_WRITE] [1a26a1cf-0b0b-4b] | ✅ Batch inserted successfully: 100 records
2025-10-30 15:13:19.825 [INFO] [MONGO_WRITE] [PERIODIC] | ✅ Batch inserted successfully: 20 records
2025-10-30 15:13:19.997 [INFO] [MONGO_WRITE] [2e7cdfab-ca36-44] | ✅ Batch inserted successfully: 100 records
2025-10-30 15:13:20.025 [INFO] [MONGO_WRITE] [PERIODIC] | ✅ Batch inserted successfully: 20 records
2025-10-30 15:13:20.205 [INFO] [MONGO_WRITE] [ea9fe8b3-fa91-4f] | ✅ Batch inserted successfully: 100 records
2025-10-30 15:13:20.223 [INFO] [MONGO_WRITE] [PERIODIC] | ✅ Batch inserted successfully: 11 records
2025-10-30 15:13:20.390 [INFO] [MONGO_WRITE] [3fa00666-220e-4f] | ✅ Batch inserted successfully: 100 records
2025-10-30 15:13:20.425 [INFO] [MONGO_WRITE] [PERIODIC] | ✅ Batch inserted successfully: 20 records
2025-10-30 15:13:20.591 [INFO] [MONGO_WRITE] [547d1920-cd25-40] | ✅ Batch inserted successfully: 100 records
2025-10-30 15:13:20.626 [INFO] [MONGO_WRITE] [PERIODIC] | ✅ Batch inserted successfully: 20 records
2025-10-30 15:13:20.791 [INFO] [MONGO_WRITE] [43ea9c6c-0d34-4a] | ✅ Batch inserted successfully: 100 records
2025-10-30 15:13:20.825 [INFO] [MONGO_WRITE] [PERIODIC] | ✅ Batch inserted successfully: 20 records
2025-10-30 15:13:20.996 [INFO] [MONGO_WRITE] [1cbedeeb-470c-40] | ✅ Batch inserted successfully: 100 records
2025-10-30 15:13:21.024 [INFO] [MONGO_WRITE] [PERIODIC] | ✅ Batch inserted successfully: 19 records
2025-10-30 15:13:21.190 [INFO] [MONGO_WRITE] [4abee55f-58de-43] | ✅ Batch inserted successfully: 100 records
2025-10-30 15:13:21.225 [INFO] [MONGO_WRITE] [PERIODIC] | ✅ Batch inserted successfully: 20 records
2025-10-30 15:13:21.392 [INFO] [MONGO_WRITE] [e1895a6e-00f7-4a] | ✅ Batch inserted successfully: 100 records
2025-10-30 15:13:21.424 [INFO] [MONGO_WRITE] [PERIODIC] | ✅ Batch inserted successfully: 20 records
2025-10-30 15:13:21.590 [INFO] [MONGO_WRITE] [5501ac42-c35a-41] | ✅ Batch inserted successfully: 100 records
2025-10-30 15:13:21.624 [INFO] [MONGO_WRITE] [PERIODIC] | ✅ Batch inserted successfully: 20 records
2025-10-30 15:13:21.792 [INFO] [MONGO_WRITE] [00c6f973-84cf-49] | ✅ Batch inserted successfully: 100 records
2025-10-30 15:13:21.826 [INFO] [MONGO_WRITE] [PERIODIC] | ✅ Batch inserted successfully: 20 records
2025-10-30 15:13:21.990 [INFO] [MONGO_WRITE] [100208b8-f8a1-45] | ✅ Batch inserted successfully: 100 records
2025-10-30 15:13:22.037 [INFO] [MONGO_WRITE] [PERIODIC] | ✅ Batch inserted successfully: 18 records
2025-10-30 15:13:22.187 [INFO] [MONGO_WRITE] [7295b2e4-fb5b-4c] | ✅ Batch inserted successfully: 100 records
2025-10-30 15:13:22.224 [INFO] [MONGO_WRITE] [PERIODIC] | ✅ Batch inserted successfully: 21 records
2025-10-30 15:13:22.394 [INFO] [MONGO_WRITE] [ca5b8931-466a-4f] | ✅ Batch inserted successfully: 100 records
2025-10-30 15:13:22.426 [INFO] [MONGO_WRITE] [PERIODIC] | ✅ Batch inserted successfully: 21 records
2025-10-30 15:13:22.597 [INFO] [MONGO_WRITE] [088fd7b4-a830-4a] | ✅ Batch inserted successfully: 100 records
2025-10-30 15:13:22.625 [INFO] [MONGO_WRITE] [PERIODIC] | ✅ Batch inserted successfully: 19 records
2025-10-30 15:13:22.796 [INFO] [MONGO_WRITE] [be1ae8b6-2acf-46] | ✅ Batch inserted successfully: 100 records
2025-10-30 15:13:22.825 [INFO] [MONGO_WRITE] [PERIODIC] | ✅ Batch inserted successfully: 20 records
2025-10-30 15:13:23.005 [INFO] [MONGO_WRITE] [43f365f8-79d8-4b] | ✅ Batch inserted successfully: 100 records
2025-10-30 15:13:23.023 [INFO] [MONGO_WRITE] [PERIODIC] | ✅ Batch inserted successfully: 11 records
2025-10-30 15:13:23.193 [INFO] [MONGO_WRITE] [cf0d93cf-e810-46] | ✅ Batch inserted successfully: 100 records
2025-10-30 15:13:23.226 [INFO] [MONGO_WRITE] [PERIODIC] | ✅ Batch inserted successfully: 19 records
2025-10-30 15:13:23.390 [INFO] [MONGO_WRITE] [9fd7cdbd-035f-49] | ✅ Batch inserted successfully: 100 records
2025-10-30 15:13:23.424 [INFO] [MONGO_WRITE] [PERIODIC] | ✅ Batch inserted successfully: 20 records
2025-10-30 15:13:23.590 [INFO] [MONGO_WRITE] [9ffab7e3-7875-46] | ✅ Batch inserted successfully: 100 records
2025-10-30 15:13:23.624 [INFO] [MONGO_WRITE] [PERIODIC] | ✅ Batch inserted successfully: 20 records
2025-10-30 15:13:23.798 [INFO] [MONGO_WRITE] [83c96a6a-c9db-44] | ✅ Batch inserted successfully: 100 records
2025-10-30 15:13:23.823 [INFO] [MONGO_WRITE] [PERIODIC] | ✅ Batch inserted successfully: 19 records
2025-10-30 15:13:23.990 [INFO] [MONGO_WRITE] [143ce2ab-8b9c-44] | ✅ Batch inserted successfully: 100 records
2025-10-30 15:13:24.025 [INFO] [MONGO_WRITE] [PERIODIC] | ✅ Batch inserted successfully: 20 records
2025-10-30 15:13:24.190 [INFO] [MONGO_WRITE] [1c598599-3856-4b] | ✅ Batch inserted successfully: 100 records
2025-10-30 15:13:24.224 [INFO] [MONGO_WRITE] [PERIODIC] | ✅ Batch inserted successfully: 20 records
2025-10-30 15:13:24.392 [INFO] [MONGO_WRITE] [3fc5e387-249e-43] | ✅ Batch inserted successfully: 100 records
2025-10-30 15:13:24.425 [INFO] [MONGO_WRITE] [PERIODIC] | ✅ Batch inserted successfully: 20 records
2025-10-30 15:13:24.595 [INFO] [MONGO_WRITE] [36dcc306-e844-44] | ✅ Batch inserted successfully: 100 records
2025-10-30 15:13:24.623 [INFO] [MONGO_WRITE] [PERIODIC] | ✅ Batch inserted successfully: 19 records
2025-10-30 15:13:24.795 [INFO] [MONGO_WRITE] [0c927a61-8031-43] | ✅ Batch inserted successfully: 100 records
2025-10-30 15:13:24.823 [INFO] [MONGO_WRITE] [PERIODIC] | ✅ Batch inserted successfully: 20 records
2025-10-30 15:13:25.002 [INFO] [MONGO_WRITE] [3e621268-dae1-41] | ✅ Batch inserted successfully: 100 records
2025-10-30 15:13:25.023 [INFO] [MONGO_WRITE] [PERIODIC] | ✅ Batch inserted successfully: 20 records
2025-10-30 15:13:25.224 [INFO] [MONGO_WRITE] [PERIODIC] | ✅ Batch inserted successfully: 71 records
2025-10-30 15:14:02.390 [INFO] [MONGO_WRITE] [d33525ca-1b9b-48] | ✅ Batch inserted successfully: 100 records
2025-10-30 15:14:02.421 [INFO] [MONGO_WRITE] [PERIODIC] | ✅ Batch inserted successfully: 19 records
2025-10-30 15:14:02.590 [INFO] [MONGO_WRITE] [2daacfab-bb98-48] | ✅ Batch inserted successfully: 100 records
2025-10-30 15:14:02.622 [INFO] [MONGO_WRITE] [PERIODIC] | ✅ Batch inserted successfully: 20 records
2025-10-30 15:14:02.789 [INFO] [MONGO_WRITE] [cfd8e87a-5716-4d] | ✅ Batch inserted successfully: 100 records
2025-10-30 15:14:02.823 [INFO] [MONGO_WRITE] [PERIODIC] | ✅ Batch inserted successfully: 20 records
2025-10-30 15:14:02.989 [INFO] [MONGO_WRITE] [97311d9f-9ea8-42] | ✅ Batch inserted successfully: 100 records
2025-10-30 15:14:03.026 [INFO] [MONGO_WRITE] [PERIODIC] | ✅ Batch inserted successfully: 19 records
2025-10-30 15:14:03.193 [INFO] [MONGO_WRITE] [eb0b2b50-9bb1-4e] | ✅ Batch inserted successfully: 100 records
2025-10-30 15:14:03.221 [INFO] [MONGO_WRITE] [PERIODIC] | ✅ Batch inserted successfully: 21 records
2025-10-30 15:14:03.392 [INFO] [MONGO_WRITE] [f9dc01b4-3d09-44] | ✅ Batch inserted successfully: 100 records
2025-10-30 15:14:03.443 [INFO] [MONGO_WRITE] [PERIODIC] | ✅ Batch inserted successfully: 16 records
2025-10-30 15:14:03.625 [INFO] [MONGO_WRITE] [PERIODIC] | ✅ Batch inserted successfully: 98 records
2025-10-30 15:14:03.787 [INFO] [MONGO_WRITE] [3b109c4e-b1b9-47] | ✅ Batch inserted successfully: 100 records
2025-10-30 15:14:03.825 [INFO] [MONGO_WRITE] [PERIODIC] | ✅ Batch inserted successfully: 20 records
2025-10-30 15:14:03.992 [INFO] [MONGO_WRITE] [54d34a28-1564-4e] | ✅ Batch inserted successfully: 100 records
2025-10-30 15:14:04.022 [INFO] [MONGO_WRITE] [PERIODIC] | ✅ Batch inserted successfully: 18 records
2025-10-30 15:14:04.193 [INFO] [MONGO_WRITE] [a902297d-2d43-4d] | ✅ Batch inserted successfully: 100 records
2025-10-30 15:14:04.222 [INFO] [MONGO_WRITE] [PERIODIC] | ✅ Batch inserted successfully: 19 records
2025-10-30 15:14:04.410 [INFO] [MONGO_WRITE] [fb23026c-aacf-44] | ✅ Batch inserted successfully: 100 records
2025-10-30 15:14:04.422 [INFO] [MONGO_WRITE] [PERIODIC] | ✅ Batch inserted successfully: 7 records
2025-10-30 15:14:04.591 [INFO] [MONGO_WRITE] [a9e23a28-0d12-46] | ✅ Batch inserted successfully: 100 records
2025-10-30 15:14:04.622 [INFO] [MONGO_WRITE] [PERIODIC] | ✅ Batch inserted successfully: 20 records
2025-10-30 15:14:04.817 [INFO] [MONGO_WRITE] [4a296ca9-e037-4d] | ✅ Batch inserted successfully: 100 records
2025-10-30 15:14:04.824 [INFO] [MONGO_WRITE] [PERIODIC] | ✅ Batch inserted successfully: 2 records
2025-10-30 15:14:04.989 [INFO] [MONGO_WRITE] [355c3b3b-1f49-40] | ✅ Batch inserted successfully: 100 records
2025-10-30 15:14:05.024 [INFO] [MONGO_WRITE] [PERIODIC] | ✅ Batch inserted successfully: 20 records
2025-10-30 15:14:05.200 [INFO] [MONGO_WRITE] [da32f780-9ae9-44] | ✅ Batch inserted successfully: 100 records
2025-10-30 15:14:05.235 [INFO] [MONGO_WRITE] [PERIODIC] | ✅ Batch inserted successfully: 18 records
2025-10-30 15:14:05.404 [INFO] [MONGO_WRITE] [ba7ac799-83fa-49] | ✅ Batch inserted successfully: 100 records
2025-10-30 15:14:05.421 [INFO] [MONGO_WRITE] [PERIODIC] | ✅ Batch inserted successfully: 10 records
2025-10-30 15:14:05.588 [INFO] [MONGO_WRITE] [14eb3d19-7cc2-48] | ✅ Batch inserted successfully: 100 records
2025-10-30 15:14:05.621 [INFO] [MONGO_WRITE] [PERIODIC] | ✅ Batch inserted successfully: 20 records
2025-10-30 15:14:05.790 [INFO] [MONGO_WRITE] [5f090007-319f-4a] | ✅ Batch inserted successfully: 100 records
2025-10-30 15:14:05.822 [INFO] [MONGO_WRITE] [PERIODIC] | ✅ Batch inserted successfully: 20 records
2025-10-30 15:14:05.989 [INFO] [MONGO_WRITE] [2c815410-451d-43] | ✅ Batch inserted successfully: 100 records
2025-10-30 15:14:06.021 [INFO] [MONGO_WRITE] [PERIODIC] | ✅ Batch inserted successfully: 19 records
2025-10-30 15:14:06.191 [INFO] [MONGO_WRITE] [8180556e-cae5-4d] | ✅ Batch inserted successfully: 100 records
2025-10-30 15:14:06.221 [INFO] [MONGO_WRITE] [PERIODIC] | ✅ Batch inserted successfully: 20 records
2025-10-30 15:14:06.388 [INFO] [MONGO_WRITE] [9ee8b231-a035-46] | ✅ Batch inserted successfully: 100 records
2025-10-30 15:14:06.421 [INFO] [MONGO_WRITE] [PERIODIC] | ✅ Batch inserted successfully: 20 records
2025-10-30 15:14:06.590 [INFO] [MONGO_WRITE] [f0baafe2-74fa-4a] | ✅ Batch inserted successfully: 100 records
2025-10-30 15:14:06.623 [INFO] [MONGO_WRITE] [PERIODIC] | ✅ Batch inserted successfully: 19 records
2025-10-30 15:14:06.789 [INFO] [MONGO_WRITE] [b8954867-eeba-4c] | ✅ Batch inserted successfully: 100 records
2025-10-30 15:14:06.822 [INFO] [MONGO_WRITE] [PERIODIC] | ✅ Batch inserted successfully: 20 records
2025-10-30 15:14:06.991 [INFO] [MONGO_WRITE] [898f98e4-9709-40] | ✅ Batch inserted successfully: 100 records
2025-10-30 15:14:07.023 [INFO] [MONGO_WRITE] [PERIODIC] | ✅ Batch inserted successfully: 20 records
2025-10-30 15:14:07.195 [INFO] [MONGO_WRITE] [a6e140a0-61d1-42] | ✅ Batch inserted successfully: 100 records
2025-10-30 15:14:07.221 [INFO] [MONGO_WRITE] [PERIODIC] | ✅ Batch inserted successfully: 20 records
2025-10-30 15:14:07.393 [INFO] [MONGO_WRITE] [92e8b206-0e15-47] | ✅ Batch inserted successfully: 100 records
2025-10-30 15:14:07.423 [INFO] [MONGO_WRITE] [PERIODIC] | ✅ Batch inserted successfully: 20 records
2025-10-30 15:14:07.588 [INFO] [MONGO_WRITE] [1001c3bf-a75d-46] | ✅ Batch inserted successfully: 100 records
2025-10-30 15:14:07.622 [INFO] [MONGO_WRITE] [PERIODIC] | ✅ Batch inserted successfully: 19 records
2025-10-30 15:14:07.789 [INFO] [MONGO_WRITE] [7e65fa0e-2b3f-4d] | ✅ Batch inserted successfully: 100 records
2025-10-30 15:14:07.822 [INFO] [MONGO_WRITE] [PERIODIC] | ✅ Batch inserted successfully: 20 records
2025-10-30 15:14:07.989 [INFO] [MONGO_WRITE] [6fff520a-bf88-42] | ✅ Batch inserted successfully: 100 records
2025-10-30 15:14:08.022 [INFO] [MONGO_WRITE] [PERIODIC] | ✅ Batch inserted successfully: 20 records
2025-10-30 15:14:08.194 [INFO] [MONGO_WRITE] [06981fb4-be70-4c] | ✅ Batch inserted successfully: 100 records
2025-10-30 15:14:08.222 [INFO] [MONGO_WRITE] [PERIODIC] | ✅ Batch inserted successfully: 20 records
2025-10-30 15:14:08.388 [INFO] [MONGO_WRITE] [170dc8ee-2972-43] | ✅ Batch inserted successfully: 100 records
2025-10-30 15:14:08.421 [INFO] [MONGO_WRITE] [PERIODIC] | ✅ Batch inserted successfully: 20 records
2025-10-30 15:14:08.588 [INFO] [MONGO_WRITE] [847dadc6-faf3-41] | ✅ Batch inserted successfully: 100 records
2025-10-30 15:14:08.622 [INFO] [MONGO_WRITE] [PERIODIC] | ✅ Batch inserted successfully: 20 records
2025-10-30 15:14:08.791 [INFO] [MONGO_WRITE] [9236d912-1221-4f] | ✅ Batch inserted successfully: 100 records
2025-10-30 15:14:08.821 [INFO] [MONGO_WRITE] [PERIODIC] | ✅ Batch inserted successfully: 19 records
2025-10-30 15:14:08.990 [INFO] [MONGO_WRITE] [9f53cb17-abd1-45] | ✅ Batch inserted successfully: 100 records
2025-10-30 15:14:09.022 [INFO] [MONGO_WRITE] [PERIODIC] | ✅ Batch inserted successfully: 20 records
2025-10-30 15:14:09.192 [INFO] [MONGO_WRITE] [10f1d368-744d-44] | ✅ Batch inserted successfully: 100 records
2025-10-30 15:14:09.221 [INFO] [MONGO_WRITE] [PERIODIC] | ✅ Batch inserted successfully: 20 records
2025-10-30 15:14:09.387 [INFO] [MONGO_WRITE] [715a1723-b421-46] | ✅ Batch inserted successfully: 100 records
2025-10-30 15:14:09.421 [INFO] [MONGO_WRITE] [PERIODIC] | ✅ Batch inserted successfully: 20 records
2025-10-30 15:14:09.588 [INFO] [MONGO_WRITE] [44c40e5a-a3ef-43] | ✅ Batch inserted successfully: 100 records
2025-10-30 15:14:09.622 [INFO] [MONGO_WRITE] [PERIODIC] | ✅ Batch inserted successfully: 20 records
2025-10-30 15:14:09.789 [INFO] [MONGO_WRITE] [631a4911-1dd0-43] | ✅ Batch inserted successfully: 100 records
2025-10-30 15:14:09.821 [INFO] [MONGO_WRITE] [PERIODIC] | ✅ Batch inserted successfully: 20 records
2025-10-30 15:14:09.991 [INFO] [MONGO_WRITE] [85cf700c-d05e-45] | ✅ Batch inserted successfully: 100 records
2025-10-30 15:14:10.024 [INFO] [MONGO_WRITE] [PERIODIC] | ✅ Batch inserted successfully: 20 records
2025-10-30 15:14:10.190 [INFO] [MONGO_WRITE] [8289585c-a1d5-42] | ✅ Batch inserted successfully: 100 records
2025-10-30 15:14:10.222 [INFO] [MONGO_WRITE] [PERIODIC] | ✅ Batch inserted successfully: 19 records
2025-10-30 15:14:10.389 [INFO] [MONGO_WRITE] [f1debe60-4c2e-42] | ✅ Batch inserted successfully: 100 records
2025-10-30 15:14:10.422 [INFO] [MONGO_WRITE] [PERIODIC] | ✅ Batch inserted successfully: 20 records
2025-10-30 15:14:10.590 [INFO] [MONGO_WRITE] [c016d2e2-0bbc-48] | ✅ Batch inserted successfully: 100 records
2025-10-30 15:14:10.622 [INFO] [MONGO_WRITE] [PERIODIC] | ✅ Batch inserted successfully: 19 records
2025-10-30 15:14:10.790 [INFO] [MONGO_WRITE] [560a64b9-121d-45] | ✅ Batch inserted successfully: 100 records
2025-10-30 15:14:10.822 [INFO] [MONGO_WRITE] [PERIODIC] | ✅ Batch inserted successfully: 19 records
2025-10-30 15:14:10.993 [INFO] [MONGO_WRITE] [04d07042-10df-48] | ✅ Batch inserted successfully: 100 records
2025-10-30 15:14:11.021 [INFO] [MONGO_WRITE] [PERIODIC] | ✅ Batch inserted successfully: 20 records
2025-10-30 15:14:11.187 [INFO] [MONGO_WRITE] [3c33bdd6-6c7e-48] | ✅ Batch inserted successfully: 100 records
2025-10-30 15:14:11.222 [INFO] [MONGO_WRITE] [PERIODIC] | ✅ Batch inserted successfully: 20 records
2025-10-30 15:14:11.389 [INFO] [MONGO_WRITE] [38997209-7031-4f] | ✅ Batch inserted successfully: 100 records
2025-10-30 15:14:11.421 [INFO] [MONGO_WRITE] [PERIODIC] | ✅ Batch inserted successfully: 20 records
2025-10-30 15:14:11.598 [INFO] [MONGO_WRITE] [c4e1dea9-2def-49] | ✅ Batch inserted successfully: 100 records
2025-10-30 15:14:11.621 [INFO] [MONGO_WRITE] [PERIODIC] | ✅ Batch inserted successfully: 14 records
2025-10-30 15:14:11.788 [INFO] [MONGO_WRITE] [0f446800-7b75-46] | ✅ Batch inserted successfully: 100 records
2025-10-30 15:14:11.821 [INFO] [MONGO_WRITE] [PERIODIC] | ✅ Batch inserted successfully: 20 records
2025-10-30 15:14:11.992 [INFO] [MONGO_WRITE] [61c84464-82de-43] | ✅ Batch inserted successfully: 100 records
2025-10-30 15:14:12.022 [INFO] [MONGO_WRITE] [PERIODIC] | ✅ Batch inserted successfully: 18 records
2025-10-30 15:14:12.186 [INFO] [MONGO_WRITE] [80e8e35d-d0f1-40] | ✅ Batch inserted successfully: 100 records
2025-10-30 15:14:12.221 [INFO] [MONGO_WRITE] [PERIODIC] | ✅ Batch inserted successfully: 21 records
2025-10-30 15:14:12.422 [INFO] [MONGO_WRITE] [PERIODIC] | ✅ Batch inserted successfully: 87 records
2025-10-30 15:18:19.435 [INFO] [SHUTDOWN] [no-uuid-found] | Shutdown signal received
2025-10-30 15:18:19.437 [INFO] [SHUTDOWN] [no-uuid-found] | Starting graceful shutdown...
2025-10-30 15:18:19.939 [INFO] [SHUTDOWN] [no-uuid-found] | Shutdown complete. Total inserted: 12000, Failed: 0
2025-10-30 15:18:19.940 [INFO] [SHUTDOWN] [no-uuid-found] | Server exited gracefully
